#
# There is insufficient memory for the Java Runtime Environment to continue.
# Native memory allocation (malloc) failed to allocate 1043536 bytes for Chunk::new
# Possible reasons:
#   The system is out of physical RAM or swap space
#   The process is running with CompressedOops enabled, and the Java Heap may be blocking the growth of the native heap
# Possible solutions:
#   Reduce memory load on the system
#   Increase physical memory or swap space
#   Check if swap backing store is full
#   Decrease Java heap size (-Xmx/-Xms)
#   Decrease number of Java threads
#   Decrease Java thread stack sizes (-Xss)
#   Set larger code cache with -XX:ReservedCodeCacheSize=
#   JVM is running with Unscaled Compressed Oops mode in which the Java heap is
#     placed in the first 4GB address space. The Java Heap base address is the
#     maximum limit for the native heap growth. Please use -XX:HeapBaseMinAddress
#     to set the Java Heap base and to place the Java Heap above 4GB virtual address.
# This output file may be truncated or incomplete.
#
#  Out of Memory Error (./src/hotspot/share/memory/arena.cpp:197), pid=11308, tid=12744
#
# JRE version: OpenJDK Runtime Environment Temurin-11.0.17+8 (11.0.17+8) (build 11.0.17+8)
# Java VM: OpenJDK 64-Bit Server VM Temurin-11.0.17+8 (11.0.17+8, mixed mode, tiered, compressed oops, g1 gc, windows-amd64)
# No core dump will be written. Minidumps are not enabled by default on client versions of Windows
#

---------------  S U M M A R Y ------------

Command Line: -XX:MaxMetaspaceSize=512m --add-opens=java.base/java.util=ALL-UNNAMED --add-opens=java.base/java.lang=ALL-UNNAMED --add-opens=java.base/java.lang.invoke=ALL-UNNAMED --add-opens=java.prefs/java.util.prefs=ALL-UNNAMED --add-opens=java.base/java.nio.charset=ALL-UNNAMED --add-opens=java.base/java.net=ALL-UNNAMED --add-opens=java.base/java.util.concurrent.atomic=ALL-UNNAMED -Xmx2048m -Dfile.encoding=windows-1252 -Duser.country=US -Duser.language=en -Duser.variant org.gradle.launcher.daemon.bootstrap.GradleDaemon 8.0.1

Host: Intel(R) Core(TM) i5-6200U CPU @ 2.30GHz, 4 cores, 3G,  Windows 10 , 64 bit Build 19041 (10.0.19041.3636)
Time: Sat Dec  9 20:53:27 2023 Pacific Standard Time elapsed time: 713.587633 seconds (0d 0h 11m 53s)

---------------  T H R E A D  ---------------

Current thread (0x000001e57a8f3800):  JavaThread "C2 CompilerThread0" daemon [_thread_in_native, id=12744, stack(0x000000d7af000000,0x000000d7af100000)]


Current CompileTask:
C2: 713587 7939       4       java.lang.invoke.InvokerBytecodeGenerator::emitImplicitConversion (159 bytes)

Stack: [0x000000d7af000000,0x000000d7af100000]
Native frames: (J=compiled Java code, j=interpreted, Vv=VM code, C=native code)
V  [jvm.dll+0x61f5ba]
V  [jvm.dll+0x7abf79]
V  [jvm.dll+0x7ad668]
V  [jvm.dll+0x7add43]
V  [jvm.dll+0x24fd88]
V  [jvm.dll+0xc262c]
V  [jvm.dll+0xc2bec]
V  [jvm.dll+0x359f42]
V  [jvm.dll+0x326123]
V  [jvm.dll+0x32545a]
V  [jvm.dll+0x209053]
V  [jvm.dll+0x20815d]
V  [jvm.dll+0x18a3b1]
V  [jvm.dll+0x217a34]
V  [jvm.dll+0x215c7b]
V  [jvm.dll+0x76ea70]
V  [jvm.dll+0x7679a4]
V  [jvm.dll+0x61e425]
C  [ucrtbase.dll+0x21bb2]
C  [KERNEL32.DLL+0x17344]
C  [ntdll.dll+0x526b1]


---------------  P R O C E S S  ---------------

Threads class SMR info:
_java_thread_list=0x000001e57fb58a70, length=70, elements={
0x000001e55b887000, 0x000001e57a89c800, 0x000001e57a89d800, 0x000001e57a8ec000,
0x000001e57a8ed800, 0x000001e57a8ee800, 0x000001e57a8f3800, 0x000001e57a8f4800,
0x000001e57aa60800, 0x000001e57aaf7800, 0x000001e57bc18000, 0x000001e57c2c2800,
0x000001e57b2b6000, 0x000001e57b9de000, 0x000001e57c5c8800, 0x000001e57b3e9000,
0x000001e57b521800, 0x000001e57baa4000, 0x000001e57c087000, 0x000001e57c3a9800,
0x000001e57c3ac000, 0x000001e57c3a7000, 0x000001e57c3a9000, 0x000001e57c3aa800,
0x000001e57c3ab000, 0x000001e57c3a6800, 0x000001e57c3ad000, 0x000001e57cc07800,
0x000001e57cc0b000, 0x000001e57cc0a000, 0x000001e57cc0c800, 0x000001e57cc07000,
0x000001e57cc0e800, 0x000001e57cc08800, 0x000001e57cc0f000, 0x000001e57cc15000,
0x000001e57cc10000, 0x000001e57cc15800, 0x000001e57cc09800, 0x000001e57cc10800,
0x000001e57cc11800, 0x000001e57cc12800, 0x000001e57cc14000, 0x000001e57cc13000,
0x000001e57c3a8000, 0x000001e57f2a6800, 0x000001e57f2a5000, 0x000001e57f2a7000,
0x000001e57f2a8000, 0x000001e57f2a9000, 0x000001e57f2a3000, 0x000001e57f2a5800,
0x000001e57f2a9800, 0x000001e57f2a4000, 0x000001e57ef33800, 0x000001e57ef2f800,
0x000001e57ef30000, 0x000001e57ef2d800, 0x000001e57ef31000, 0x000001e57ef31800,
0x000001e57ef32800, 0x000001e57ef34000, 0x000001e57ef2e800, 0x000001e57ef37800,
0x000001e57ef36800, 0x000001e57ef3a000, 0x000001e57ef3a800, 0x000001e57ef38000,
0x000001e57ef35000, 0x000001e57ef3b800
}

Java Threads: ( => current thread )
  0x000001e55b887000 JavaThread "main" [_thread_blocked, id=20128, stack(0x000000d7ae300000,0x000000d7ae400000)]
  0x000001e57a89c800 JavaThread "Reference Handler" daemon [_thread_blocked, id=11892, stack(0x000000d7aeb00000,0x000000d7aec00000)]
  0x000001e57a89d800 JavaThread "Finalizer" daemon [_thread_blocked, id=5828, stack(0x000000d7aec00000,0x000000d7aed00000)]
  0x000001e57a8ec000 JavaThread "Signal Dispatcher" daemon [_thread_blocked, id=13672, stack(0x000000d7aed00000,0x000000d7aee00000)]
  0x000001e57a8ed800 JavaThread "Attach Listener" daemon [_thread_blocked, id=2916, stack(0x000000d7aee00000,0x000000d7aef00000)]
  0x000001e57a8ee800 JavaThread "Service Thread" daemon [_thread_blocked, id=20712, stack(0x000000d7aef00000,0x000000d7af000000)]
=>0x000001e57a8f3800 JavaThread "C2 CompilerThread0" daemon [_thread_in_native, id=12744, stack(0x000000d7af000000,0x000000d7af100000)]
  0x000001e57a8f4800 JavaThread "C1 CompilerThread0" daemon [_thread_blocked, id=584, stack(0x000000d7af100000,0x000000d7af200000)]
  0x000001e57aa60800 JavaThread "Sweeper thread" daemon [_thread_blocked, id=1140, stack(0x000000d7af200000,0x000000d7af300000)]
  0x000001e57aaf7800 JavaThread "Common-Cleaner" daemon [_thread_blocked, id=19392, stack(0x000000d7af300000,0x000000d7af400000)]
  0x000001e57bc18000 JavaThread "Daemon health stats" [_thread_blocked, id=21156, stack(0x000000d7af600000,0x000000d7af700000)]
  0x000001e57c2c2800 JavaThread "Incoming local TCP Connector on port 59290" [_thread_in_native, id=20684, stack(0x000000d7af700000,0x000000d7af800000)]
  0x000001e57b2b6000 JavaThread "Daemon periodic checks" [_thread_blocked, id=20992, stack(0x000000d7af800000,0x000000d7af900000)]
  0x000001e57b9de000 JavaThread "Daemon" [_thread_blocked, id=16036, stack(0x000000d7af900000,0x000000d7afa00000)]
  0x000001e57c5c8800 JavaThread "Handler for socket connection from /127.0.0.1:59290 to /127.0.0.1:59308" [_thread_in_native, id=12620, stack(0x000000d7afa00000,0x000000d7afb00000)]
  0x000001e57b3e9000 JavaThread "Cancel handler" [_thread_blocked, id=4184, stack(0x000000d7afb00000,0x000000d7afc00000)]
  0x000001e57b521800 JavaThread "Daemon worker" [_thread_blocked, id=15332, stack(0x000000d7afe00000,0x000000d7aff00000)]
  0x000001e57baa4000 JavaThread "Asynchronous log dispatcher for DefaultDaemonConnection: socket connection from /127.0.0.1:59290 to /127.0.0.1:59308" [_thread_blocked, id=6276, stack(0x000000d7aff00000,0x000000d7b0000000)]
  0x000001e57c087000 JavaThread "Daemon client event forwarder" [_thread_blocked, id=11304, stack(0x000000d7b0100000,0x000000d7b0200000)]
  0x000001e57c3a9800 JavaThread "Cache worker for journal cache (C:\Users\Ayesha\.gradle\caches\journal-1)" [_thread_blocked, id=8500, stack(0x000000d7b0400000,0x000000d7b0500000)]
  0x000001e57c3ac000 JavaThread "File lock request listener" [_thread_in_native, id=16272, stack(0x000000d7b0500000,0x000000d7b0600000)]
  0x000001e57c3a7000 JavaThread "Cache worker for file hash cache (C:\Users\Ayesha\.gradle\caches\8.0.1\fileHashes)" [_thread_blocked, id=16212, stack(0x000000d7b0600000,0x000000d7b0700000)]
  0x000001e57c3a9000 JavaThread "File watcher server" daemon [_thread_in_native, id=15076, stack(0x000000d7b0800000,0x000000d7b0900000)]
  0x000001e57c3aa800 JavaThread "File watcher consumer" daemon [_thread_blocked, id=7260, stack(0x000000d7b0900000,0x000000d7b0a00000)]
  0x000001e57c3ab000 JavaThread "Cache worker for checksums cache (E:\Workspace\NewFolder\ForEachPartner\android\.gradle\8.0.1\checksums)" [_thread_blocked, id=14768, stack(0x000000d7ae200000,0x000000d7ae300000)]
  0x000001e57c3a6800 JavaThread "Cache worker for cache directory md-rule (C:\Users\Ayesha\.gradle\caches\8.0.1\md-rule)" [_thread_blocked, id=16276, stack(0x000000d7ae400000,0x000000d7ae500000)]
  0x000001e57c3ad000 JavaThread "Cache worker for file content cache (C:\Users\Ayesha\.gradle\caches\8.0.1\fileContent)" [_thread_blocked, id=18004, stack(0x000000d7b0a00000,0x000000d7b0b00000)]
  0x000001e57cc07800 JavaThread "Cache worker for file hash cache (E:\Workspace\NewFolder\ForEachPartner\android\.gradle\8.0.1\fileHashes)" [_thread_blocked, id=2164, stack(0x000000d7b0b00000,0x000000d7b0c00000)]
  0x000001e57cc0b000 JavaThread "Cache worker for cache directory md-supplier (C:\Users\Ayesha\.gradle\caches\8.0.1\md-supplier)" [_thread_blocked, id=8864, stack(0x000000d7b0c00000,0x000000d7b0d00000)]
  0x000001e57cc0a000 JavaThread "Cache worker for execution history cache (C:\Users\Ayesha\.gradle\caches\8.0.1\executionHistory)" [_thread_blocked, id=20212, stack(0x000000d7b0d00000,0x000000d7b0e00000)]
  0x000001e57cc0c800 JavaThread "jar transforms" [_thread_blocked, id=9136, stack(0x000000d7b0e00000,0x000000d7b0f00000)]
  0x000001e57cc07000 JavaThread "jar transforms Thread 2" [_thread_blocked, id=3260, stack(0x000000d7b0f00000,0x000000d7b1000000)]
  0x000001e57cc0e800 JavaThread "jar transforms Thread 3" [_thread_blocked, id=17712, stack(0x000000d7b1000000,0x000000d7b1100000)]
  0x000001e57cc08800 JavaThread "jar transforms Thread 4" [_thread_blocked, id=8468, stack(0x000000d7b0000000,0x000000d7b0100000)]
  0x000001e57cc0f000 JavaThread "Cache worker for kotlin-dsl (C:\Users\Ayesha\.gradle\caches\8.0.1\kotlin-dsl)" [_thread_blocked, id=16120, stack(0x000000d7b0300000,0x000000d7b0400000)]
  0x000001e57cc15000 JavaThread "File lock release action executor Thread 3" [_thread_blocked, id=2780, stack(0x000000d7b1100000,0x000000d7b1200000)]
  0x000001e57cc10000 JavaThread "Cache worker for dependencies-accessors (E:\Workspace\NewFolder\ForEachPartner\android\.gradle\8.0.1\dependencies-accessors)" [_thread_blocked, id=19732, stack(0x000000d7b0200000,0x000000d7b0300000)]
  0x000001e57cc15800 JavaThread "Cache worker for Build Output Cleanup Cache (E:\Workspace\NewFolder\ForEachPartner\node_modules\@react-native\gradle-plugin\.gradle\buildOutputCleanup)" [_thread_blocked, id=772, stack(0x000000d7b1200000,0x000000d7b1300000)]
  0x000001e57cc09800 JavaThread "Unconstrained build operations" [_thread_blocked, id=21616, stack(0x000000d7b0700000,0x000000d7b0800000)]
  0x000001e57cc10800 JavaThread "Unconstrained build operations Thread 2" [_thread_blocked, id=21620, stack(0x000000d7b1300000,0x000000d7b1400000)]
  0x000001e57cc11800 JavaThread "Unconstrained build operations Thread 3" [_thread_blocked, id=21624, stack(0x000000d7b1400000,0x000000d7b1500000)]
  0x000001e57cc12800 JavaThread "Unconstrained build operations Thread 4" [_thread_blocked, id=21628, stack(0x000000d7b1500000,0x000000d7b1600000)]
  0x000001e57cc14000 JavaThread "Unconstrained build operations Thread 5" [_thread_blocked, id=21632, stack(0x000000d7b1600000,0x000000d7b1700000)]
  0x000001e57cc13000 JavaThread "Unconstrained build operations Thread 6" [_thread_blocked, id=21636, stack(0x000000d7b1700000,0x000000d7b1800000)]
  0x000001e57c3a8000 JavaThread "Unconstrained build operations Thread 7" [_thread_blocked, id=21648, stack(0x000000d7b1800000,0x000000d7b1900000)]
  0x000001e57f2a6800 JavaThread "Unconstrained build operations Thread 8" [_thread_blocked, id=21652, stack(0x000000d7b1900000,0x000000d7b1a00000)]
  0x000001e57f2a5000 JavaThread "Unconstrained build operations Thread 9" [_thread_blocked, id=21656, stack(0x000000d7b1a00000,0x000000d7b1b00000)]
  0x000001e57f2a7000 JavaThread "Unconstrained build operations Thread 10" [_thread_blocked, id=21672, stack(0x000000d7b1b00000,0x000000d7b1c00000)]
  0x000001e57f2a8000 JavaThread "Unconstrained build operations Thread 11" [_thread_blocked, id=21676, stack(0x000000d7b1c00000,0x000000d7b1d00000)]
  0x000001e57f2a9000 JavaThread "Unconstrained build operations Thread 12" [_thread_blocked, id=21680, stack(0x000000d7b1d00000,0x000000d7b1e00000)]
  0x000001e57f2a3000 JavaThread "Unconstrained build operations Thread 13" [_thread_blocked, id=21684, stack(0x000000d7b1e00000,0x000000d7b1f00000)]
  0x000001e57f2a5800 JavaThread "Unconstrained build operations Thread 14" [_thread_blocked, id=21688, stack(0x000000d7b1f00000,0x000000d7b2000000)]
  0x000001e57f2a9800 JavaThread "Unconstrained build operations Thread 15" [_thread_blocked, id=21692, stack(0x000000d7b2000000,0x000000d7b2100000)]
  0x000001e57f2a4000 JavaThread "Unconstrained build operations Thread 16" [_thread_blocked, id=21696, stack(0x000000d7b2100000,0x000000d7b2200000)]
  0x000001e57ef33800 JavaThread "Unconstrained build operations Thread 17" [_thread_blocked, id=21700, stack(0x000000d7b2200000,0x000000d7b2300000)]
  0x000001e57ef2f800 JavaThread "Unconstrained build operations Thread 18" [_thread_blocked, id=21704, stack(0x000000d7b2300000,0x000000d7b2400000)]
  0x000001e57ef30000 JavaThread "Unconstrained build operations Thread 19" [_thread_blocked, id=21708, stack(0x000000d7b2400000,0x000000d7b2500000)]
  0x000001e57ef2d800 JavaThread "Unconstrained build operations Thread 20" [_thread_blocked, id=21712, stack(0x000000d7b2500000,0x000000d7b2600000)]
  0x000001e57ef31000 JavaThread "Unconstrained build operations Thread 21" [_thread_blocked, id=21716, stack(0x000000d7b2600000,0x000000d7b2700000)]
  0x000001e57ef31800 JavaThread "Unconstrained build operations Thread 22" [_thread_blocked, id=21720, stack(0x000000d7b2700000,0x000000d7b2800000)]
  0x000001e57ef32800 JavaThread "Unconstrained build operations Thread 23" [_thread_blocked, id=21740, stack(0x000000d7b2800000,0x000000d7b2900000)]
  0x000001e57ef34000 JavaThread "Unconstrained build operations Thread 24" [_thread_blocked, id=21744, stack(0x000000d7b2900000,0x000000d7b2a00000)]
  0x000001e57ef2e800 JavaThread "Unconstrained build operations Thread 25" [_thread_blocked, id=21748, stack(0x000000d7b2a00000,0x000000d7b2b00000)]
  0x000001e57ef37800 JavaThread "Unconstrained build operations Thread 26" [_thread_blocked, id=21752, stack(0x000000d7b2b00000,0x000000d7b2c00000)]
  0x000001e57ef36800 JavaThread "Memory manager" [_thread_blocked, id=22196, stack(0x000000d7b2c00000,0x000000d7b2d00000)]
  0x000001e57ef3a000 JavaThread "Cache worker for Build Output Cleanup Cache (E:\Workspace\NewFolder\ForEachPartner\android\.gradle\buildOutputCleanup)" [_thread_blocked, id=12952, stack(0x000000d7b2d00000,0x000000d7b2e00000)]
  0x000001e57ef3a800 JavaThread "included builds" [_thread_blocked, id=22068, stack(0x000000d7b2e00000,0x000000d7b2f00000)]
  0x000001e57ef38000 JavaThread "Execution worker" [_thread_blocked, id=6176, stack(0x000000d7b2f00000,0x000000d7b3000000)]
  0x000001e57ef35000 JavaThread "Execution worker Thread 2" [_thread_in_Java, id=19160, stack(0x000000d7b3000000,0x000000d7b3100000)]
  0x000001e57ef3b800 JavaThread "Execution worker Thread 3" [_thread_blocked, id=14836, stack(0x000000d7b3100000,0x000000d7b3200000)]

Other Threads:
  0x000001e57a888800 VMThread "VM Thread" [stack: 0x000000d7aea00000,0x000000d7aeb00000] [id=6652]
  0x000001e57ab9b800 WatcherThread [stack: 0x000000d7af400000,0x000000d7af500000] [id=13472]
  0x000001e55b899800 GCTaskThread "GC Thread#0" [stack: 0x000000d7ae500000,0x000000d7ae600000] [id=14076]
  0x000001e57ac22800 GCTaskThread "GC Thread#1" [stack: 0x000000d7af500000,0x000000d7af600000] [id=4872]
  0x000001e57b3ea000 GCTaskThread "GC Thread#2" [stack: 0x000000d7afc00000,0x000000d7afd00000] [id=6376]
  0x000001e57b4e8800 GCTaskThread "GC Thread#3" [stack: 0x000000d7afd00000,0x000000d7afe00000] [id=9796]
  0x000001e55b8ca800 ConcurrentGCThread "G1 Main Marker" [stack: 0x000000d7ae600000,0x000000d7ae700000] [id=16972]
  0x000001e55b8ce000 ConcurrentGCThread "G1 Conc#0" [stack: 0x000000d7ae700000,0x000000d7ae800000] [id=7932]
  0x000001e55b925000 ConcurrentGCThread "G1 Refine#0" [stack: 0x000000d7ae800000,0x000000d7ae900000] [id=5676]
  0x000001e55b927000 ConcurrentGCThread "G1 Young RemSet Sampling" [stack: 0x000000d7ae900000,0x000000d7aea00000] [id=3452]

Threads with active compile tasks:
C2 CompilerThread0   713657 7939       4       java.lang.invoke.InvokerBytecodeGenerator::emitImplicitConversion (159 bytes)

VM state:not at safepoint (normal execution)

VM Mutex/Monitor currently owned by a thread: None

Heap address: 0x0000000080000000, size: 2048 MB, Compressed Oops mode: 32-bit
Narrow klass base: 0x0000000000000000, Narrow klass shift: 3
Compressed class space size: 528482304 Address: 0x0000000100000000

Heap:
 garbage-first heap   total 95232K, used 62324K [0x0000000080000000, 0x0000000100000000)
  region size 1024K, 10 young (10240K), 3 survivors (3072K)
 Metaspace       used 70187K, capacity 72393K, committed 72656K, reserved 579584K
  class space    used 9105K, capacity 10009K, committed 10112K, reserved 516096K
Heap Regions: E=young(eden), S=young(survivor), O=old, HS=humongous(starts), HC=humongous(continues), CS=collection set, F=free, A=archive, TAMS=top-at-mark-start (previous, next)
|   0|0x0000000080000000, 0x0000000080100000, 0x0000000080100000|100%| O|  |TAMS 0x0000000080100000, 0x0000000080000000| Untracked 
|   1|0x0000000080100000, 0x0000000080200000, 0x0000000080200000|100%| O|  |TAMS 0x0000000080200000, 0x0000000080100000| Untracked 
|   2|0x0000000080200000, 0x0000000080300000, 0x0000000080300000|100%|HS|  |TAMS 0x0000000080300000, 0x0000000080200000| Complete 
|   3|0x0000000080300000, 0x0000000080400000, 0x0000000080400000|100%|HC|  |TAMS 0x0000000080400000, 0x0000000080300000| Complete 
|   4|0x0000000080400000, 0x0000000080500000, 0x0000000080500000|100%|HC|  |TAMS 0x0000000080500000, 0x0000000080400000| Complete 
|   5|0x0000000080500000, 0x0000000080600000, 0x0000000080600000|100%|HC|  |TAMS 0x0000000080600000, 0x0000000080500000| Complete 
|   6|0x0000000080600000, 0x0000000080700000, 0x0000000080700000|100%| O|  |TAMS 0x0000000080700000, 0x0000000080600000| Untracked 
|   7|0x0000000080700000, 0x0000000080800000, 0x0000000080800000|100%| O|  |TAMS 0x0000000080800000, 0x0000000080700000| Untracked 
|   8|0x0000000080800000, 0x0000000080900000, 0x0000000080900000|100%| O|  |TAMS 0x0000000080900000, 0x0000000080800000| Untracked 
|   9|0x0000000080900000, 0x0000000080a00000, 0x0000000080a00000|100%| O|  |TAMS 0x0000000080a00000, 0x0000000080900000| Untracked 
|  10|0x0000000080a00000, 0x0000000080b00000, 0x0000000080b00000|100%| O|  |TAMS 0x0000000080b00000, 0x0000000080a00000| Untracked 
|  11|0x0000000080b00000, 0x0000000080c00000, 0x0000000080c00000|100%| O|  |TAMS 0x0000000080c00000, 0x0000000080b00000| Untracked 
|  12|0x0000000080c00000, 0x0000000080d00000, 0x0000000080d00000|100%| O|  |TAMS 0x0000000080d00000, 0x0000000080c00000| Untracked 
|  13|0x0000000080d00000, 0x0000000080e00000, 0x0000000080e00000|100%| O|  |TAMS 0x0000000080e00000, 0x0000000080d00000| Untracked 
|  14|0x0000000080e00000, 0x0000000080f00000, 0x0000000080f00000|100%| O|  |TAMS 0x0000000080f00000, 0x0000000080e00000| Untracked 
|  15|0x0000000080f00000, 0x0000000081000000, 0x0000000081000000|100%| O|  |TAMS 0x0000000081000000, 0x0000000080f00000| Untracked 
|  16|0x0000000081000000, 0x0000000081100000, 0x0000000081100000|100%| O|  |TAMS 0x0000000081100000, 0x0000000081000000| Untracked 
|  17|0x0000000081100000, 0x0000000081200000, 0x0000000081200000|100%| O|  |TAMS 0x0000000081200000, 0x0000000081100000| Untracked 
|  18|0x0000000081200000, 0x0000000081300000, 0x0000000081300000|100%| O|  |TAMS 0x0000000081300000, 0x0000000081200000| Untracked 
|  19|0x0000000081300000, 0x0000000081400000, 0x0000000081400000|100%| O|  |TAMS 0x0000000081400000, 0x0000000081300000| Untracked 
|  20|0x0000000081400000, 0x0000000081500000, 0x0000000081500000|100%| O|  |TAMS 0x0000000081500000, 0x0000000081400000| Untracked 
|  21|0x0000000081500000, 0x0000000081600000, 0x0000000081600000|100%| O|  |TAMS 0x0000000081600000, 0x0000000081500000| Untracked 
|  22|0x0000000081600000, 0x0000000081700000, 0x0000000081700000|100%| O|  |TAMS 0x0000000081700000, 0x0000000081600000| Untracked 
|  23|0x0000000081700000, 0x0000000081800000, 0x0000000081800000|100%| O|  |TAMS 0x0000000081800000, 0x0000000081700000| Untracked 
|  24|0x0000000081800000, 0x0000000081900000, 0x0000000081900000|100%| O|  |TAMS 0x0000000081900000, 0x0000000081800000| Untracked 
|  25|0x0000000081900000, 0x0000000081a00000, 0x0000000081a00000|100%| O|  |TAMS 0x0000000081a00000, 0x0000000081900000| Untracked 
|  26|0x0000000081a00000, 0x0000000081b00000, 0x0000000081b00000|100%| O|  |TAMS 0x0000000081b00000, 0x0000000081a00000| Untracked 
|  27|0x0000000081b00000, 0x0000000081c00000, 0x0000000081c00000|100%| O|  |TAMS 0x0000000081c00000, 0x0000000081b00000| Untracked 
|  28|0x0000000081c00000, 0x0000000081d00000, 0x0000000081d00000|100%| O|  |TAMS 0x0000000081d00000, 0x0000000081c00000| Untracked 
|  29|0x0000000081d00000, 0x0000000081e00000, 0x0000000081e00000|100%| O|  |TAMS 0x0000000081e00000, 0x0000000081d00000| Untracked 
|  30|0x0000000081e00000, 0x0000000081f00000, 0x0000000081f00000|100%| O|  |TAMS 0x0000000081f00000, 0x0000000081e00000| Untracked 
|  31|0x0000000081f00000, 0x0000000082000000, 0x0000000082000000|100%| O|  |TAMS 0x0000000082000000, 0x0000000081f00000| Untracked 
|  32|0x0000000082000000, 0x0000000082100000, 0x0000000082100000|100%| O|  |TAMS 0x0000000082100000, 0x0000000082000000| Untracked 
|  33|0x0000000082100000, 0x0000000082200000, 0x0000000082200000|100%| O|  |TAMS 0x0000000082200000, 0x0000000082100000| Untracked 
|  34|0x0000000082200000, 0x0000000082300000, 0x0000000082300000|100%|HS|  |TAMS 0x0000000082300000, 0x0000000082200000| Complete 
|  35|0x0000000082300000, 0x0000000082400000, 0x0000000082400000|100%|HC|  |TAMS 0x0000000082400000, 0x0000000082300000| Complete 
|  36|0x0000000082400000, 0x0000000082500000, 0x0000000082500000|100%| O|  |TAMS 0x0000000082500000, 0x0000000082400000| Untracked 
|  37|0x0000000082500000, 0x0000000082600000, 0x0000000082600000|100%|HS|  |TAMS 0x0000000082600000, 0x0000000082500000| Complete 
|  38|0x0000000082600000, 0x0000000082700000, 0x0000000082700000|100%|HC|  |TAMS 0x0000000082700000, 0x0000000082600000| Complete 
|  39|0x0000000082700000, 0x0000000082800000, 0x0000000082800000|100%|HC|  |TAMS 0x0000000082800000, 0x0000000082700000| Complete 
|  40|0x0000000082800000, 0x0000000082900000, 0x0000000082900000|100%|HC|  |TAMS 0x0000000082900000, 0x0000000082800000| Complete 
|  41|0x0000000082900000, 0x0000000082a00000, 0x0000000082a00000|100%| O|  |TAMS 0x0000000082a00000, 0x0000000082900000| Untracked 
|  42|0x0000000082a00000, 0x0000000082b00000, 0x0000000082b00000|100%| O|  |TAMS 0x0000000082b00000, 0x0000000082a00000| Untracked 
|  43|0x0000000082b00000, 0x0000000082c00000, 0x0000000082c00000|100%| O|  |TAMS 0x0000000082c00000, 0x0000000082b00000| Untracked 
|  44|0x0000000082c00000, 0x0000000082d00000, 0x0000000082d00000|100%| O|  |TAMS 0x0000000082d00000, 0x0000000082c00000| Untracked 
|  45|0x0000000082d00000, 0x0000000082e00000, 0x0000000082e00000|100%| O|  |TAMS 0x0000000082e00000, 0x0000000082d00000| Untracked 
|  46|0x0000000082e00000, 0x0000000082f00000, 0x0000000082f00000|100%| O|  |TAMS 0x0000000082f00000, 0x0000000082e00000| Untracked 
|  47|0x0000000082f00000, 0x0000000083000000, 0x0000000083000000|100%| O|  |TAMS 0x0000000083000000, 0x0000000082f00000| Untracked 
|  48|0x0000000083000000, 0x0000000083100000, 0x0000000083100000|100%| O|  |TAMS 0x0000000083100000, 0x0000000083000000| Untracked 
|  49|0x0000000083100000, 0x0000000083200000, 0x0000000083200000|100%| O|  |TAMS 0x0000000083200000, 0x0000000083100000| Untracked 
|  50|0x0000000083200000, 0x0000000083300000, 0x0000000083300000|100%| O|  |TAMS 0x0000000083300000, 0x0000000083200000| Untracked 
|  51|0x0000000083300000, 0x0000000083400000, 0x0000000083400000|100%| O|  |TAMS 0x00000000833de000, 0x0000000083300000| Untracked 
|  52|0x0000000083400000, 0x000000008344a000, 0x0000000083500000| 28%| O|  |TAMS 0x0000000083400000, 0x0000000083400000| Untracked 
|  53|0x0000000083500000, 0x0000000083500000, 0x0000000083600000|  0%| F|  |TAMS 0x0000000083500000, 0x0000000083500000| Untracked 
|  54|0x0000000083600000, 0x0000000083600000, 0x0000000083700000|  0%| F|  |TAMS 0x0000000083600000, 0x0000000083600000| Untracked 
|  55|0x0000000083700000, 0x0000000083700000, 0x0000000083800000|  0%| F|  |TAMS 0x0000000083700000, 0x0000000083700000| Untracked 
|  56|0x0000000083800000, 0x0000000083800000, 0x0000000083900000|  0%| F|  |TAMS 0x0000000083800000, 0x0000000083800000| Untracked 
|  57|0x0000000083900000, 0x0000000083900000, 0x0000000083a00000|  0%| F|  |TAMS 0x0000000083900000, 0x0000000083900000| Untracked 
|  58|0x0000000083a00000, 0x0000000083a00000, 0x0000000083b00000|  0%| F|  |TAMS 0x0000000083a00000, 0x0000000083a00000| Untracked 
|  59|0x0000000083b00000, 0x0000000083b00000, 0x0000000083c00000|  0%| F|  |TAMS 0x0000000083b00000, 0x0000000083b00000| Untracked 
|  60|0x0000000083c00000, 0x0000000083c00000, 0x0000000083d00000|  0%| F|  |TAMS 0x0000000083c00000, 0x0000000083c00000| Untracked 
|  61|0x0000000083d00000, 0x0000000083d00000, 0x0000000083e00000|  0%| F|  |TAMS 0x0000000083d00000, 0x0000000083d00000| Untracked 
|  62|0x0000000083e00000, 0x0000000083e00000, 0x0000000083f00000|  0%| F|  |TAMS 0x0000000083e00000, 0x0000000083e00000| Untracked 
|  63|0x0000000083f00000, 0x0000000083f00000, 0x0000000084000000|  0%| F|  |TAMS 0x0000000083f00000, 0x0000000083f00000| Untracked 
|  64|0x0000000084000000, 0x0000000084000000, 0x0000000084100000|  0%| F|  |TAMS 0x0000000084000000, 0x0000000084000000| Untracked 
|  65|0x0000000084100000, 0x0000000084100000, 0x0000000084200000|  0%| F|  |TAMS 0x0000000084100000, 0x0000000084100000| Untracked 
|  66|0x0000000084200000, 0x0000000084200000, 0x0000000084300000|  0%| F|  |TAMS 0x0000000084200000, 0x0000000084200000| Untracked 
|  67|0x0000000084300000, 0x0000000084300000, 0x0000000084400000|  0%| F|  |TAMS 0x0000000084300000, 0x0000000084300000| Untracked 
|  68|0x0000000084400000, 0x0000000084400000, 0x0000000084500000|  0%| F|  |TAMS 0x0000000084400000, 0x0000000084400000| Untracked 
|  69|0x0000000084500000, 0x0000000084500000, 0x0000000084600000|  0%| F|  |TAMS 0x0000000084500000, 0x0000000084500000| Untracked 
|  70|0x0000000084600000, 0x0000000084600000, 0x0000000084700000|  0%| F|  |TAMS 0x0000000084600000, 0x0000000084600000| Untracked 
|  71|0x0000000084700000, 0x0000000084700000, 0x0000000084800000|  0%| F|  |TAMS 0x0000000084700000, 0x0000000084700000| Untracked 
|  72|0x0000000084800000, 0x0000000084800000, 0x0000000084900000|  0%| F|  |TAMS 0x0000000084800000, 0x0000000084800000| Untracked 
|  73|0x0000000084900000, 0x0000000084993188, 0x0000000084a00000| 57%| S|CS|TAMS 0x0000000084900000, 0x0000000084900000| Complete 
|  74|0x0000000084a00000, 0x0000000084b00000, 0x0000000084b00000|100%| S|CS|TAMS 0x0000000084a00000, 0x0000000084a00000| Complete 
|  75|0x0000000084b00000, 0x0000000084c00000, 0x0000000084c00000|100%| S|CS|TAMS 0x0000000084b00000, 0x0000000084b00000| Complete 
|  76|0x0000000084c00000, 0x0000000084c00000, 0x0000000084d00000|  0%| F|  |TAMS 0x0000000084c00000, 0x0000000084c00000| Untracked 
|  77|0x0000000084d00000, 0x0000000084d00000, 0x0000000084e00000|  0%| F|  |TAMS 0x0000000084d00000, 0x0000000084d00000| Untracked 
|  78|0x0000000084e00000, 0x0000000084e00000, 0x0000000084f00000|  0%| F|  |TAMS 0x0000000084e00000, 0x0000000084e00000| Untracked 
|  79|0x0000000084f00000, 0x0000000084f00000, 0x0000000085000000|  0%| F|  |TAMS 0x0000000084f00000, 0x0000000084f00000| Untracked 
|  80|0x0000000085000000, 0x0000000085000000, 0x0000000085100000|  0%| F|  |TAMS 0x0000000085000000, 0x0000000085000000| Untracked 
|  81|0x0000000085100000, 0x0000000085100000, 0x0000000085200000|  0%| F|  |TAMS 0x0000000085100000, 0x0000000085100000| Untracked 
|  82|0x0000000085200000, 0x0000000085200000, 0x0000000085300000|  0%| F|  |TAMS 0x0000000085200000, 0x0000000085200000| Untracked 
|  83|0x0000000085300000, 0x0000000085300000, 0x0000000085400000|  0%| F|  |TAMS 0x0000000085300000, 0x0000000085300000| Untracked 
|  84|0x0000000085400000, 0x0000000085400000, 0x0000000085500000|  0%| F|  |TAMS 0x0000000085400000, 0x0000000085400000| Untracked 
|  85|0x0000000085500000, 0x0000000085500000, 0x0000000085600000|  0%| F|  |TAMS 0x0000000085500000, 0x0000000085500000| Untracked 
|  86|0x0000000085600000, 0x000000008560a348, 0x0000000085700000|  3%| E|  |TAMS 0x0000000085600000, 0x0000000085600000| Complete 
|  87|0x0000000085700000, 0x0000000085800000, 0x0000000085800000|100%| E|CS|TAMS 0x0000000085700000, 0x0000000085700000| Complete 
|  88|0x0000000085800000, 0x0000000085900000, 0x0000000085900000|100%| E|CS|TAMS 0x0000000085800000, 0x0000000085800000| Complete 
|  89|0x0000000085900000, 0x0000000085a00000, 0x0000000085a00000|100%| E|CS|TAMS 0x0000000085900000, 0x0000000085900000| Complete 
|  90|0x0000000085a00000, 0x0000000085b00000, 0x0000000085b00000|100%| E|CS|TAMS 0x0000000085a00000, 0x0000000085a00000| Complete 
|  91|0x0000000085b00000, 0x0000000085c00000, 0x0000000085c00000|100%| E|CS|TAMS 0x0000000085b00000, 0x0000000085b00000| Complete 
|  92|0x0000000085c00000, 0x0000000085d00000, 0x0000000085d00000|100%| E|CS|TAMS 0x0000000085c00000, 0x0000000085c00000| Complete 

Card table byte_map: [0x000001e573400000,0x000001e573800000] _byte_map_base: 0x000001e573000000

Marking Bits (Prev, Next): (CMBitMap*) 0x000001e55b8c1ea0, (CMBitMap*) 0x000001e55b8c1e68
 Prev Bits: [0x000001e575c00000, 0x000001e577c00000)
 Next Bits: [0x000001e573c00000, 0x000001e575c00000)

Polling page: 0x000001e55b060000

Metaspace:

Usage:
  Non-class:     60.92 MB capacity,    59.65 MB ( 98%) used,     1.04 MB (  2%) free+waste,   232.06 KB ( <1%) overhead. 
      Class:      9.77 MB capacity,     8.89 MB ( 91%) used,   791.95 KB (  8%) free+waste,   111.50 KB (  1%) overhead. 
       Both:     70.70 MB capacity,    68.54 MB ( 97%) used,     1.82 MB (  3%) free+waste,   343.56 KB ( <1%) overhead. 

Virtual space:
  Non-class space:       62.00 MB reserved,      61.08 MB ( 99%) committed 
      Class space:      504.00 MB reserved,       9.88 MB (  2%) committed 
             Both:      566.00 MB reserved,      70.95 MB ( 13%) committed 

Chunk freelists:
   Non-Class:  0 bytes
       Class:  0 bytes
        Both:  0 bytes

MaxMetaspaceSize: 512.00 MB
CompressedClassSpaceSize: 504.00 MB
Initial GC threshold: 20.80 MB
Current GC threshold: 116.17 MB
CDS: off

CodeHeap 'non-profiled nmethods': size=120064Kb used=4741Kb max_used=4741Kb free=115322Kb
 bounds [0x000001e56bac0000, 0x000001e56bf70000, 0x000001e573000000]
CodeHeap 'profiled nmethods': size=120000Kb used=16546Kb max_used=16546Kb free=103453Kb
 bounds [0x000001e564590000, 0x000001e5655c0000, 0x000001e56bac0000]
CodeHeap 'non-nmethods': size=5696Kb used=2346Kb max_used=2390Kb free=3349Kb
 bounds [0x000001e564000000, 0x000001e564270000, 0x000001e564590000]
 total_blobs=8707 nmethods=7843 adapters=776
 compilation: enabled
              stopped_count=0, restarted_count=0
 full_count=0

Compilation events (20 events):
Event: 709.436 Thread 0x000001e57a8f4800 7927       3       org.gradle.internal.typeconversion.NotationConverterToNotationParserAdapter::parseNotation (41 bytes)
Event: 709.437 Thread 0x000001e57a8f4800 nmethod 7927 0x000001e5655b5e10 code [0x000001e5655b6000, 0x000001e5655b6498]
Event: 709.437 Thread 0x000001e57a8f4800 7930       3       java.util.HashSet::iterator (13 bytes)
Event: 709.438 Thread 0x000001e57a8f4800 nmethod 7930 0x000001e5655b6690 code [0x000001e5655b6860, 0x000001e5655b6ad8]
Event: 709.438 Thread 0x000001e57a8f4800 7928       3       org.gradle.internal.typeconversion.NotationConverterToNotationParserAdapter$ResultImpl::<init> (5 bytes)
Event: 709.438 Thread 0x000001e57a8f4800 nmethod 7928 0x000001e5655b6c10 code [0x000001e5655b6dc0, 0x000001e5655b6f78]
Event: 709.438 Thread 0x000001e57a8f4800 7929       3       org.gradle.internal.typeconversion.NotationConverterToNotationParserAdapter$ResultImpl::<init> (5 bytes)
Event: 709.438 Thread 0x000001e57a8f4800 nmethod 7929 0x000001e5655b7090 code [0x000001e5655b7240, 0x000001e5655b7398]
Event: 710.049 Thread 0x000001e57a8f3800 nmethod 7923 0x000001e56bf47790 code [0x000001e56bf47fe0, 0x000001e56bf4ec48]
Event: 710.050 Thread 0x000001e57a8f3800 7924       4       org.gradle.internal.instantiation.generator.AbstractClassGenerator::inspectType (560 bytes)
Event: 710.815 Thread 0x000001e57a8f3800 nmethod 7924 0x000001e56bf53210 code [0x000001e56bf538e0, 0x000001e56bf5afb0]
Event: 713.194 Thread 0x000001e57a8f4800 7934       3       org.gradle.util.internal.DeferredUtil::unpackNestableDeferred (37 bytes)
Event: 713.197 Thread 0x000001e57a8f4800 nmethod 7934 0x000001e5655b7490 code [0x000001e5655b76e0, 0x000001e5655b8268]
Event: 713.199 Thread 0x000001e57a8f4800 7935       1       org.gradle.api.internal.tasks.properties.AbstractPropertySpec::getPropertyName (5 bytes)
Event: 713.199 Thread 0x000001e57a8f4800 nmethod 7935 0x000001e56bf60c10 code [0x000001e56bf60dc0, 0x000001e56bf60e78]
Event: 713.204 Thread 0x000001e57a8f3800 7936       4       java.util.LinkedList::<init> (10 bytes)
Event: 713.205 Thread 0x000001e57a8f3800 nmethod 7936 0x000001e56bf60f10 code [0x000001e56bf610a0, 0x000001e56bf61118]
Event: 713.212 Thread 0x000001e57a8f4800 7937       3       java.lang.invoke.DelegatingMethodHandle::chooseDelegatingForm (24 bytes)
Event: 713.224 Thread 0x000001e57a8f4800 nmethod 7937 0x000001e5655b8510 code [0x000001e5655b86e0, 0x000001e5655b8a48]
Event: 713.398 Thread 0x000001e57a8f3800 7939       4       java.lang.invoke.InvokerBytecodeGenerator::emitImplicitConversion (159 bytes)

GC Heap History (20 events):
Event: 565.933 GC heap before
{Heap before GC invocations=82 (full 0):
 garbage-first heap   total 65536K, used 54966K [0x0000000080000000, 0x0000000100000000)
  region size 1024K, 3 young (3072K), 1 survivors (1024K)
 Metaspace       used 67794K, capacity 69852K, committed 69968K, reserved 577536K
  class space    used 8793K, capacity 9630K, committed 9728K, reserved 516096K
}
Event: 565.937 GC heap after
{Heap after GC invocations=83 (full 0):
 garbage-first heap   total 65536K, used 52866K [0x0000000080000000, 0x0000000100000000)
  region size 1024K, 1 young (1024K), 1 survivors (1024K)
 Metaspace       used 67794K, capacity 69852K, committed 69968K, reserved 577536K
  class space    used 8793K, capacity 9630K, committed 9728K, reserved 516096K
}
Event: 566.358 GC heap before
{Heap before GC invocations=84 (full 0):
 garbage-first heap   total 65536K, used 54914K [0x0000000080000000, 0x0000000100000000)
  region size 1024K, 3 young (3072K), 1 survivors (1024K)
 Metaspace       used 67951K, capacity 70046K, committed 70224K, reserved 577536K
  class space    used 8820K, capacity 9672K, committed 9728K, reserved 516096K
}
Event: 566.363 GC heap after
{Heap after GC invocations=85 (full 0):
 garbage-first heap   total 65536K, used 52990K [0x0000000080000000, 0x0000000100000000)
  region size 1024K, 1 young (1024K), 1 survivors (1024K)
 Metaspace       used 67951K, capacity 70046K, committed 70224K, reserved 577536K
  class space    used 8820K, capacity 9672K, committed 9728K, reserved 516096K
}
Event: 566.724 GC heap before
{Heap before GC invocations=85 (full 0):
 garbage-first heap   total 65536K, used 54014K [0x0000000080000000, 0x0000000100000000)
  region size 1024K, 3 young (3072K), 1 survivors (1024K)
 Metaspace       used 68017K, capacity 70056K, committed 70224K, reserved 577536K
  class space    used 8828K, capacity 9674K, committed 9728K, reserved 516096K
}
Event: 566.732 GC heap after
{Heap after GC invocations=86 (full 0):
 garbage-first heap   total 65536K, used 53303K [0x0000000080000000, 0x0000000100000000)
  region size 1024K, 1 young (1024K), 1 survivors (1024K)
 Metaspace       used 68017K, capacity 70056K, committed 70224K, reserved 577536K
  class space    used 8828K, capacity 9674K, committed 9728K, reserved 516096K
}
Event: 567.061 GC heap before
{Heap before GC invocations=87 (full 0):
 garbage-first heap   total 65536K, used 55351K [0x0000000080000000, 0x0000000100000000)
  region size 1024K, 3 young (3072K), 1 survivors (1024K)
 Metaspace       used 68170K, capacity 70223K, committed 70480K, reserved 577536K
  class space    used 8853K, capacity 9707K, committed 9728K, reserved 516096K
}
Event: 567.071 GC heap after
{Heap after GC invocations=88 (full 0):
 garbage-first heap   total 78848K, used 53286K [0x0000000080000000, 0x0000000100000000)
  region size 1024K, 1 young (1024K), 1 survivors (1024K)
 Metaspace       used 68170K, capacity 70223K, committed 70480K, reserved 577536K
  class space    used 8853K, capacity 9707K, committed 9728K, reserved 516096K
}
Event: 569.963 GC heap before
{Heap before GC invocations=88 (full 0):
 garbage-first heap   total 78848K, used 60454K [0x0000000080000000, 0x0000000100000000)
  region size 1024K, 8 young (8192K), 1 survivors (1024K)
 Metaspace       used 68584K, capacity 70694K, committed 70864K, reserved 577536K
  class space    used 8911K, capacity 9757K, committed 9856K, reserved 516096K
}
Event: 569.970 GC heap after
{Heap after GC invocations=89 (full 0):
 garbage-first heap   total 78848K, used 53354K [0x0000000080000000, 0x0000000100000000)
  region size 1024K, 1 young (1024K), 1 survivors (1024K)
 Metaspace       used 68584K, capacity 70694K, committed 70864K, reserved 577536K
  class space    used 8911K, capacity 9757K, committed 9856K, reserved 516096K
}
Event: 588.735 GC heap before
{Heap before GC invocations=90 (full 0):
 garbage-first heap   total 78848K, used 61546K [0x0000000080000000, 0x0000000100000000)
  region size 1024K, 9 young (9216K), 1 survivors (1024K)
 Metaspace       used 68643K, capacity 70703K, committed 70864K, reserved 577536K
  class space    used 8913K, capacity 9758K, committed 9856K, reserved 516096K
}
Event: 588.767 GC heap after
{Heap after GC invocations=91 (full 0):
 garbage-first heap   total 78848K, used 53622K [0x0000000080000000, 0x0000000100000000)
  region size 1024K, 1 young (1024K), 1 survivors (1024K)
 Metaspace       used 68643K, capacity 70703K, committed 70864K, reserved 577536K
  class space    used 8913K, capacity 9758K, committed 9856K, reserved 516096K
}
Event: 609.814 GC heap before
{Heap before GC invocations=91 (full 0):
 garbage-first heap   total 78848K, used 61814K [0x0000000080000000, 0x0000000100000000)
  region size 1024K, 9 young (9216K), 1 survivors (1024K)
 Metaspace       used 68669K, capacity 70782K, committed 71120K, reserved 577536K
  class space    used 8914K, capacity 9760K, committed 9856K, reserved 516096K
}
Event: 609.908 GC heap after
{Heap after GC invocations=92 (full 0):
 garbage-first heap   total 78848K, used 53719K [0x0000000080000000, 0x0000000100000000)
  region size 1024K, 1 young (1024K), 1 survivors (1024K)
 Metaspace       used 68669K, capacity 70782K, committed 71120K, reserved 577536K
  class space    used 8914K, capacity 9760K, committed 9856K, reserved 516096K
}
Event: 634.096 GC heap before
{Heap before GC invocations=93 (full 0):
 garbage-first heap   total 78848K, used 62935K [0x0000000080000000, 0x0000000100000000)
  region size 1024K, 10 young (10240K), 1 survivors (1024K)
 Metaspace       used 68747K, capacity 70851K, committed 71120K, reserved 577536K
  class space    used 8914K, capacity 9760K, committed 9856K, reserved 516096K
}
Event: 634.250 GC heap after
{Heap after GC invocations=94 (full 0):
 garbage-first heap   total 95232K, used 54161K [0x0000000080000000, 0x0000000100000000)
  region size 1024K, 2 young (2048K), 2 survivors (2048K)
 Metaspace       used 68747K, capacity 70851K, committed 71120K, reserved 577536K
  class space    used 8914K, capacity 9760K, committed 9856K, reserved 516096K
}
Event: 667.224 GC heap before
{Heap before GC invocations=94 (full 0):
 garbage-first heap   total 95232K, used 68497K [0x0000000080000000, 0x0000000100000000)
  region size 1024K, 16 young (16384K), 2 survivors (2048K)
 Metaspace       used 69058K, capacity 71119K, committed 71376K, reserved 579584K
  class space    used 8938K, capacity 9805K, committed 9856K, reserved 516096K
}
Event: 667.348 GC heap after
{Heap after GC invocations=95 (full 0):
 garbage-first heap   total 95232K, used 55105K [0x0000000080000000, 0x0000000100000000)
  region size 1024K, 2 young (2048K), 2 survivors (2048K)
 Metaspace       used 69058K, capacity 71119K, committed 71376K, reserved 579584K
  class space    used 8938K, capacity 9805K, committed 9856K, reserved 516096K
}
Event: 704.071 GC heap before
{Heap before GC invocations=96 (full 0):
 garbage-first heap   total 95232K, used 70465K [0x0000000080000000, 0x0000000100000000)
  region size 1024K, 17 young (17408K), 2 survivors (2048K)
 Metaspace       used 69587K, capacity 71822K, committed 72016K, reserved 579584K
  class space    used 8996K, capacity 9860K, committed 9984K, reserved 516096K
}
Event: 704.236 GC heap after
{Heap after GC invocations=97 (full 0):
 garbage-first heap   total 95232K, used 56180K [0x0000000080000000, 0x0000000100000000)
  region size 1024K, 3 young (3072K), 3 survivors (3072K)
 Metaspace       used 69587K, capacity 71822K, committed 72016K, reserved 579584K
  class space    used 8996K, capacity 9860K, committed 9984K, reserved 516096K
}

Deoptimization events (20 events):
Event: 709.207 Thread 0x000001e57b521800 DEOPT PACKING pc=0x000001e56bd80208 sp=0x000000d7afef89e0
Event: 709.207 Thread 0x000001e57b521800 DEOPT UNPACKING pc=0x000001e56404a1af sp=0x000000d7afef8870 mode 2
Event: 709.391 Thread 0x000001e57b521800 DEOPT PACKING pc=0x000001e565144156 sp=0x000000d7afef7060
Event: 709.392 Thread 0x000001e57b521800 DEOPT UNPACKING pc=0x000001e56404a95e sp=0x000000d7afef6628 mode 0
Event: 711.158 Thread 0x000001e57ef35000 Uncommon trap: trap_request=0xffffff4d fr.pc=0x000001e56bd7f7f4 relative=0x0000000000000354
Event: 711.158 Thread 0x000001e57ef35000 Uncommon trap: reason=unstable_if action=reinterpret pc=0x000001e56bd7f7f4 method=java.util.HashMap$HashIterator.<init>(Ljava/util/HashMap;)V @ 45 c2
Event: 711.158 Thread 0x000001e57ef35000 DEOPT PACKING pc=0x000001e56bd7f7f4 sp=0x000000d7b30ff110
Event: 711.159 Thread 0x000001e57ef35000 DEOPT UNPACKING pc=0x000001e56404a1af sp=0x000000d7b30ff0c8 mode 2
Event: 713.194 Thread 0x000001e57ef3a800 Uncommon trap: trap_request=0xffffffc6 fr.pc=0x000001e56bc308a4 relative=0x00000000000002a4
Event: 713.194 Thread 0x000001e57ef3a800 Uncommon trap: reason=bimorphic_or_optimized_type_check action=maybe_recompile pc=0x000001e56bc308a4 method=java.util.Spliterators$IteratorSpliterator.tryAdvance(Ljava/util/function/Consumer;)Z @ 50 c2
Event: 713.194 Thread 0x000001e57ef3a800 DEOPT PACKING pc=0x000001e56bc308a4 sp=0x000000d7b2efce50
Event: 713.194 Thread 0x000001e57ef3a800 DEOPT UNPACKING pc=0x000001e56404a1af sp=0x000000d7b2efcdf0 mode 2
Event: 713.364 Thread 0x000001e57ef3a800 Uncommon trap: trap_request=0xffffffde fr.pc=0x000001e56bbd89a4 relative=0x00000000000002e4
Event: 713.364 Thread 0x000001e57ef3a800 Uncommon trap: reason=class_check action=maybe_recompile pc=0x000001e56bbd89a4 method=java.util.Collections$SetFromMap.remove(Ljava/lang/Object;)Z @ 5 c2
Event: 713.364 Thread 0x000001e57ef3a800 DEOPT PACKING pc=0x000001e56bbd89a4 sp=0x000000d7b2efd780
Event: 713.364 Thread 0x000001e57ef3a800 DEOPT UNPACKING pc=0x000001e56404a1af sp=0x000000d7b2efd778 mode 2
Event: 713.378 Thread 0x000001e57ef35000 Uncommon trap: trap_request=0xffffffc6 fr.pc=0x000001e56bc308a4 relative=0x00000000000002a4
Event: 713.378 Thread 0x000001e57ef35000 Uncommon trap: reason=bimorphic_or_optimized_type_check action=maybe_recompile pc=0x000001e56bc308a4 method=java.util.Spliterators$IteratorSpliterator.tryAdvance(Ljava/util/function/Consumer;)Z @ 50 c2
Event: 713.378 Thread 0x000001e57ef35000 DEOPT PACKING pc=0x000001e56bc308a4 sp=0x000000d7b30fe780
Event: 713.378 Thread 0x000001e57ef35000 DEOPT UNPACKING pc=0x000001e56404a1af sp=0x000000d7b30fe720 mode 2

Classes redefined (0 events):
No events

Internal exceptions (20 events):
Event: 564.197 Thread 0x000001e57b521800 Exception <a 'java/lang/ClassNotFoundException'{0x0000000083fac048}: org/gradle/api/internal/artifacts/dsl/DefaultRepositoryHandler_DecoratedBeanInfo> (0x0000000083fac048) thrown at [./src/hotspot/share/classfile/systemDictionary.cpp, line 230]
Event: 564.219 Thread 0x000001e57b521800 Exception <a 'java/lang/ClassNotFoundException'{0x0000000083fefa68}: org/gradle/api/internal/artifacts/dsl/DefaultRepositoryHandlerBeanInfo> (0x0000000083fefa68) thrown at [./src/hotspot/share/classfile/systemDictionary.cpp, line 230]
Event: 564.225 Thread 0x000001e57b521800 Exception <a 'java/lang/ClassNotFoundException'{0x0000000083e36590}: org/gradle/api/internal/artifacts/DefaultArtifactRepositoryContainerBeanInfo> (0x0000000083e36590) thrown at [./src/hotspot/share/classfile/systemDictionary.cpp, line 230]
Event: 564.229 Thread 0x000001e57b521800 Exception <a 'java/lang/ClassNotFoundException'{0x0000000083e66f58}: org/gradle/api/internal/DefaultNamedDomainObjectListBeanInfo> (0x0000000083e66f58) thrown at [./src/hotspot/share/classfile/systemDictionary.cpp, line 230]
Event: 564.234 Thread 0x000001e57b521800 Exception <a 'java/lang/ClassNotFoundException'{0x0000000083e98ee0}: org/gradle/api/internal/DefaultNamedDomainObjectCollectionBeanInfo> (0x0000000083e98ee0) thrown at [./src/hotspot/share/classfile/systemDictionary.cpp, line 230]
Event: 564.238 Thread 0x000001e57b521800 Exception <a 'java/lang/ClassNotFoundException'{0x0000000083ec99e8}: org/gradle/api/internal/DefaultDomainObjectCollectionBeanInfo> (0x0000000083ec99e8) thrown at [./src/hotspot/share/classfile/systemDictionary.cpp, line 230]
Event: 564.243 Thread 0x000001e57b521800 Exception <a 'java/lang/ClassNotFoundException'{0x0000000083efad88}: org/gradle/api/internal/DefaultDomainObjectCollectionCustomizer> (0x0000000083efad88) thrown at [./src/hotspot/share/classfile/systemDictionary.cpp, line 230]
Event: 564.295 Thread 0x000001e57b521800 Exception <a 'java/lang/ClassNotFoundException'{0x0000000083d4a868}: org/gradle/api/internal/DefaultNamedDomainObjectCollectionCustomizer> (0x0000000083d4a868) thrown at [./src/hotspot/share/classfile/systemDictionary.cpp, line 230]
Event: 564.370 Thread 0x000001e57b521800 Exception <a 'java/lang/ClassNotFoundException'{0x0000000083da14a0}: org/gradle/api/internal/DefaultNamedDomainObjectListCustomizer> (0x0000000083da14a0) thrown at [./src/hotspot/share/classfile/systemDictionary.cpp, line 230]
Event: 564.380 Thread 0x000001e57b521800 Exception <a 'java/lang/ClassNotFoundException'{0x0000000083f02750}: org/gradle/api/internal/artifacts/DefaultArtifactRepositoryContainerCustomizer> (0x0000000083f02750) thrown at [./src/hotspot/share/classfile/systemDictionary.cpp, line 230]
Event: 564.387 Thread 0x000001e57b521800 Exception <a 'java/lang/ClassNotFoundException'{0x0000000083f57080}: org/gradle/api/internal/artifacts/dsl/DefaultRepositoryHandlerCustomizer> (0x0000000083f57080) thrown at [./src/hotspot/share/classfile/systemDictionary.cpp, line 230]
Event: 564.398 Thread 0x000001e57b521800 Exception <a 'java/lang/ClassNotFoundException'{0x0000000083fbee48}: org/gradle/api/internal/artifacts/dsl/DefaultRepositoryHandler_DecoratedCustomizer> (0x0000000083fbee48) thrown at [./src/hotspot/share/classfile/systemDictionary.cpp, line 230]
Event: 564.440 Thread 0x000001e57b521800 Exception <a 'java/lang/ClassNotFoundException'{0x0000000083e9a580}: org/gradle/api/internal/artifacts/dsl/dependencies/DefaultDependencyHandler_DecoratedBeanInfo> (0x0000000083e9a580) thrown at [./src/hotspot/share/classfile/systemDictionary.cpp, line 230]
Event: 564.442 Thread 0x000001e57b521800 Exception <a 'java/lang/ClassNotFoundException'{0x0000000083ee3328}: org/gradle/api/internal/artifacts/dsl/dependencies/DefaultDependencyHandlerBeanInfo> (0x0000000083ee3328) thrown at [./src/hotspot/share/classfile/systemDictionary.cpp, line 230]
Event: 564.444 Thread 0x000001e57b521800 Exception <a 'java/lang/ClassNotFoundException'{0x0000000083d2bf88}: org/gradle/api/internal/artifacts/dsl/dependencies/DefaultDependencyHandlerCustomizer> (0x0000000083d2bf88) thrown at [./src/hotspot/share/classfile/systemDictionary.cpp, line 230]
Event: 564.449 Thread 0x000001e57b521800 Exception <a 'java/lang/ClassNotFoundException'{0x0000000083d9e650}: org/gradle/api/internal/artifacts/dsl/dependencies/DefaultDependencyHandler_DecoratedCustomizer> (0x0000000083d9e650) thrown at [./src/hotspot/share/classfile/systemDictionary.cpp, line 230]
Event: 662.969 Thread 0x000001e57b521800 Exception <a 'java/lang/NoSuchMethodError'{0x0000000085046830}: 'java.lang.Object java.lang.invoke.Invokers$Holder.linkToTargetMethod(java.lang.Object, java.lang.Object, java.lang.Object, java.lang.Object, java.lang.Object, java.lang.Object, java.lang.Object, java.lang.Object, java.lang.Object)'> (0x0000000085046830) thrown at [./src/hotspot/share/interpreter/linkResolver.cpp, line 773]
Event: 713.155 Thread 0x000001e57ef3a800 Exception <a 'java/lang/NoSuchMethodError'{0x0000000085761540}: 'java.lang.Object java.lang.invoke.DirectMethodHandle$Holder.invokeStatic(java.lang.Object, java.lang.Object, java.lang.Object, java.lang.Object, int, java.lang.Object)'> (0x0000000085761540) thrown at [./src/hotspot/share/interpreter/linkResolver.cpp, line 773]
Event: 713.160 Thread 0x000001e57ef3a800 Exception <a 'java/lang/NoSuchMethodError'{0x00000000857652f8}: 'java.lang.Object java.lang.invoke.Invokers$Holder.linkToTargetMethod(java.lang.Object, java.lang.Object, java.lang.Object, int, java.lang.Object, java.lang.Object)'> (0x00000000857652f8) thrown at [./src/hotspot/share/interpreter/linkResolver.cpp, line 773]
Event: 713.393 Thread 0x000001e57ef35000 Exception <a 'java/lang/NoSuchMethodError'{0x00000000857ebd78}: 'void java.lang.invoke.DirectMethodHandle$Holder.invokeInterface(java.lang.Object, java.lang.Object, java.lang.Object, java.lang.Object)'> (0x00000000857ebd78) thrown at [./src/hotspot/share/interpreter/linkResolver.cpp, line 773]

Events (20 events):
Event: 713.392 loading class org/gradle/internal/collect/PersistentList
Event: 713.392 loading class org/gradle/internal/collect/PersistentList done
Event: 713.398 loading class org/gradle/internal/collect/PersistentList
Event: 713.398 loading class org/gradle/internal/collect/PersistentList done
Event: 713.398 loading class org/gradle/execution/plan/ValuedVfsHierarchy$ValueVisitor
Event: 713.398 loading class org/gradle/execution/plan/ValuedVfsHierarchy$ValueVisitor done
Event: 713.404 loading class org/gradle/internal/snapshot/ChildMap$Entry
Event: 713.404 loading class org/gradle/internal/snapshot/ChildMap$Entry done
Event: 713.464 loading class org/gradle/execution/plan/ExecutionNodeAccessHierarchies$InputNodeAccessHierarchy
Event: 713.464 loading class org/gradle/execution/plan/ExecutionNodeAccessHierarchies$InputNodeAccessHierarchy done
Event: 713.469 loading class org/gradle/api/internal/tasks/execution/DefaultTaskExecutionContext
Event: 713.469 loading class org/gradle/api/internal/tasks/execution/DefaultTaskExecutionContext done
Event: 713.472 loading class org/gradle/internal/reflect/validation/TypeValidationContext
Event: 713.472 loading class org/gradle/internal/reflect/validation/TypeValidationContext done
Event: 713.473 loading class org/gradle/execution/plan/MissingTaskDependencyDetector
Event: 713.473 loading class org/gradle/execution/plan/MissingTaskDependencyDetector done
Event: 713.474 loading class org/gradle/execution/plan/MissingTaskDependencyDetector
Event: 713.474 loading class org/gradle/execution/plan/MissingTaskDependencyDetector done
Event: 713.475 loading class org/gradle/api/internal/tasks/TaskExecutionContext$ValidationAction
Event: 713.475 loading class org/gradle/api/internal/tasks/TaskExecutionContext$ValidationAction done


Dynamic libraries:
0x00007ff6d05c0000 - 0x00007ff6d05cd000 	C:\Program Files\Eclipse Adoptium\jdk-11.0.17.8-hotspot\bin\java.exe
0x00007ffe14f30000 - 0x00007ffe15128000 	C:\Windows\SYSTEM32\ntdll.dll
0x00007ffe14d50000 - 0x00007ffe14e0d000 	C:\Windows\System32\KERNEL32.DLL
0x00007ffe12830000 - 0x00007ffe12b26000 	C:\Windows\System32\KERNELBASE.dll
0x00007ffe12680000 - 0x00007ffe12780000 	C:\Windows\System32\ucrtbase.dll
0x00007ffe09210000 - 0x00007ffe09227000 	C:\Program Files\Eclipse Adoptium\jdk-11.0.17.8-hotspot\bin\jli.dll
0x00007ffe13dd0000 - 0x00007ffe13f6e000 	C:\Windows\System32\USER32.dll
0x00007ffe12ed0000 - 0x00007ffe12ef2000 	C:\Windows\System32\win32u.dll
0x00007ffe14260000 - 0x00007ffe1428c000 	C:\Windows\System32\GDI32.dll
0x00007ffe12b30000 - 0x00007ffe12c4a000 	C:\Windows\System32\gdi32full.dll
0x00007ffe12e30000 - 0x00007ffe12ecd000 	C:\Windows\System32\msvcp_win.dll
0x00007ffe09150000 - 0x00007ffe09165000 	C:\Program Files\Eclipse Adoptium\jdk-11.0.17.8-hotspot\bin\VCRUNTIME140.dll
0x00007ffdfd5e0000 - 0x00007ffdfd87a000 	C:\Windows\WinSxS\amd64_microsoft.windows.common-controls_6595b64144ccf1df_6.0.19041.3636_none_60b6a03d71f818d5\COMCTL32.dll
0x00007ffe142b0000 - 0x00007ffe1434e000 	C:\Windows\System32\msvcrt.dll
0x00007ffe13650000 - 0x00007ffe13680000 	C:\Windows\System32\IMM32.DLL
0x00007ffde63c0000 - 0x00007ffde645b000 	C:\Program Files\Eclipse Adoptium\jdk-11.0.17.8-hotspot\bin\msvcp140.dll
0x00007ffdc6960000 - 0x00007ffdc74e2000 	C:\Program Files\Eclipse Adoptium\jdk-11.0.17.8-hotspot\bin\server\jvm.dll
0x00007ffe14510000 - 0x00007ffe145bf000 	C:\Windows\System32\ADVAPI32.dll
0x00007ffe145c0000 - 0x00007ffe1465c000 	C:\Windows\System32\sechost.dll
0x00007ffe13040000 - 0x00007ffe13166000 	C:\Windows\System32\RPCRT4.dll
0x00007ffe14290000 - 0x00007ffe14298000 	C:\Windows\System32\PSAPI.DLL
0x00007ffdf2150000 - 0x00007ffdf2159000 	C:\Windows\SYSTEM32\WSOCK32.dll
0x00007ffe14440000 - 0x00007ffe144ab000 	C:\Windows\System32\WS2_32.dll
0x00007ffdf4d40000 - 0x00007ffdf4d67000 	C:\Windows\SYSTEM32\WINMM.dll
0x00007ffe06bd0000 - 0x00007ffe06bda000 	C:\Windows\SYSTEM32\VERSION.dll
0x00007ffe10e60000 - 0x00007ffe10e72000 	C:\Windows\SYSTEM32\kernel.appcore.dll
0x00007ffe0a760000 - 0x00007ffe0a770000 	C:\Program Files\Eclipse Adoptium\jdk-11.0.17.8-hotspot\bin\verify.dll
0x00007ffe0d380000 - 0x00007ffe0d564000 	C:\Windows\SYSTEM32\DBGHELP.DLL
0x00007ffdf4c40000 - 0x00007ffdf4c74000 	C:\Windows\SYSTEM32\dbgcore.DLL
0x00007ffe12f00000 - 0x00007ffe12f82000 	C:\Windows\System32\bcryptPrimitives.dll
0x00007ffdffe70000 - 0x00007ffdffe98000 	C:\Program Files\Eclipse Adoptium\jdk-11.0.17.8-hotspot\bin\java.dll
0x00007ffe0a650000 - 0x00007ffe0a65a000 	C:\Program Files\Eclipse Adoptium\jdk-11.0.17.8-hotspot\bin\jimage.dll
0x00007ffe09130000 - 0x00007ffe09148000 	C:\Program Files\Eclipse Adoptium\jdk-11.0.17.8-hotspot\bin\zip.dll
0x00007ffe13680000 - 0x00007ffe13dc4000 	C:\Windows\System32\SHELL32.dll
0x00007ffe0d570000 - 0x00007ffe0dd0b000 	C:\Windows\SYSTEM32\windows.storage.dll
0x00007ffe14660000 - 0x00007ffe149b4000 	C:\Windows\System32\combase.dll
0x00007ffe11fe0000 - 0x00007ffe1200d000 	C:\Windows\SYSTEM32\Wldp.dll
0x00007ffe13f70000 - 0x00007ffe1401d000 	C:\Windows\System32\SHCORE.dll
0x00007ffe14ae0000 - 0x00007ffe14b35000 	C:\Windows\System32\shlwapi.dll
0x00007ffe12540000 - 0x00007ffe12565000 	C:\Windows\SYSTEM32\profapi.dll
0x00007ffe08660000 - 0x00007ffe08679000 	C:\Program Files\Eclipse Adoptium\jdk-11.0.17.8-hotspot\bin\net.dll
0x00007ffdfda00000 - 0x00007ffdfdb0a000 	C:\Windows\SYSTEM32\WINHTTP.dll
0x00007ffe11d40000 - 0x00007ffe11daa000 	C:\Windows\system32\mswsock.dll
0x00007ffe08600000 - 0x00007ffe08613000 	C:\Program Files\Eclipse Adoptium\jdk-11.0.17.8-hotspot\bin\nio.dll
0x00007ffde6390000 - 0x00007ffde63b7000 	C:\Users\Ayesha\.gradle\native\68d5fa5c4cc2d200863cafc0d521ce42e7d3e7ee720ec0a83991735586a16f82\windows-amd64\native-platform.dll
0x00007ffde6530000 - 0x00007ffde6674000 	C:\Users\Ayesha\.gradle\native\e376f236ea51e6404a007f0833ffe2c6e607c4080706a723a18a27aeea778392\windows-amd64\native-platform-file-events.dll
0x00007ffe016a0000 - 0x00007ffe016a9000 	C:\Program Files\Eclipse Adoptium\jdk-11.0.17.8-hotspot\bin\management.dll
0x00007ffe00a70000 - 0x00007ffe00a7b000 	C:\Program Files\Eclipse Adoptium\jdk-11.0.17.8-hotspot\bin\management_ext.dll
0x00007ffe11f30000 - 0x00007ffe11f48000 	C:\Windows\SYSTEM32\CRYPTSP.dll
0x00007ffe11670000 - 0x00007ffe116a4000 	C:\Windows\system32\rsaenh.dll
0x00007ffe12e00000 - 0x00007ffe12e27000 	C:\Windows\System32\bcrypt.dll
0x00007ffe124c0000 - 0x00007ffe124ee000 	C:\Windows\SYSTEM32\USERENV.dll
0x00007ffe11f50000 - 0x00007ffe11f5c000 	C:\Windows\SYSTEM32\CRYPTBASE.dll
0x00007ffe11a30000 - 0x00007ffe11a6b000 	C:\Windows\SYSTEM32\IPHLPAPI.DLL
0x00007ffe13640000 - 0x00007ffe13648000 	C:\Windows\System32\NSI.dll
0x00007ffdfe2e0000 - 0x00007ffdfe2f7000 	C:\Windows\SYSTEM32\dhcpcsvc6.DLL
0x00007ffdfee20000 - 0x00007ffdfee3d000 	C:\Windows\SYSTEM32\dhcpcsvc.DLL
0x00007ffe11a70000 - 0x00007ffe11b3a000 	C:\Windows\SYSTEM32\DNSAPI.dll

dbghelp: loaded successfully - version: 4.0.5 - missing functions: none
symbol engine: initialized successfully - sym options: 0x614 - pdb path: .;C:\Program Files\Eclipse Adoptium\jdk-11.0.17.8-hotspot\bin;C:\Windows\SYSTEM32;C:\Windows\WinSxS\amd64_microsoft.windows.common-controls_6595b64144ccf1df_6.0.19041.3636_none_60b6a03d71f818d5;C:\Program Files\Eclipse Adoptium\jdk-11.0.17.8-hotspot\bin\server;C:\Users\Ayesha\.gradle\native\68d5fa5c4cc2d200863cafc0d521ce42e7d3e7ee720ec0a83991735586a16f82\windows-amd64;C:\Users\Ayesha\.gradle\native\e376f236ea51e6404a007f0833ffe2c6e607c4080706a723a18a27aeea778392\windows-amd64

VM Arguments:
jvm_args: -XX:MaxMetaspaceSize=512m --add-opens=java.base/java.util=ALL-UNNAMED --add-opens=java.base/java.lang=ALL-UNNAMED --add-opens=java.base/java.lang.invoke=ALL-UNNAMED --add-opens=java.prefs/java.util.prefs=ALL-UNNAMED --add-opens=java.base/java.nio.charset=ALL-UNNAMED --add-opens=java.base/java.net=ALL-UNNAMED --add-opens=java.base/java.util.concurrent.atomic=ALL-UNNAMED -Xmx2048m -Dfile.encoding=windows-1252 -Duser.country=US -Duser.language=en -Duser.variant 
java_command: org.gradle.launcher.daemon.bootstrap.GradleDaemon 8.0.1
java_class_path (initial): C:\Users\Ayesha\.gradle\wrapper\dists\gradle-8.0.1-all\aro4hu1c3oeioove7l0i4i14o\gradle-8.0.1\lib\gradle-launcher-8.0.1.jar
Launcher Type: SUN_STANDARD

[Global flags]
     intx CICompilerCount                          = 3                                         {product} {ergonomic}
   size_t CompressedClassSpaceSize                 = 528482304                                 {product} {ergonomic}
     uint ConcGCThreads                            = 1                                         {product} {ergonomic}
     uint G1ConcRefinementThreads                  = 4                                         {product} {ergonomic}
   size_t G1HeapRegionSize                         = 1048576                                   {product} {ergonomic}
    uintx GCDrainStackTargetSize                   = 64                                        {product} {ergonomic}
   size_t InitialHeapSize                          = 67108864                                  {product} {ergonomic}
   size_t MarkStackSize                            = 4194304                                   {product} {ergonomic}
   size_t MaxHeapSize                              = 2147483648                                {product} {command line}
   size_t MaxMetaspaceSize                         = 536870912                                 {product} {command line}
   size_t MaxNewSize                               = 1287651328                                {product} {ergonomic}
   size_t MinHeapDeltaBytes                        = 1048576                                   {product} {ergonomic}
    uintx NonNMethodCodeHeapSize                   = 5830732                                {pd product} {ergonomic}
    uintx NonProfiledCodeHeapSize                  = 122913754                              {pd product} {ergonomic}
    uintx ProfiledCodeHeapSize                     = 122913754                              {pd product} {ergonomic}
    uintx ReservedCodeCacheSize                    = 251658240                              {pd product} {ergonomic}
     bool SegmentedCodeCache                       = true                                      {product} {ergonomic}
     bool UseCompressedClassPointers               = true                                 {lp64_product} {ergonomic}
     bool UseCompressedOops                        = true                                 {lp64_product} {ergonomic}
     bool UseG1GC                                  = true                                      {product} {ergonomic}
     bool UseLargePagesIndividualAllocation        = false                                  {pd product} {ergonomic}

Logging:
Log output configuration:
 #0: stdout all=warning uptime,level,tags
 #1: stderr all=off uptime,level,tags

Environment Variables:
CLASSPATH=E:\Workspace\NewFolder\ForEachPartner\android\\gradle\wrapper\gradle-wrapper.jar
PATH=E:\Workspace\NewFolder\ForEachPartner\node_modules\.bin;E:\Workspace\NewFolder\ForEachPartner\node_modules\.bin;E:\Workspace\NewFolder\node_modules\.bin;E:\Workspace\node_modules\.bin;E:\node_modules\.bin;C:\Users\Ayesha\AppData\Roaming\npm\node_modules\npm\node_modules\@npmcli\run-script\lib\node-gyp-bin;E:\Workspace\NewFolder\ForEachPartner\node_modules\.bin;E:\Workspace\NewFolder\ForEachPartner\node_modules\.bin;E:\Workspace\NewFolder\node_modules\.bin;E:\Workspace\node_modules\.bin;E:\node_modules\.bin;C:\Users\Ayesha\AppData\Roaming\npm\node_modules\npm\node_modules\@npmcli\run-script\lib\node-gyp-bin;C:\Program Files\Eclipse Adoptium\jdk-11.0.17.8-hotspot\bin;C:\Windows\system32;C:\Windows;C:\Windows\System32\Wbem;C:\Windows\System32\WindowsPowerShell\v1.0\;C:\Windows\System32\OpenSSH\;C:\ProgramData\chocolatey\bin;C:\Program Files\nodejs\;C:\Program Files\Git\cmd;C:\Users\Ayesha\AppData\Local\Microsoft\WindowsApps;C:\Users\Ayesha\AppData\Roaming\npm;C:\Users\Ayesha\AppData\Local\Android\Sdk\platform-tools;C:\Users\Ayesha\AppData\Local\GitHubDesktop\bin;C:\Users\Ayesha\AppData\Local\Programs\Microsoft VS Code\bin
USERNAME=Ayesha
LANG=en_US.UTF-8
OS=Windows_NT
PROCESSOR_IDENTIFIER=Intel64 Family 6 Model 78 Stepping 3, GenuineIntel
TMP=C:\Users\Ayesha\AppData\Local\Temp
TEMP=C:\Users\Ayesha\AppData\Local\Temp



---------------  S Y S T E M  ---------------

OS: Windows 10 , 64 bit Build 19041 (10.0.19041.3636)
OS uptime: 6 days 7:46 hours

CPU:total 4 (initial active 4) (2 cores per cpu, 2 threads per core) family 6 model 78 stepping 3 microcode 0xf0, cmov, cx8, fxsr, mmx, sse, sse2, sse3, ssse3, sse4.1, sse4.2, popcnt, avx, avx2, aes, clmul, erms, 3dnowpref, lzcnt, ht, tsc, tscinvbit, bmi1, bmi2, adx, fma

Memory: 4k page, system-wide physical 3976M (15M free)
TotalPageFile size 16264M (AvailPageFile size 7M)
current process WorkingSet (physical memory assigned to process): 117M, peak: 181M
current process commit charge ("private bytes"): 317M, peak: 321M

vm_info: OpenJDK 64-Bit Server VM (11.0.17+8) for windows-amd64 JRE (11.0.17+8), built on Oct 19 2022 00:04:05 by "" with MS VC++ 15.9 (VS2017)

END.
