#
# There is insufficient memory for the Java Runtime Environment to continue.
# Native memory allocation (malloc) failed to allocate 253136 bytes for Chunk::new
# Possible reasons:
#   The system is out of physical RAM or swap space
#   The process is running with CompressedOops enabled, and the Java Heap may be blocking the growth of the native heap
# Possible solutions:
#   Reduce memory load on the system
#   Increase physical memory or swap space
#   Check if swap backing store is full
#   Decrease Java heap size (-Xmx/-Xms)
#   Decrease number of Java threads
#   Decrease Java thread stack sizes (-Xss)
#   Set larger code cache with -XX:ReservedCodeCacheSize=
#   JVM is running with Unscaled Compressed Oops mode in which the Java heap is
#     placed in the first 4GB address space. The Java Heap base address is the
#     maximum limit for the native heap growth. Please use -XX:HeapBaseMinAddress
#     to set the Java Heap base and to place the Java Heap above 4GB virtual address.
# This output file may be truncated or incomplete.
#
#  Out of Memory Error (./src/hotspot/share/memory/arena.cpp:197), pid=11432, tid=7700
#
# JRE version: OpenJDK Runtime Environment Temurin-11.0.17+8 (11.0.17+8) (build 11.0.17+8)
# Java VM: OpenJDK 64-Bit Server VM Temurin-11.0.17+8 (11.0.17+8, mixed mode, tiered, compressed oops, g1 gc, windows-amd64)
# No core dump will be written. Minidumps are not enabled by default on client versions of Windows
#

---------------  S U M M A R Y ------------

Command Line: -Xmx64m -Xms64m -Dorg.gradle.appname=gradlew org.gradle.wrapper.GradleWrapperMain tasks

Host: Intel(R) Core(TM) i5-6200U CPU @ 2.30GHz, 4 cores, 3G,  Windows 10 , 64 bit Build 19041 (10.0.19041.3636)
Time: Sat Dec  9 21:03:32 2023 Pacific Standard Time elapsed time: 1353.396365 seconds (0d 0h 22m 33s)

---------------  T H R E A D  ---------------

Current thread (0x000002ce7fbf4800):  JavaThread "C2 CompilerThread0" daemon [_thread_in_native, id=7700, stack(0x000000e7e5700000,0x000000e7e5800000)]


Current CompileTask:
C2:1353396 1498   !   4       java.util.concurrent.FutureTask::runAndReset (125 bytes)

Stack: [0x000000e7e5700000,0x000000e7e5800000]
Native frames: (J=compiled Java code, j=interpreted, Vv=VM code, C=native code)
V  [jvm.dll+0x61f5ba]
V  [jvm.dll+0x7abf79]
V  [jvm.dll+0x7ad668]
V  [jvm.dll+0x7add43]
V  [jvm.dll+0x24fd88]
V  [jvm.dll+0xc262c]
V  [jvm.dll+0xc2bec]
V  [jvm.dll+0x2c1c04]
V  [jvm.dll+0x52e31c]
V  [jvm.dll+0x2088c6]
V  [jvm.dll+0x20a924]
V  [jvm.dll+0x20803b]
V  [jvm.dll+0x18a3b1]
V  [jvm.dll+0x217a34]
V  [jvm.dll+0x215c7b]
V  [jvm.dll+0x76ea70]
V  [jvm.dll+0x7679a4]
V  [jvm.dll+0x61e425]
C  [ucrtbase.dll+0x21bb2]
C  [KERNEL32.DLL+0x17344]
C  [ntdll.dll+0x526b1]


---------------  P R O C E S S  ---------------

Threads class SMR info:
_java_thread_list=0x000002ce119223d0, length=11, elements={
0x000002ce74654800, 0x000002ce7fb92000, 0x000002ce7fb93800, 0x000002ce7fb8f000,
0x000002ce7fbf0800, 0x000002ce7fbf1800, 0x000002ce7fbf4800, 0x000002ce7fbf7800,
0x000002ce7fbab000, 0x000002ce110d4000, 0x000002ce11288800
}

Java Threads: ( => current thread )
  0x000002ce74654800 JavaThread "main" [_thread_in_native, id=16140, stack(0x000000e7e4a00000,0x000000e7e4b00000)]
  0x000002ce7fb92000 JavaThread "Reference Handler" daemon [_thread_blocked, id=11912, stack(0x000000e7e5200000,0x000000e7e5300000)]
  0x000002ce7fb93800 JavaThread "Finalizer" daemon [_thread_blocked, id=21068, stack(0x000000e7e5300000,0x000000e7e5400000)]
  0x000002ce7fb8f000 JavaThread "Signal Dispatcher" daemon [_thread_blocked, id=3132, stack(0x000000e7e5400000,0x000000e7e5500000)]
  0x000002ce7fbf0800 JavaThread "Attach Listener" daemon [_thread_blocked, id=3276, stack(0x000000e7e5500000,0x000000e7e5600000)]
  0x000002ce7fbf1800 JavaThread "Service Thread" daemon [_thread_blocked, id=1384, stack(0x000000e7e5600000,0x000000e7e5700000)]
=>0x000002ce7fbf4800 JavaThread "C2 CompilerThread0" daemon [_thread_in_native, id=7700, stack(0x000000e7e5700000,0x000000e7e5800000)]
  0x000002ce7fbf7800 JavaThread "C1 CompilerThread0" daemon [_thread_blocked, id=18328, stack(0x000000e7e5800000,0x000000e7e5900000)]
  0x000002ce7fbab000 JavaThread "Sweeper thread" daemon [_thread_blocked, id=11800, stack(0x000000e7e5900000,0x000000e7e5a00000)]
  0x000002ce110d4000 JavaThread "Common-Cleaner" daemon [_thread_blocked, id=5644, stack(0x000000e7e5b00000,0x000000e7e5c00000)]
  0x000002ce11288800 JavaThread "pool-1-thread-1" [_thread_blocked, id=4696, stack(0x000000e7e5d00000,0x000000e7e5e00000)]

Other Threads:
  0x000002ce7fb7c800 VMThread "VM Thread" [stack: 0x000000e7e5100000,0x000000e7e5200000] [id=20776]
  0x000002ce11077800 WatcherThread [stack: 0x000000e7e5a00000,0x000000e7e5b00000] [id=13324]
  0x000002ce7462e800 GCTaskThread "GC Thread#0" [stack: 0x000000e7e4c00000,0x000000e7e4d00000] [id=17520]
  0x000002ce114d8800 GCTaskThread "GC Thread#1" [stack: 0x000000e7e5c00000,0x000000e7e5d00000] [id=11468]
  0x000002ce7466e000 ConcurrentGCThread "G1 Main Marker" [stack: 0x000000e7e4d00000,0x000000e7e4e00000] [id=11984]
  0x000002ce7466f800 ConcurrentGCThread "G1 Conc#0" [stack: 0x000000e7e4e00000,0x000000e7e4f00000] [id=1716]
  0x000002ce746c2000 ConcurrentGCThread "G1 Refine#0" [stack: 0x000000e7e4f00000,0x000000e7e5000000] [id=12352]
  0x000002ce746c3800 ConcurrentGCThread "G1 Young RemSet Sampling" [stack: 0x000000e7e5000000,0x000000e7e5100000] [id=17224]

Threads with active compile tasks:
C2 CompilerThread0  1353639 1498   !   4       java.util.concurrent.FutureTask::runAndReset (125 bytes)

VM state:not at safepoint (normal execution)

VM Mutex/Monitor currently owned by a thread: None

Heap address: 0x00000000fc000000, size: 64 MB, Compressed Oops mode: 32-bit
Narrow klass base: 0x0000000000000000, Narrow klass shift: 3
Compressed class space size: 1073741824 Address: 0x0000000100000000

Heap:
 garbage-first heap   total 65536K, used 41220K [0x00000000fc000000, 0x0000000100000000)
  region size 1024K, 37 young (37888K), 2 survivors (2048K)
 Metaspace       used 16600K, capacity 16943K, committed 17152K, reserved 1064960K
  class space    used 1850K, capacity 1995K, committed 2048K, reserved 1048576K
Heap Regions: E=young(eden), S=young(survivor), O=old, HS=humongous(starts), HC=humongous(continues), CS=collection set, F=free, A=archive, TAMS=top-at-mark-start (previous, next)
|   0|0x00000000fc000000, 0x00000000fc100000, 0x00000000fc100000|100%| O|  |TAMS 0x00000000fc000000, 0x00000000fc000000| Untracked 
|   1|0x00000000fc100000, 0x00000000fc141200, 0x00000000fc200000| 25%| O|  |TAMS 0x00000000fc100000, 0x00000000fc100000| Untracked 
|   2|0x00000000fc200000, 0x00000000fc300000, 0x00000000fc300000|100%|HS|  |TAMS 0x00000000fc200000, 0x00000000fc200000| Complete 
|   3|0x00000000fc300000, 0x00000000fc400000, 0x00000000fc400000|100%|HC|  |TAMS 0x00000000fc300000, 0x00000000fc300000| Complete 
|   4|0x00000000fc400000, 0x00000000fc500000, 0x00000000fc500000|100%|HC|  |TAMS 0x00000000fc400000, 0x00000000fc400000| Complete 
|   5|0x00000000fc500000, 0x00000000fc600000, 0x00000000fc600000|100%|HC|  |TAMS 0x00000000fc500000, 0x00000000fc500000| Complete 
|   6|0x00000000fc600000, 0x00000000fc600000, 0x00000000fc700000|  0%| F|  |TAMS 0x00000000fc600000, 0x00000000fc600000| Untracked 
|   7|0x00000000fc700000, 0x00000000fc700000, 0x00000000fc800000|  0%| F|  |TAMS 0x00000000fc700000, 0x00000000fc700000| Untracked 
|   8|0x00000000fc800000, 0x00000000fc800000, 0x00000000fc900000|  0%| F|  |TAMS 0x00000000fc800000, 0x00000000fc800000| Untracked 
|   9|0x00000000fc900000, 0x00000000fc900000, 0x00000000fca00000|  0%| F|  |TAMS 0x00000000fc900000, 0x00000000fc900000| Untracked 
|  10|0x00000000fca00000, 0x00000000fca00000, 0x00000000fcb00000|  0%| F|  |TAMS 0x00000000fca00000, 0x00000000fca00000| Untracked 
|  11|0x00000000fcb00000, 0x00000000fcb00000, 0x00000000fcc00000|  0%| F|  |TAMS 0x00000000fcb00000, 0x00000000fcb00000| Untracked 
|  12|0x00000000fcc00000, 0x00000000fcc00000, 0x00000000fcd00000|  0%| F|  |TAMS 0x00000000fcc00000, 0x00000000fcc00000| Untracked 
|  13|0x00000000fcd00000, 0x00000000fcd00000, 0x00000000fce00000|  0%| F|  |TAMS 0x00000000fcd00000, 0x00000000fcd00000| Untracked 
|  14|0x00000000fce00000, 0x00000000fce00000, 0x00000000fcf00000|  0%| F|  |TAMS 0x00000000fce00000, 0x00000000fce00000| Untracked 
|  15|0x00000000fcf00000, 0x00000000fcf00000, 0x00000000fd000000|  0%| F|  |TAMS 0x00000000fcf00000, 0x00000000fcf00000| Untracked 
|  16|0x00000000fd000000, 0x00000000fd000000, 0x00000000fd100000|  0%| F|  |TAMS 0x00000000fd000000, 0x00000000fd000000| Untracked 
|  17|0x00000000fd100000, 0x00000000fd100000, 0x00000000fd200000|  0%| F|  |TAMS 0x00000000fd100000, 0x00000000fd100000| Untracked 
|  18|0x00000000fd200000, 0x00000000fd200000, 0x00000000fd300000|  0%| F|  |TAMS 0x00000000fd200000, 0x00000000fd200000| Untracked 
|  19|0x00000000fd300000, 0x00000000fd300000, 0x00000000fd400000|  0%| F|  |TAMS 0x00000000fd300000, 0x00000000fd300000| Untracked 
|  20|0x00000000fd400000, 0x00000000fd400000, 0x00000000fd500000|  0%| F|  |TAMS 0x00000000fd400000, 0x00000000fd400000| Untracked 
|  21|0x00000000fd500000, 0x00000000fd500000, 0x00000000fd600000|  0%| F|  |TAMS 0x00000000fd500000, 0x00000000fd500000| Untracked 
|  22|0x00000000fd600000, 0x00000000fd600000, 0x00000000fd700000|  0%| F|  |TAMS 0x00000000fd600000, 0x00000000fd600000| Untracked 
|  23|0x00000000fd700000, 0x00000000fd700000, 0x00000000fd800000|  0%| F|  |TAMS 0x00000000fd700000, 0x00000000fd700000| Untracked 
|  24|0x00000000fd800000, 0x00000000fd800000, 0x00000000fd900000|  0%| F|  |TAMS 0x00000000fd800000, 0x00000000fd800000| Untracked 
|  25|0x00000000fd900000, 0x00000000fd900000, 0x00000000fda00000|  0%| F|  |TAMS 0x00000000fd900000, 0x00000000fd900000| Untracked 
|  26|0x00000000fda00000, 0x00000000fda00000, 0x00000000fdb00000|  0%| F|  |TAMS 0x00000000fda00000, 0x00000000fda00000| Untracked 
|  27|0x00000000fdb00000, 0x00000000fdbdcaa8, 0x00000000fdc00000| 86%| E|  |TAMS 0x00000000fdb00000, 0x00000000fdb00000| Complete 
|  28|0x00000000fdc00000, 0x00000000fdd00000, 0x00000000fdd00000|100%| E|CS|TAMS 0x00000000fdc00000, 0x00000000fdc00000| Complete 
|  29|0x00000000fdd00000, 0x00000000fde00000, 0x00000000fde00000|100%| E|CS|TAMS 0x00000000fdd00000, 0x00000000fdd00000| Complete 
|  30|0x00000000fde00000, 0x00000000fdf00000, 0x00000000fdf00000|100%| E|CS|TAMS 0x00000000fde00000, 0x00000000fde00000| Complete 
|  31|0x00000000fdf00000, 0x00000000fe000000, 0x00000000fe000000|100%| E|CS|TAMS 0x00000000fdf00000, 0x00000000fdf00000| Complete 
|  32|0x00000000fe000000, 0x00000000fe100000, 0x00000000fe100000|100%| E|CS|TAMS 0x00000000fe000000, 0x00000000fe000000| Complete 
|  33|0x00000000fe100000, 0x00000000fe200000, 0x00000000fe200000|100%| E|CS|TAMS 0x00000000fe100000, 0x00000000fe100000| Complete 
|  34|0x00000000fe200000, 0x00000000fe300000, 0x00000000fe300000|100%| E|CS|TAMS 0x00000000fe200000, 0x00000000fe200000| Complete 
|  35|0x00000000fe300000, 0x00000000fe400000, 0x00000000fe400000|100%| E|CS|TAMS 0x00000000fe300000, 0x00000000fe300000| Complete 
|  36|0x00000000fe400000, 0x00000000fe500000, 0x00000000fe500000|100%| E|CS|TAMS 0x00000000fe400000, 0x00000000fe400000| Complete 
|  37|0x00000000fe500000, 0x00000000fe600000, 0x00000000fe600000|100%| E|CS|TAMS 0x00000000fe500000, 0x00000000fe500000| Complete 
|  38|0x00000000fe600000, 0x00000000fe700000, 0x00000000fe700000|100%| E|CS|TAMS 0x00000000fe600000, 0x00000000fe600000| Complete 
|  39|0x00000000fe700000, 0x00000000fe800000, 0x00000000fe800000|100%| E|CS|TAMS 0x00000000fe700000, 0x00000000fe700000| Complete 
|  40|0x00000000fe800000, 0x00000000fe900000, 0x00000000fe900000|100%| E|CS|TAMS 0x00000000fe800000, 0x00000000fe800000| Complete 
|  41|0x00000000fe900000, 0x00000000fea00000, 0x00000000fea00000|100%| E|CS|TAMS 0x00000000fe900000, 0x00000000fe900000| Complete 
|  42|0x00000000fea00000, 0x00000000feb00000, 0x00000000feb00000|100%| E|CS|TAMS 0x00000000fea00000, 0x00000000fea00000| Complete 
|  43|0x00000000feb00000, 0x00000000fec00000, 0x00000000fec00000|100%| E|CS|TAMS 0x00000000feb00000, 0x00000000feb00000| Complete 
|  44|0x00000000fec00000, 0x00000000fed00000, 0x00000000fed00000|100%| E|CS|TAMS 0x00000000fec00000, 0x00000000fec00000| Complete 
|  45|0x00000000fed00000, 0x00000000fee00000, 0x00000000fee00000|100%| E|CS|TAMS 0x00000000fed00000, 0x00000000fed00000| Complete 
|  46|0x00000000fee00000, 0x00000000fef00000, 0x00000000fef00000|100%| E|CS|TAMS 0x00000000fee00000, 0x00000000fee00000| Complete 
|  47|0x00000000fef00000, 0x00000000ff000000, 0x00000000ff000000|100%| E|CS|TAMS 0x00000000fef00000, 0x00000000fef00000| Complete 
|  48|0x00000000ff000000, 0x00000000ff100000, 0x00000000ff100000|100%| S|CS|TAMS 0x00000000ff000000, 0x00000000ff000000| Complete 
|  49|0x00000000ff100000, 0x00000000ff200000, 0x00000000ff200000|100%| S|CS|TAMS 0x00000000ff100000, 0x00000000ff100000| Complete 
|  50|0x00000000ff200000, 0x00000000ff300000, 0x00000000ff300000|100%| E|CS|TAMS 0x00000000ff200000, 0x00000000ff200000| Complete 
|  51|0x00000000ff300000, 0x00000000ff400000, 0x00000000ff400000|100%| E|CS|TAMS 0x00000000ff300000, 0x00000000ff300000| Complete 
|  52|0x00000000ff400000, 0x00000000ff500000, 0x00000000ff500000|100%| E|CS|TAMS 0x00000000ff400000, 0x00000000ff400000| Complete 
|  53|0x00000000ff500000, 0x00000000ff600000, 0x00000000ff600000|100%| E|CS|TAMS 0x00000000ff500000, 0x00000000ff500000| Complete 
|  54|0x00000000ff600000, 0x00000000ff700000, 0x00000000ff700000|100%| E|CS|TAMS 0x00000000ff600000, 0x00000000ff600000| Complete 
|  55|0x00000000ff700000, 0x00000000ff800000, 0x00000000ff800000|100%| E|CS|TAMS 0x00000000ff700000, 0x00000000ff700000| Complete 
|  56|0x00000000ff800000, 0x00000000ff900000, 0x00000000ff900000|100%| E|CS|TAMS 0x00000000ff800000, 0x00000000ff800000| Complete 
|  57|0x00000000ff900000, 0x00000000ffa00000, 0x00000000ffa00000|100%| E|CS|TAMS 0x00000000ff900000, 0x00000000ff900000| Complete 
|  58|0x00000000ffa00000, 0x00000000ffb00000, 0x00000000ffb00000|100%| E|CS|TAMS 0x00000000ffa00000, 0x00000000ffa00000| Complete 
|  59|0x00000000ffb00000, 0x00000000ffc00000, 0x00000000ffc00000|100%| E|CS|TAMS 0x00000000ffb00000, 0x00000000ffb00000| Complete 
|  60|0x00000000ffc00000, 0x00000000ffd00000, 0x00000000ffd00000|100%| E|CS|TAMS 0x00000000ffc00000, 0x00000000ffc00000| Complete 
|  61|0x00000000ffd00000, 0x00000000ffe00000, 0x00000000ffe00000|100%| E|  |TAMS 0x00000000ffd00000, 0x00000000ffd00000| Complete 
|  62|0x00000000ffe00000, 0x00000000fff00000, 0x00000000fff00000|100%| E|CS|TAMS 0x00000000ffe00000, 0x00000000ffe00000| Complete 
|  63|0x00000000fff00000, 0x0000000100000000, 0x0000000100000000|100%| E|CS|TAMS 0x00000000fff00000, 0x00000000fff00000| Complete 

Card table byte_map: [0x000002ce74730000,0x000002ce74750000] _byte_map_base: 0x000002ce73f50000

Marking Bits (Prev, Next): (CMBitMap*) 0x000002ce7466ccf8, (CMBitMap*) 0x000002ce7466cd30
 Prev Bits: [0x000002ce7ebe0000, 0x000002ce7ece0000)
 Next Bits: [0x000002ce7ece0000, 0x000002ce7ede0000)

Polling page: 0x000002ce744d0000

Metaspace:

Usage:
  Non-class:     14.60 MB capacity,    14.40 MB ( 99%) used,   172.23 KB (  1%) free+waste,    25.25 KB ( <1%) overhead. 
      Class:      1.95 MB capacity,     1.81 MB ( 93%) used,   132.13 KB (  7%) free+waste,    12.50 KB ( <1%) overhead. 
       Both:     16.55 MB capacity,    16.21 MB ( 98%) used,   304.35 KB (  2%) free+waste,    37.75 KB ( <1%) overhead. 

Virtual space:
  Non-class space:       16.00 MB reserved,      14.75 MB ( 92%) committed 
      Class space:        1.00 GB reserved,       2.00 MB ( <1%) committed 
             Both:        1.02 GB reserved,      16.75 MB (  2%) committed 

Chunk freelists:
   Non-Class:  28.00 KB
       Class:  21.00 KB
        Both:  49.00 KB

MaxMetaspaceSize: 17179869184.00 GB
CompressedClassSpaceSize: 1.00 GB
Initial GC threshold: 20.80 MB
Current GC threshold: 20.80 MB
CDS: off

CodeHeap 'non-profiled nmethods': size=120064Kb used=609Kb max_used=609Kb free=119454Kb
 bounds [0x000002ce07ac0000, 0x000002ce07d30000, 0x000002ce0f000000]
CodeHeap 'profiled nmethods': size=120000Kb used=2916Kb max_used=2916Kb free=117083Kb
 bounds [0x000002ce00590000, 0x000002ce00870000, 0x000002ce07ac0000]
CodeHeap 'non-nmethods': size=5696Kb used=1166Kb max_used=1186Kb free=4529Kb
 bounds [0x000002ce00000000, 0x000002ce00270000, 0x000002ce00590000]
 total_blobs=1916 nmethods=1483 adapters=346
 compilation: enabled
              stopped_count=0, restarted_count=0
 full_count=0

Compilation events (20 events):
Event: 1330.463 Thread 0x000002ce7fbf7800 nmethod 1486 0x000002ce00863d10 code [0x000002ce00863ee0, 0x000002ce00864128]
Event: 1330.463 Thread 0x000002ce7fbf7800 1487       3       java.lang.reflect.AccessibleObject::checkCanSetAccessible (9 bytes)
Event: 1330.463 Thread 0x000002ce7fbf7800 nmethod 1487 0x000002ce00864210 code [0x000002ce008643c0, 0x000002ce008644e8]
Event: 1330.503 Thread 0x000002ce7fbf7800 1489       3       org.gradle.internal.logging.text.AbstractLineChoppingStyledTextOutput$2::execute (77 bytes)
Event: 1330.507 Thread 0x000002ce7fbf7800 nmethod 1489 0x000002ce00864590 code [0x000002ce00864840, 0x000002ce00865338]
Event: 1330.507 Thread 0x000002ce7fbf7800 1488       3       org.gradle.internal.logging.text.AbstractLineChoppingStyledTextOutput::access$900 (4 bytes)
Event: 1330.507 Thread 0x000002ce7fbf7800 nmethod 1488 0x000002ce00865810 code [0x000002ce008659c0, 0x000002ce00865ab8]
Event: 1336.981 Thread 0x000002ce7fbf7800 1490       3       org.gradle.internal.logging.sink.GroupingProgressLogEventGenerator$OperationGroup::flushOutput (197 bytes)
Event: 1336.984 Thread 0x000002ce7fbf7800 nmethod 1490 0x000002ce00865b90 code [0x000002ce00865ec0, 0x000002ce00867108]
Event: 1339.698 Thread 0x000002ce7fbf4800 1492       4       jdk.internal.org.objectweb.asm.ByteVector::putShort (52 bytes)
Event: 1339.702 Thread 0x000002ce7fbf4800 nmethod 1492 0x000002ce07b57810 code [0x000002ce07b579c0, 0x000002ce07b57b48]
Event: 1340.178 Thread 0x000002ce7fbf4800 1493       4       java.lang.Class::getName (18 bytes)
Event: 1340.179 Thread 0x000002ce7fbf4800 nmethod 1493 0x000002ce07b57c90 code [0x000002ce07b57e20, 0x000002ce07b57ea8]
Event: 1340.210 Thread 0x000002ce7fbf7800 1494       3       jdk.internal.org.objectweb.asm.ClassWriter::visitMethod (20 bytes)
Event: 1340.211 Thread 0x000002ce7fbf7800 nmethod 1494 0x000002ce00867810 code [0x000002ce008679c0, 0x000002ce00867ba8]
Event: 1340.211 Thread 0x000002ce7fbf7800 1495       3       jdk.internal.org.objectweb.asm.MethodWriter::<init> (247 bytes)
Event: 1340.263 Thread 0x000002ce7fbf7800 nmethod 1495 0x000002ce00867c90 code [0x000002ce00867f40, 0x000002ce00868d68]
Event: 1341.022 Thread 0x000002ce7fbf4800 1497       4       java.lang.invoke.VarHandleObjects$FieldInstanceReadWrite::compareAndSet (38 bytes)
Event: 1341.120 Thread 0x000002ce7fbf4800 nmethod 1497 0x000002ce07b57f90 code [0x000002ce07b58120, 0x000002ce07b58458]
Event: 1352.985 Thread 0x000002ce7fbf4800 1498   !   4       java.util.concurrent.FutureTask::runAndReset (125 bytes)

GC Heap History (2 events):
Event: 11.121 GC heap before
{Heap before GC invocations=0 (full 0):
 garbage-first heap   total 65536K, used 13312K [0x00000000fc000000, 0x0000000100000000)
  region size 1024K, 14 young (14336K), 0 survivors (0K)
 Metaspace       used 7679K, capacity 7889K, committed 7936K, reserved 1056768K
  class space    used 673K, capacity 754K, committed 768K, reserved 1048576K
}
Event: 11.290 GC heap after
{Heap after GC invocations=1 (full 0):
 garbage-first heap   total 65536K, used 3332K [0x00000000fc000000, 0x0000000100000000)
  region size 1024K, 2 young (2048K), 2 survivors (2048K)
 Metaspace       used 7679K, capacity 7889K, committed 7936K, reserved 1056768K
  class space    used 673K, capacity 754K, committed 768K, reserved 1048576K
}

Deoptimization events (20 events):
Event: 1320.716 Thread 0x000002ce11288800 Uncommon trap: trap_request=0xffffffc6 fr.pc=0x000002ce07b516c4 relative=0x0000000000001964
Event: 1320.719 Thread 0x000002ce11288800 Uncommon trap: reason=bimorphic_or_optimized_type_check action=maybe_recompile pc=0x000002ce07b516c4 method=org.gradle.internal.logging.console.BuildLogLevelFilterRenderer.onOutput(Lorg/gradle/internal/logging/events/OutputEvent;)V @ 8 c2
Event: 1320.719 Thread 0x000002ce11288800 DEOPT PACKING pc=0x000002ce07b516c4 sp=0x000000e7e5dff550
Event: 1320.724 Thread 0x000002ce11288800 DEOPT UNPACKING pc=0x000002ce0004a1af sp=0x000000e7e5dff2c8 mode 2
Event: 1321.515 Thread 0x000002ce11288800 Uncommon trap: trap_request=0xffffff4d fr.pc=0x000002ce07b56904 relative=0x0000000000000404
Event: 1321.515 Thread 0x000002ce11288800 Uncommon trap: reason=unstable_if action=reinterpret pc=0x000002ce07b56904 method=org.gradle.internal.logging.sink.GroupingProgressLogEventGenerator$OperationGroup.shouldForward()Z @ 9 c2
Event: 1321.515 Thread 0x000002ce11288800 DEOPT PACKING pc=0x000002ce07b56904 sp=0x000000e7e5dff2f0
Event: 1321.518 Thread 0x000002ce11288800 DEOPT UNPACKING pc=0x000002ce0004a1af sp=0x000000e7e5dff240 mode 2
Event: 1330.478 Thread 0x000002ce11288800 Uncommon trap: trap_request=0xffffffc6 fr.pc=0x000002ce07b516c4 relative=0x0000000000001964
Event: 1330.478 Thread 0x000002ce11288800 Uncommon trap: reason=bimorphic_or_optimized_type_check action=maybe_recompile pc=0x000002ce07b516c4 method=org.gradle.internal.logging.console.BuildLogLevelFilterRenderer.onOutput(Lorg/gradle/internal/logging/events/OutputEvent;)V @ 8 c2
Event: 1330.478 Thread 0x000002ce11288800 DEOPT PACKING pc=0x000002ce07b516c4 sp=0x000000e7e5dff550
Event: 1330.478 Thread 0x000002ce11288800 DEOPT UNPACKING pc=0x000002ce0004a1af sp=0x000000e7e5dff2c8 mode 2
Event: 1330.478 Thread 0x000002ce11288800 Uncommon trap: trap_request=0xffffffc6 fr.pc=0x000002ce07b49b10 relative=0x0000000000000610
Event: 1330.478 Thread 0x000002ce11288800 Uncommon trap: reason=bimorphic_or_optimized_type_check action=maybe_recompile pc=0x000002ce07b49b10 method=org.gradle.internal.logging.console.BuildLogLevelFilterRenderer.onOutput(Lorg/gradle/internal/logging/events/OutputEvent;)V @ 8 c2
Event: 1330.478 Thread 0x000002ce11288800 DEOPT PACKING pc=0x000002ce07b49b10 sp=0x000000e7e5dff350
Event: 1330.478 Thread 0x000002ce11288800 DEOPT UNPACKING pc=0x000002ce0004a1af sp=0x000000e7e5dff2c0 mode 2
Event: 1340.275 Thread 0x000002ce11288800 Uncommon trap: trap_request=0xffffffc6 fr.pc=0x000002ce07b516c4 relative=0x0000000000001964
Event: 1340.275 Thread 0x000002ce11288800 Uncommon trap: reason=bimorphic_or_optimized_type_check action=maybe_recompile pc=0x000002ce07b516c4 method=org.gradle.internal.logging.console.BuildLogLevelFilterRenderer.onOutput(Lorg/gradle/internal/logging/events/OutputEvent;)V @ 8 c2
Event: 1340.275 Thread 0x000002ce11288800 DEOPT PACKING pc=0x000002ce07b516c4 sp=0x000000e7e5dff550
Event: 1340.277 Thread 0x000002ce11288800 DEOPT UNPACKING pc=0x000002ce0004a1af sp=0x000000e7e5dff2c8 mode 2

Classes redefined (0 events):
No events

Internal exceptions (16 events):
Event: 3.232 Thread 0x000002ce74654800 Exception <a 'java/lang/NoSuchMethodError'{0x00000000ffc699d0}: 'int java.lang.invoke.DirectMethodHandle$Holder.invokeStaticInit(java.lang.Object, java.lang.Object)'> (0x00000000ffc699d0) thrown at [./src/hotspot/share/interpreter/linkResolver.cpp, line 773]
Event: 3.622 Thread 0x000002ce74654800 Exception <a 'java/lang/NoSuchMethodError'{0x00000000ffb3f450}: 'int java.lang.invoke.DirectMethodHandle$Holder.invokeSpecial(java.lang.Object, java.lang.Object, java.lang.Object, java.lang.Object)'> (0x00000000ffb3f450) thrown at [./src/hotspot/share/interpreter/linkResolver.cpp, line 773]
Event: 3.635 Thread 0x000002ce74654800 Exception <a 'java/lang/NoSuchMethodError'{0x00000000ffb77cf0}: 'int java.lang.invoke.DirectMethodHandle$Holder.invokeSpecialIFC(java.lang.Object, java.lang.Object, int)'> (0x00000000ffb77cf0) thrown at [./src/hotspot/share/interpreter/linkResolver.cpp, line 773]
Event: 16.106 Thread 0x000002ce74654800 Exception <a 'java/lang/NoClassDefFoundError'{0x00000000ff683f08}: org/slf4j/impl/StaticMarkerBinder> (0x00000000ff683f08) thrown at [./src/hotspot/share/classfile/systemDictionary.cpp, line 219]
Event: 16.300 Thread 0x000002ce74654800 Exception <a 'java/lang/NoSuchMethodError'{0x00000000ff585c80}: 'java.lang.Object java.lang.invoke.DirectMethodHandle$Holder.invokeVirtual(java.lang.Object, java.lang.Object, java.lang.Object, java.lang.Object, java.lang.Object, java.lang.Object, java.lang.Object)'> (0x00000000ff585c80) thrown at [./src/hotspot/share/interpreter/linkResolver.cpp, line 773]
Event: 16.304 Thread 0x000002ce74654800 Exception <a 'java/lang/NoSuchMethodError'{0x00000000ff5997c8}: 'java.lang.Object java.lang.invoke.Invokers$Holder.invoker(java.lang.Object, java.lang.Object, java.lang.Object)'> (0x00000000ff5997c8) thrown at [./src/hotspot/share/interpreter/linkResolver.cpp, line 773]
Event: 16.310 Thread 0x000002ce74654800 Exception <a 'java/lang/NoSuchMethodError'{0x00000000ff5aa448}: 'void java.lang.invoke.DelegatingMethodHandle$Holder.delegate(java.lang.Object, java.lang.Object, int, java.lang.Object)'> (0x00000000ff5aa448) thrown at [./src/hotspot/share/interpreter/linkResolver.cpp, line 773]
Event: 18.677 Thread 0x000002ce74654800 Exception <a 'java/lang/NoSuchMethodError'{0x00000000fea930b0}: 'java.lang.Object java.lang.invoke.DirectMethodHandle$Holder.invokeStaticInit(java.lang.Object, java.lang.Object, java.lang.Object)'> (0x00000000fea930b0) thrown at [./src/hotspot/share/interpreter/linkResolver.cpp, line 773]
Event: 19.774 Thread 0x000002ce74654800 Exception <a 'java/lang/NoSuchMethodError'{0x00000000fe5a1778}: 'java.lang.Object java.lang.invoke.DirectMethodHandle$Holder.invokeStaticInit(java.lang.Object, int, int, int, int)'> (0x00000000fe5a1778) thrown at [./src/hotspot/share/interpreter/linkResolver.cpp, line 773]
Event: 24.767 Thread 0x000002ce74654800 Exception <a 'java/lang/NoSuchMethodError'{0x00000000fe5d6290}: 'java.lang.Object java.lang.invoke.DirectMethodHandle$Holder.invokeStaticInit(java.lang.Object, java.lang.Object, int, int, int, int)'> (0x00000000fe5d6290) thrown at [./src/hotspot/share/interpreter/linkResolver.cpp, line 773]
Event: 32.240 Thread 0x000002ce74654800 Exception <a 'java/lang/NoSuchMethodError'{0x00000000fe49e5f8}: 'void java.lang.invoke.DirectMethodHandle$Holder.invokeSpecial(java.lang.Object, java.lang.Object)'> (0x00000000fe49e5f8) thrown at [./src/hotspot/share/interpreter/linkResolver.cpp, line 773]
Event: 34.554 Thread 0x000002ce11ed4000 Exception <a 'java/lang/NoSuchMethodError'{0x00000000fde8ec58}: 'void java.lang.invoke.DirectMethodHandle$Holder.invokeStatic(java.lang.Object, long)'> (0x00000000fde8ec58) thrown at [./src/hotspot/share/interpreter/linkResolver.cpp, line 773]
Event: 34.555 Thread 0x000002ce11ed4000 Exception <a 'java/lang/NoSuchMethodError'{0x00000000fde93c00}: 'java.lang.Object java.lang.invoke.DirectMethodHandle$Holder.invokeStatic(java.lang.Object, long)'> (0x00000000fde93c00) thrown at [./src/hotspot/share/interpreter/linkResolver.cpp, line 773]
Event: 34.559 Thread 0x000002ce11ed4000 Exception <a 'java/lang/NoSuchMethodError'{0x00000000fdea1ca0}: 'java.lang.Object java.lang.invoke.DirectMethodHandle$Holder.invokeStaticInit(java.lang.Object, java.lang.Object, long, java.lang.Object)'> (0x00000000fdea1ca0) thrown at [./src/hotspot/share/interpreter/linkResolver.cpp, line 773]
Event: 34.560 Thread 0x000002ce11ed4000 Exception <a 'java/lang/NoSuchMethodError'{0x00000000fdea7b90}: 'java.lang.Object java.lang.invoke.DirectMethodHandle$Holder.invokeStatic(java.lang.Object, java.lang.Object, long)'> (0x00000000fdea7b90) thrown at [./src/hotspot/share/interpreter/linkResolver.cpp, line 773]
Event: 34.562 Thread 0x000002ce11ed4000 Exception <a 'java/lang/NoSuchMethodError'{0x00000000fdeade60}: 'java.lang.Object java.lang.invoke.Invokers$Holder.linkToTargetMethod(java.lang.Object, long, java.lang.Object)'> (0x00000000fdeade60) thrown at [./src/hotspot/share/interpreter/linkResolver.cpp, line 773]

Events (20 events):
Event: 1339.708 loading class java/io/ObjectInputStream$BlockDataInputStream
Event: 1339.751 loading class java/io/ObjectInputStream$BlockDataInputStream done
Event: 1339.797 loading class java/io/ObjectInputStream$PeekInputStream
Event: 1339.826 loading class java/io/ObjectInputStream$PeekInputStream done
Event: 1339.858 loading class java/io/ObjectInputStream$HandleTable
Event: 1339.907 loading class java/io/ObjectInputStream$HandleTable done
Event: 1339.907 loading class java/io/ObjectInputStream$HandleTable$HandleList
Event: 1339.907 loading class java/io/ObjectInputStream$HandleTable$HandleList done
Event: 1339.907 loading class java/io/ObjectInputStream$ValidationList
Event: 1339.949 loading class java/io/ObjectInputStream$ValidationList done
Event: 1339.949 loading class java/io/ObjectInputFilter$Config
Event: 1339.953 loading class java/io/ObjectInputFilter$Config done
Event: 1339.954 loading class java/io/ObjectInputFilter
Event: 1339.954 loading class java/io/ObjectInputFilter done
Event: 1340.178 loading class jdk/internal/misc/JavaObjectInputFilterAccess
Event: 1340.178 loading class jdk/internal/misc/JavaObjectInputFilterAccess done
Event: 1340.211 loading class java/io/Bits
Event: 1340.217 loading class java/io/Bits done
Event: 1340.217 loading class org/gradle/internal/serialize/ExceptionReplacingObjectInputStream$1
Event: 1340.217 loading class org/gradle/internal/serialize/ExceptionReplacingObjectInputStream$1 done


Dynamic libraries:
0x00007ff6d05c0000 - 0x00007ff6d05cd000 	C:\Program Files\Eclipse Adoptium\jdk-11.0.17.8-hotspot\bin\java.exe
0x00007ffe14f30000 - 0x00007ffe15128000 	C:\Windows\SYSTEM32\ntdll.dll
0x00007ffe14d50000 - 0x00007ffe14e0d000 	C:\Windows\System32\KERNEL32.DLL
0x00007ffe12830000 - 0x00007ffe12b26000 	C:\Windows\System32\KERNELBASE.dll
0x00007ffe12680000 - 0x00007ffe12780000 	C:\Windows\System32\ucrtbase.dll
0x00007ffe09210000 - 0x00007ffe09227000 	C:\Program Files\Eclipse Adoptium\jdk-11.0.17.8-hotspot\bin\jli.dll
0x00007ffe13dd0000 - 0x00007ffe13f6e000 	C:\Windows\System32\USER32.dll
0x00007ffe12ed0000 - 0x00007ffe12ef2000 	C:\Windows\System32\win32u.dll
0x00007ffe14260000 - 0x00007ffe1428c000 	C:\Windows\System32\GDI32.dll
0x00007ffe12b30000 - 0x00007ffe12c4a000 	C:\Windows\System32\gdi32full.dll
0x00007ffe12e30000 - 0x00007ffe12ecd000 	C:\Windows\System32\msvcp_win.dll
0x00007ffe09150000 - 0x00007ffe09165000 	C:\Program Files\Eclipse Adoptium\jdk-11.0.17.8-hotspot\bin\VCRUNTIME140.dll
0x00007ffdfd5e0000 - 0x00007ffdfd87a000 	C:\Windows\WinSxS\amd64_microsoft.windows.common-controls_6595b64144ccf1df_6.0.19041.3636_none_60b6a03d71f818d5\COMCTL32.dll
0x00007ffe142b0000 - 0x00007ffe1434e000 	C:\Windows\System32\msvcrt.dll
0x00007ffe13650000 - 0x00007ffe13680000 	C:\Windows\System32\IMM32.DLL
0x00007ffde63c0000 - 0x00007ffde645b000 	C:\Program Files\Eclipse Adoptium\jdk-11.0.17.8-hotspot\bin\msvcp140.dll
0x00007ffdc6960000 - 0x00007ffdc74e2000 	C:\Program Files\Eclipse Adoptium\jdk-11.0.17.8-hotspot\bin\server\jvm.dll
0x00007ffe14510000 - 0x00007ffe145bf000 	C:\Windows\System32\ADVAPI32.dll
0x00007ffe145c0000 - 0x00007ffe1465c000 	C:\Windows\System32\sechost.dll
0x00007ffe13040000 - 0x00007ffe13166000 	C:\Windows\System32\RPCRT4.dll
0x00007ffe14290000 - 0x00007ffe14298000 	C:\Windows\System32\PSAPI.DLL
0x00007ffdf2150000 - 0x00007ffdf2159000 	C:\Windows\SYSTEM32\WSOCK32.dll
0x00007ffe14440000 - 0x00007ffe144ab000 	C:\Windows\System32\WS2_32.dll
0x00007ffdf4d40000 - 0x00007ffdf4d67000 	C:\Windows\SYSTEM32\WINMM.dll
0x00007ffe06bd0000 - 0x00007ffe06bda000 	C:\Windows\SYSTEM32\VERSION.dll
0x00007ffe10e60000 - 0x00007ffe10e72000 	C:\Windows\SYSTEM32\kernel.appcore.dll
0x00007ffe0a760000 - 0x00007ffe0a770000 	C:\Program Files\Eclipse Adoptium\jdk-11.0.17.8-hotspot\bin\verify.dll
0x00007ffe0d380000 - 0x00007ffe0d564000 	C:\Windows\SYSTEM32\DBGHELP.DLL
0x00007ffdf4c40000 - 0x00007ffdf4c74000 	C:\Windows\SYSTEM32\dbgcore.DLL
0x00007ffe12f00000 - 0x00007ffe12f82000 	C:\Windows\System32\bcryptPrimitives.dll
0x00007ffdffe70000 - 0x00007ffdffe98000 	C:\Program Files\Eclipse Adoptium\jdk-11.0.17.8-hotspot\bin\java.dll
0x00007ffe0a650000 - 0x00007ffe0a65a000 	C:\Program Files\Eclipse Adoptium\jdk-11.0.17.8-hotspot\bin\jimage.dll
0x00007ffe09130000 - 0x00007ffe09148000 	C:\Program Files\Eclipse Adoptium\jdk-11.0.17.8-hotspot\bin\zip.dll
0x00007ffe13680000 - 0x00007ffe13dc4000 	C:\Windows\System32\SHELL32.dll
0x00007ffe0d570000 - 0x00007ffe0dd0b000 	C:\Windows\SYSTEM32\windows.storage.dll
0x00007ffe14660000 - 0x00007ffe149b4000 	C:\Windows\System32\combase.dll
0x00007ffe11fe0000 - 0x00007ffe1200d000 	C:\Windows\SYSTEM32\Wldp.dll
0x00007ffe13f70000 - 0x00007ffe1401d000 	C:\Windows\System32\SHCORE.dll
0x00007ffe14ae0000 - 0x00007ffe14b35000 	C:\Windows\System32\shlwapi.dll
0x00007ffe12540000 - 0x00007ffe12565000 	C:\Windows\SYSTEM32\profapi.dll
0x00007ffe08660000 - 0x00007ffe08679000 	C:\Program Files\Eclipse Adoptium\jdk-11.0.17.8-hotspot\bin\net.dll
0x00007ffdfda00000 - 0x00007ffdfdb0a000 	C:\Windows\SYSTEM32\WINHTTP.dll
0x00007ffe11d40000 - 0x00007ffe11daa000 	C:\Windows\system32\mswsock.dll
0x00007ffe08600000 - 0x00007ffe08613000 	C:\Program Files\Eclipse Adoptium\jdk-11.0.17.8-hotspot\bin\nio.dll
0x00007ffde6390000 - 0x00007ffde63b7000 	C:\Users\Ayesha\.gradle\native\68d5fa5c4cc2d200863cafc0d521ce42e7d3e7ee720ec0a83991735586a16f82\windows-amd64\native-platform.dll
0x00007ffe016a0000 - 0x00007ffe016a9000 	C:\Program Files\Eclipse Adoptium\jdk-11.0.17.8-hotspot\bin\management.dll
0x00007ffe00a70000 - 0x00007ffe00a7b000 	C:\Program Files\Eclipse Adoptium\jdk-11.0.17.8-hotspot\bin\management_ext.dll
0x00007ffe11f30000 - 0x00007ffe11f48000 	C:\Windows\SYSTEM32\CRYPTSP.dll
0x00007ffe11670000 - 0x00007ffe116a4000 	C:\Windows\system32\rsaenh.dll
0x00007ffe12e00000 - 0x00007ffe12e27000 	C:\Windows\System32\bcrypt.dll
0x00007ffe124c0000 - 0x00007ffe124ee000 	C:\Windows\SYSTEM32\USERENV.dll
0x00007ffe11f50000 - 0x00007ffe11f5c000 	C:\Windows\SYSTEM32\CRYPTBASE.dll
0x00007ffe11a30000 - 0x00007ffe11a6b000 	C:\Windows\SYSTEM32\IPHLPAPI.DLL
0x00007ffe13640000 - 0x00007ffe13648000 	C:\Windows\System32\NSI.dll
0x00007ffdfe2e0000 - 0x00007ffdfe2f7000 	C:\Windows\SYSTEM32\dhcpcsvc6.DLL
0x00007ffdfee20000 - 0x00007ffdfee3d000 	C:\Windows\SYSTEM32\dhcpcsvc.DLL
0x00007ffe11a70000 - 0x00007ffe11b3a000 	C:\Windows\SYSTEM32\DNSAPI.dll

dbghelp: loaded successfully - version: 4.0.5 - missing functions: none
symbol engine: initialized successfully - sym options: 0x614 - pdb path: .;C:\Program Files\Eclipse Adoptium\jdk-11.0.17.8-hotspot\bin;C:\Windows\SYSTEM32;C:\Windows\WinSxS\amd64_microsoft.windows.common-controls_6595b64144ccf1df_6.0.19041.3636_none_60b6a03d71f818d5;C:\Program Files\Eclipse Adoptium\jdk-11.0.17.8-hotspot\bin\server;C:\Users\Ayesha\.gradle\native\68d5fa5c4cc2d200863cafc0d521ce42e7d3e7ee720ec0a83991735586a16f82\windows-amd64

VM Arguments:
jvm_args: -Xmx64m -Xms64m -Dorg.gradle.appname=gradlew 
java_command: org.gradle.wrapper.GradleWrapperMain tasks
java_class_path (initial): E:\Workspace\NewFolder\ForEachPartner\android\\gradle\wrapper\gradle-wrapper.jar
Launcher Type: SUN_STANDARD

[Global flags]
     intx CICompilerCount                          = 3                                         {product} {ergonomic}
     uint ConcGCThreads                            = 1                                         {product} {ergonomic}
     uint G1ConcRefinementThreads                  = 4                                         {product} {ergonomic}
   size_t G1HeapRegionSize                         = 1048576                                   {product} {ergonomic}
    uintx GCDrainStackTargetSize                   = 64                                        {product} {ergonomic}
   size_t InitialHeapSize                          = 67108864                                  {product} {command line}
   size_t MarkStackSize                            = 4194304                                   {product} {ergonomic}
   size_t MaxHeapSize                              = 67108864                                  {product} {command line}
   size_t MaxNewSize                               = 39845888                                  {product} {ergonomic}
   size_t MinHeapDeltaBytes                        = 1048576                                   {product} {ergonomic}
    uintx NonNMethodCodeHeapSize                   = 5830732                                {pd product} {ergonomic}
    uintx NonProfiledCodeHeapSize                  = 122913754                              {pd product} {ergonomic}
    uintx ProfiledCodeHeapSize                     = 122913754                              {pd product} {ergonomic}
    uintx ReservedCodeCacheSize                    = 251658240                              {pd product} {ergonomic}
     bool SegmentedCodeCache                       = true                                      {product} {ergonomic}
     bool UseCompressedClassPointers               = true                                 {lp64_product} {ergonomic}
     bool UseCompressedOops                        = true                                 {lp64_product} {ergonomic}
     bool UseG1GC                                  = true                                      {product} {ergonomic}
     bool UseLargePagesIndividualAllocation        = false                                  {pd product} {ergonomic}

Logging:
Log output configuration:
 #0: stdout all=warning uptime,level,tags
 #1: stderr all=off uptime,level,tags

Environment Variables:
CLASSPATH=E:\Workspace\NewFolder\ForEachPartner\android\\gradle\wrapper\gradle-wrapper.jar
PATH=E:\Workspace\NewFolder\ForEachPartner\node_modules\.bin;E:\Workspace\NewFolder\ForEachPartner\node_modules\.bin;E:\Workspace\NewFolder\node_modules\.bin;E:\Workspace\node_modules\.bin;E:\node_modules\.bin;C:\Users\Ayesha\AppData\Roaming\npm\node_modules\npm\node_modules\@npmcli\run-script\lib\node-gyp-bin;E:\Workspace\NewFolder\ForEachPartner\node_modules\.bin;E:\Workspace\NewFolder\ForEachPartner\node_modules\.bin;E:\Workspace\NewFolder\node_modules\.bin;E:\Workspace\node_modules\.bin;E:\node_modules\.bin;C:\Users\Ayesha\AppData\Roaming\npm\node_modules\npm\node_modules\@npmcli\run-script\lib\node-gyp-bin;C:\Program Files\Eclipse Adoptium\jdk-11.0.17.8-hotspot\bin;C:\Windows\system32;C:\Windows;C:\Windows\System32\Wbem;C:\Windows\System32\WindowsPowerShell\v1.0\;C:\Windows\System32\OpenSSH\;C:\ProgramData\chocolatey\bin;C:\Program Files\nodejs\;C:\Program Files\Git\cmd;C:\Users\Ayesha\AppData\Local\Microsoft\WindowsApps;C:\Users\Ayesha\AppData\Roaming\npm;C:\Users\Ayesha\AppData\Local\Android\Sdk\platform-tools;C:\Users\Ayesha\AppData\Local\GitHubDesktop\bin;C:\Users\Ayesha\AppData\Local\Programs\Microsoft VS Code\bin
USERNAME=Ayesha
LANG=en_US.UTF-8
OS=Windows_NT
PROCESSOR_IDENTIFIER=Intel64 Family 6 Model 78 Stepping 3, GenuineIntel
TMP=C:\Users\Ayesha\AppData\Local\Temp
TEMP=C:\Users\Ayesha\AppData\Local\Temp



---------------  S Y S T E M  ---------------

OS: Windows 10 , 64 bit Build 19041 (10.0.19041.3636)
OS uptime: 6 days 7:56 hours

CPU:total 4 (initial active 4) (2 cores per cpu, 2 threads per core) family 6 model 78 stepping 3 microcode 0xf0, cmov, cx8, fxsr, mmx, sse, sse2, sse3, ssse3, sse4.1, sse4.2, popcnt, avx, avx2, aes, clmul, erms, 3dnowpref, lzcnt, ht, tsc, tscinvbit, bmi1, bmi2, adx, fma

Memory: 4k page, system-wide physical 3976M (117M free)
TotalPageFile size 16264M (AvailPageFile size 0M)
current process WorkingSet (physical memory assigned to process): 23M, peak: 87M
current process commit charge ("private bytes"): 154M, peak: 157M

vm_info: OpenJDK 64-Bit Server VM (11.0.17+8) for windows-amd64 JRE (11.0.17+8), built on Oct 19 2022 00:04:05 by "" with MS VC++ 15.9 (VS2017)

END.
