#
# There is insufficient memory for the Java Runtime Environment to continue.
# Native memory allocation (malloc) failed to allocate 1024576 bytes for Chunk::new
# Possible reasons:
#   The system is out of physical RAM or swap space
#   The process is running with CompressedOops enabled, and the Java Heap may be blocking the growth of the native heap
# Possible solutions:
#   Reduce memory load on the system
#   Increase physical memory or swap space
#   Check if swap backing store is full
#   Decrease Java heap size (-Xmx/-Xms)
#   Decrease number of Java threads
#   Decrease Java thread stack sizes (-Xss)
#   Set larger code cache with -XX:ReservedCodeCacheSize=
#   JVM is running with Unscaled Compressed Oops mode in which the Java heap is
#     placed in the first 4GB address space. The Java Heap base address is the
#     maximum limit for the native heap growth. Please use -XX:HeapBaseMinAddress
#     to set the Java Heap base and to place the Java Heap above 4GB virtual address.
# This output file may be truncated or incomplete.
#
#  Out of Memory Error (./src/hotspot/share/memory/arena.cpp:197), pid=18256, tid=5708
#
# JRE version: OpenJDK Runtime Environment Temurin-11.0.17+8 (11.0.17+8) (build 11.0.17+8)
# Java VM: OpenJDK 64-Bit Server VM Temurin-11.0.17+8 (11.0.17+8, mixed mode, tiered, compressed oops, g1 gc, windows-amd64)
# No core dump will be written. Minidumps are not enabled by default on client versions of Windows
#

---------------  S U M M A R Y ------------

Command Line: -XX:MaxMetaspaceSize=512m --add-opens=java.base/java.util=ALL-UNNAMED --add-opens=java.base/java.lang=ALL-UNNAMED --add-opens=java.base/java.lang.invoke=ALL-UNNAMED --add-opens=java.prefs/java.util.prefs=ALL-UNNAMED --add-opens=java.base/java.nio.charset=ALL-UNNAMED --add-opens=java.base/java.net=ALL-UNNAMED --add-opens=java.base/java.util.concurrent.atomic=ALL-UNNAMED -Xmx2048m -Dfile.encoding=windows-1252 -Duser.country=US -Duser.language=en -Duser.variant org.gradle.launcher.daemon.bootstrap.GradleDaemon 8.0.1

Host: Intel(R) Core(TM) i5-6200U CPU @ 2.30GHz, 4 cores, 3G,  Windows 10 , 64 bit Build 19041 (10.0.19041.3636)
Time: Sat Dec  9 20:53:26 2023 Pacific Standard Time elapsed time: 713.250773 seconds (0d 0h 11m 53s)

---------------  T H R E A D  ---------------

Current thread (0x000001f143b44000):  JavaThread "C2 CompilerThread0" daemon [_thread_in_native, id=5708, stack(0x0000002ea7600000,0x0000002ea7700000)]


Current CompileTask:
C2: 713250 9499       4       org.gradle.internal.instantiation.generator.AbstractClassGenerator::inspectType (560 bytes)

Stack: [0x0000002ea7600000,0x0000002ea7700000]
Native frames: (J=compiled Java code, j=interpreted, Vv=VM code, C=native code)
V  [jvm.dll+0x61f5ba]
V  [jvm.dll+0x7abf79]
V  [jvm.dll+0x7ad668]
V  [jvm.dll+0x7add43]
V  [jvm.dll+0x24fd88]
V  [jvm.dll+0xc262c]
V  [jvm.dll+0xc2bec]
V  [jvm.dll+0x2c1c04]
V  [jvm.dll+0x52e31c]
V  [jvm.dll+0x2088c6]
V  [jvm.dll+0x20a72c]
V  [jvm.dll+0x20803b]
V  [jvm.dll+0x18a3b1]
V  [jvm.dll+0x217a34]
V  [jvm.dll+0x215c7b]
V  [jvm.dll+0x76ea70]
V  [jvm.dll+0x7679a4]
V  [jvm.dll+0x61e425]
C  [ucrtbase.dll+0x21bb2]
C  [KERNEL32.DLL+0x17344]
C  [ntdll.dll+0x526b1]


---------------  P R O C E S S  ---------------

Threads class SMR info:
_java_thread_list=0x000001f14860ae20, length=84, elements={
0x000001f122b37000, 0x000001f143aec800, 0x000001f143aed800, 0x000001f143b3d800,
0x000001f143b3e000, 0x000001f143b3f000, 0x000001f143b44000, 0x000001f143b45000,
0x000001f143cc4000, 0x000001f143dc2000, 0x000001f145857800, 0x000001f143f5e800,
0x000001f143ca7800, 0x000001f144554800, 0x000001f144eb0800, 0x000001f144eb1000,
0x000001f1450c8800, 0x000001f1450c9800, 0x000001f1447ab000, 0x000001f1455f7800,
0x000001f1455f9800, 0x000001f1455f8800, 0x000001f1455fc000, 0x000001f1455fa000,
0x000001f1455fb000, 0x000001f1455fc800, 0x000001f1455fd800, 0x000001f14497e000,
0x000001f14497f000, 0x000001f144981000, 0x000001f14497d000, 0x000001f14497f800,
0x000001f14497b800, 0x000001f144982000, 0x000001f14497c800, 0x000001f144988800,
0x000001f144983800, 0x000001f144989800, 0x000001f14498a000, 0x000001f144987000,
0x000001f144984800, 0x000001f144985800, 0x000001f144986000, 0x000001f1455fe000,
0x000001f148401000, 0x000001f1483fd800, 0x000001f1483fe800, 0x000001f1483fc000,
0x000001f148401800, 0x000001f148402800, 0x000001f1483fc800, 0x000001f148403800,
0x000001f148400000, 0x000001f1483ff000, 0x000001f148405000, 0x000001f148405800,
0x000001f148409000, 0x000001f148406800, 0x000001f148407800, 0x000001f148408000,
0x000001f14840a000, 0x000001f148404000, 0x000001f14840a800, 0x000001f146a06000,
0x000001f146a02800, 0x000001f146a01000, 0x000001f146a03800, 0x000001f146a00800,
0x000001f146a04800, 0x000001f146a02000, 0x000001f146a07000, 0x000001f144983000,
0x000001f148d2c000, 0x000001f148d2b000, 0x000001f148d27000, 0x000001f148d26000,
0x000001f148d28800, 0x000001f148d2d800, 0x000001f148d28000, 0x000001f148d2e800,
0x000001f148d2c800, 0x000001f148d2f000, 0x000001f148d29800, 0x000001f148d30000
}

Java Threads: ( => current thread )
  0x000001f122b37000 JavaThread "main" [_thread_blocked, id=13536, stack(0x0000002ea6900000,0x0000002ea6a00000)]
  0x000001f143aec800 JavaThread "Reference Handler" daemon [_thread_blocked, id=19564, stack(0x0000002ea7100000,0x0000002ea7200000)]
  0x000001f143aed800 JavaThread "Finalizer" daemon [_thread_blocked, id=14800, stack(0x0000002ea7200000,0x0000002ea7300000)]
  0x000001f143b3d800 JavaThread "Signal Dispatcher" daemon [_thread_blocked, id=4444, stack(0x0000002ea7300000,0x0000002ea7400000)]
  0x000001f143b3e000 JavaThread "Attach Listener" daemon [_thread_blocked, id=11240, stack(0x0000002ea7400000,0x0000002ea7500000)]
  0x000001f143b3f000 JavaThread "Service Thread" daemon [_thread_blocked, id=10276, stack(0x0000002ea7500000,0x0000002ea7600000)]
=>0x000001f143b44000 JavaThread "C2 CompilerThread0" daemon [_thread_in_native, id=5708, stack(0x0000002ea7600000,0x0000002ea7700000)]
  0x000001f143b45000 JavaThread "C1 CompilerThread0" daemon [_thread_blocked, id=20356, stack(0x0000002ea7700000,0x0000002ea7800000)]
  0x000001f143cc4000 JavaThread "Sweeper thread" daemon [_thread_blocked, id=18376, stack(0x0000002ea7800000,0x0000002ea7900000)]
  0x000001f143dc2000 JavaThread "Common-Cleaner" daemon [_thread_blocked, id=21208, stack(0x0000002ea7900000,0x0000002ea7a00000)]
  0x000001f145857800 JavaThread "Daemon health stats" [_thread_blocked, id=16760, stack(0x0000002ea7c00000,0x0000002ea7d00000)]
  0x000001f143f5e800 JavaThread "Incoming local TCP Connector on port 59275" [_thread_in_native, id=10400, stack(0x0000002ea7f00000,0x0000002ea8000000)]
  0x000001f143ca7800 JavaThread "Daemon periodic checks" [_thread_blocked, id=12808, stack(0x0000002ea8000000,0x0000002ea8100000)]
  0x000001f144554800 JavaThread "Daemon" [_thread_blocked, id=21372, stack(0x0000002ea8100000,0x0000002ea8200000)]
  0x000001f144eb0800 JavaThread "Handler for socket connection from /127.0.0.1:59275 to /127.0.0.1:59279" [_thread_in_native, id=19384, stack(0x0000002ea8200000,0x0000002ea8300000)]
  0x000001f144eb1000 JavaThread "Cancel handler" [_thread_blocked, id=13848, stack(0x0000002ea8300000,0x0000002ea8400000)]
  0x000001f1450c8800 JavaThread "Daemon worker" [_thread_in_vm, id=7816, stack(0x0000002ea8400000,0x0000002ea8500000)]
  0x000001f1450c9800 JavaThread "Asynchronous log dispatcher for DefaultDaemonConnection: socket connection from /127.0.0.1:59275 to /127.0.0.1:59279" [_thread_blocked, id=13496, stack(0x0000002ea8500000,0x0000002ea8600000)]
  0x000001f1447ab000 JavaThread "Daemon client event forwarder" [_thread_blocked, id=17080, stack(0x0000002ea8700000,0x0000002ea8800000)]
  0x000001f1455f7800 JavaThread "Cache worker for journal cache (C:\Users\Ayesha\.gradle\caches\journal-1)" [_thread_blocked, id=6364, stack(0x0000002ea8a00000,0x0000002ea8b00000)]
  0x000001f1455f9800 JavaThread "File lock request listener" [_thread_in_native, id=15576, stack(0x0000002ea8b00000,0x0000002ea8c00000)]
  0x000001f1455f8800 JavaThread "Cache worker for file hash cache (C:\Users\Ayesha\.gradle\caches\8.0.1\fileHashes)" [_thread_blocked, id=13856, stack(0x0000002ea8d00000,0x0000002ea8e00000)]
  0x000001f1455fc000 JavaThread "File watcher server" daemon [_thread_in_native, id=21312, stack(0x0000002ea8e00000,0x0000002ea8f00000)]
  0x000001f1455fa000 JavaThread "File watcher consumer" daemon [_thread_blocked, id=504, stack(0x0000002ea8f00000,0x0000002ea9000000)]
  0x000001f1455fb000 JavaThread "Cache worker for checksums cache (E:\Workspace\NewFolder\ForEachPartner\android\.gradle\8.0.1\checksums)" [_thread_blocked, id=16608, stack(0x0000002ea9000000,0x0000002ea9100000)]
  0x000001f1455fc800 JavaThread "Cache worker for cache directory md-rule (C:\Users\Ayesha\.gradle\caches\8.0.1\md-rule)" [_thread_blocked, id=15584, stack(0x0000002ea9100000,0x0000002ea9200000)]
  0x000001f1455fd800 JavaThread "Cache worker for file content cache (C:\Users\Ayesha\.gradle\caches\8.0.1\fileContent)" [_thread_blocked, id=8828, stack(0x0000002ea9200000,0x0000002ea9300000)]
  0x000001f14497e000 JavaThread "Cache worker for file hash cache (E:\Workspace\NewFolder\ForEachPartner\android\.gradle\8.0.1\fileHashes)" [_thread_blocked, id=13888, stack(0x0000002ea9300000,0x0000002ea9400000)]
  0x000001f14497f000 JavaThread "Cache worker for cache directory md-supplier (C:\Users\Ayesha\.gradle\caches\8.0.1\md-supplier)" [_thread_blocked, id=16772, stack(0x0000002ea9400000,0x0000002ea9500000)]
  0x000001f144981000 JavaThread "Cache worker for execution history cache (C:\Users\Ayesha\.gradle\caches\8.0.1\executionHistory)" [_thread_blocked, id=11656, stack(0x0000002ea6800000,0x0000002ea6900000)]
  0x000001f14497d000 JavaThread "jar transforms" [_thread_blocked, id=19200, stack(0x0000002ea6a00000,0x0000002ea6b00000)]
  0x000001f14497f800 JavaThread "jar transforms Thread 2" [_thread_blocked, id=11352, stack(0x0000002ea9500000,0x0000002ea9600000)]
  0x000001f14497b800 JavaThread "jar transforms Thread 3" [_thread_blocked, id=19548, stack(0x0000002ea9600000,0x0000002ea9700000)]
  0x000001f144982000 JavaThread "jar transforms Thread 4" [_thread_blocked, id=14520, stack(0x0000002ea8600000,0x0000002ea8700000)]
  0x000001f14497c800 JavaThread "Cache worker for kotlin-dsl (C:\Users\Ayesha\.gradle\caches\8.0.1\kotlin-dsl)" [_thread_blocked, id=9268, stack(0x0000002ea8900000,0x0000002ea8a00000)]
  0x000001f144988800 JavaThread "Cache worker for dependencies-accessors (E:\Workspace\NewFolder\ForEachPartner\android\.gradle\8.0.1\dependencies-accessors)" [_thread_blocked, id=9448, stack(0x0000002ea9700000,0x0000002ea9800000)]
  0x000001f144983800 JavaThread "Cache worker for Build Output Cleanup Cache (E:\Workspace\NewFolder\ForEachPartner\node_modules\@react-native\gradle-plugin\.gradle\buildOutputCleanup)" [_thread_blocked, id=18816, stack(0x0000002ea8800000,0x0000002ea8900000)]
  0x000001f144989800 JavaThread "Unconstrained build operations" [_thread_blocked, id=13744, stack(0x0000002ea9900000,0x0000002ea9a00000)]
  0x000001f14498a000 JavaThread "Unconstrained build operations Thread 2" [_thread_blocked, id=3508, stack(0x0000002ea9a00000,0x0000002ea9b00000)]
  0x000001f144987000 JavaThread "Unconstrained build operations Thread 3" [_thread_blocked, id=12076, stack(0x0000002ea9b00000,0x0000002ea9c00000)]
  0x000001f144984800 JavaThread "Unconstrained build operations Thread 4" [_thread_blocked, id=4644, stack(0x0000002ea9c00000,0x0000002ea9d00000)]
  0x000001f144985800 JavaThread "Unconstrained build operations Thread 5" [_thread_blocked, id=9988, stack(0x0000002ea9d00000,0x0000002ea9e00000)]
  0x000001f144986000 JavaThread "Unconstrained build operations Thread 6" [_thread_blocked, id=13996, stack(0x0000002ea9e00000,0x0000002ea9f00000)]
  0x000001f1455fe000 JavaThread "Unconstrained build operations Thread 7" [_thread_blocked, id=19428, stack(0x0000002ea9f00000,0x0000002eaa000000)]
  0x000001f148401000 JavaThread "Unconstrained build operations Thread 8" [_thread_blocked, id=19404, stack(0x0000002eaa000000,0x0000002eaa100000)]
  0x000001f1483fd800 JavaThread "Unconstrained build operations Thread 9" [_thread_blocked, id=1408, stack(0x0000002eaa100000,0x0000002eaa200000)]
  0x000001f1483fe800 JavaThread "Unconstrained build operations Thread 10" [_thread_blocked, id=10680, stack(0x0000002eaa200000,0x0000002eaa300000)]
  0x000001f1483fc000 JavaThread "Unconstrained build operations Thread 11" [_thread_blocked, id=20528, stack(0x0000002eaa300000,0x0000002eaa400000)]
  0x000001f148401800 JavaThread "Unconstrained build operations Thread 12" [_thread_blocked, id=20136, stack(0x0000002eaa400000,0x0000002eaa500000)]
  0x000001f148402800 JavaThread "Unconstrained build operations Thread 13" [_thread_blocked, id=21296, stack(0x0000002eaa500000,0x0000002eaa600000)]
  0x000001f1483fc800 JavaThread "Unconstrained build operations Thread 14" [_thread_blocked, id=16168, stack(0x0000002eaa600000,0x0000002eaa700000)]
  0x000001f148403800 JavaThread "Unconstrained build operations Thread 15" [_thread_blocked, id=21144, stack(0x0000002eaa700000,0x0000002eaa800000)]
  0x000001f148400000 JavaThread "Unconstrained build operations Thread 16" [_thread_blocked, id=13120, stack(0x0000002eaa800000,0x0000002eaa900000)]
  0x000001f1483ff000 JavaThread "Unconstrained build operations Thread 17" [_thread_blocked, id=6088, stack(0x0000002eaa900000,0x0000002eaaa00000)]
  0x000001f148405000 JavaThread "Unconstrained build operations Thread 18" [_thread_blocked, id=17940, stack(0x0000002eaaa00000,0x0000002eaab00000)]
  0x000001f148405800 JavaThread "Unconstrained build operations Thread 19" [_thread_blocked, id=9712, stack(0x0000002eaab00000,0x0000002eaac00000)]
  0x000001f148409000 JavaThread "Unconstrained build operations Thread 20" [_thread_blocked, id=4752, stack(0x0000002eaac00000,0x0000002eaad00000)]
  0x000001f148406800 JavaThread "Unconstrained build operations Thread 21" [_thread_blocked, id=19460, stack(0x0000002eaad00000,0x0000002eaae00000)]
  0x000001f148407800 JavaThread "Unconstrained build operations Thread 22" [_thread_blocked, id=9736, stack(0x0000002eaae00000,0x0000002eaaf00000)]
  0x000001f148408000 JavaThread "Unconstrained build operations Thread 23" [_thread_blocked, id=15832, stack(0x0000002eaaf00000,0x0000002eab000000)]
  0x000001f14840a000 JavaThread "Unconstrained build operations Thread 24" [_thread_blocked, id=15876, stack(0x0000002eab000000,0x0000002eab100000)]
  0x000001f148404000 JavaThread "Unconstrained build operations Thread 25" [_thread_blocked, id=7580, stack(0x0000002eab100000,0x0000002eab200000)]
  0x000001f14840a800 JavaThread "Unconstrained build operations Thread 26" [_thread_blocked, id=2140, stack(0x0000002eab200000,0x0000002eab300000)]
  0x000001f146a06000 JavaThread "Memory manager" [_thread_blocked, id=6724, stack(0x0000002eab300000,0x0000002eab400000)]
  0x000001f146a02800 JavaThread "Cache worker for Build Output Cleanup Cache (E:\Workspace\NewFolder\ForEachPartner\android\.gradle\buildOutputCleanup)" [_thread_blocked, id=15248, stack(0x0000002ea9800000,0x0000002ea9900000)]
  0x000001f146a01000 JavaThread "Execution worker" [_thread_blocked, id=6716, stack(0x0000002eab600000,0x0000002eab700000)]
  0x000001f146a03800 JavaThread "Execution worker Thread 2" [_thread_blocked, id=14560, stack(0x0000002eab700000,0x0000002eab800000)]
  0x000001f146a00800 JavaThread "Execution worker Thread 3" [_thread_blocked, id=22468, stack(0x0000002eab800000,0x0000002eab900000)]
  0x000001f146a04800 JavaThread "Cache worker for execution history cache (E:\Workspace\NewFolder\ForEachPartner\node_modules\@react-native\gradle-plugin\.gradle\8.0.1\executionHistory)" [_thread_blocked, id=12060, stack(0x0000002eab900000,0x0000002eaba00000)]
  0x000001f146a02000 JavaThread "Unconstrained build operations Thread 27" [_thread_blocked, id=5284, stack(0x0000002eaba00000,0x0000002eabb00000)]
  0x000001f146a07000 JavaThread "Unconstrained build operations Thread 28" [_thread_blocked, id=9792, stack(0x0000002eabb00000,0x0000002eabc00000)]
  0x000001f144983000 JavaThread "Unconstrained build operations Thread 29" [_thread_blocked, id=14812, stack(0x0000002eabc00000,0x0000002eabd00000)]
  0x000001f148d2c000 JavaThread "Unconstrained build operations Thread 30" [_thread_blocked, id=20292, stack(0x0000002eabd00000,0x0000002eabe00000)]
  0x000001f148d2b000 JavaThread "Unconstrained build operations Thread 31" [_thread_blocked, id=9956, stack(0x0000002eabe00000,0x0000002eabf00000)]
  0x000001f148d27000 JavaThread "Unconstrained build operations Thread 32" [_thread_blocked, id=21732, stack(0x0000002eabf00000,0x0000002eac000000)]
  0x000001f148d26000 JavaThread "Unconstrained build operations Thread 33" [_thread_blocked, id=22044, stack(0x0000002eac000000,0x0000002eac100000)]
  0x000001f148d28800 JavaThread "Unconstrained build operations Thread 34" [_thread_blocked, id=21884, stack(0x0000002eac100000,0x0000002eac200000)]
  0x000001f148d2d800 JavaThread "Unconstrained build operations Thread 35" [_thread_blocked, id=3420, stack(0x0000002eac200000,0x0000002eac300000)]
  0x000001f148d28000 JavaThread "Unconstrained build operations Thread 36" [_thread_blocked, id=10300, stack(0x0000002eac300000,0x0000002eac400000)]
  0x000001f148d2e800 JavaThread "Unconstrained build operations Thread 37" [_thread_blocked, id=18024, stack(0x0000002eac400000,0x0000002eac500000)]
  0x000001f148d2c800 JavaThread "Unconstrained build operations Thread 38" [_thread_blocked, id=20676, stack(0x0000002eac500000,0x0000002eac600000)]
  0x000001f148d2f000 JavaThread "Unconstrained build operations Thread 39" [_thread_blocked, id=20204, stack(0x0000002eac600000,0x0000002eac700000)]
  0x000001f148d29800 JavaThread "Unconstrained build operations Thread 40" [_thread_blocked, id=15000, stack(0x0000002eac700000,0x0000002eac800000)]
  0x000001f148d30000 JavaThread "File lock release action executor Thread 4" [_thread_blocked, id=22368, stack(0x0000002eac800000,0x0000002eac900000)]

Other Threads:
  0x000001f143ad8000 VMThread "VM Thread" [stack: 0x0000002ea7000000,0x0000002ea7100000] [id=20540]
  0x000001f143dcb800 WatcherThread [stack: 0x0000002ea7a00000,0x0000002ea7b00000] [id=16040]
  0x000001f122b49800 GCTaskThread "GC Thread#0" [stack: 0x0000002ea6b00000,0x0000002ea6c00000] [id=21304]
  0x000001f1444d1800 GCTaskThread "GC Thread#1" [stack: 0x0000002ea7b00000,0x0000002ea7c00000] [id=9492]
  0x000001f1454ca800 GCTaskThread "GC Thread#2" [stack: 0x0000002ea7d00000,0x0000002ea7e00000] [id=17860]
  0x000001f145a7c800 GCTaskThread "GC Thread#3" [stack: 0x0000002ea7e00000,0x0000002ea7f00000] [id=18324]
  0x000001f122b7a800 ConcurrentGCThread "G1 Main Marker" [stack: 0x0000002ea6c00000,0x0000002ea6d00000] [id=21384]
  0x000001f122b7e000 ConcurrentGCThread "G1 Conc#0" [stack: 0x0000002ea6d00000,0x0000002ea6e00000] [id=2044]
  0x000001f122bd5000 ConcurrentGCThread "G1 Refine#0" [stack: 0x0000002ea6e00000,0x0000002ea6f00000] [id=20008]
  0x000001f122bd7000 ConcurrentGCThread "G1 Young RemSet Sampling" [stack: 0x0000002ea6f00000,0x0000002ea7000000] [id=17868]

Threads with active compile tasks:
C2 CompilerThread0   713354 9499       4       org.gradle.internal.instantiation.generator.AbstractClassGenerator::inspectType (560 bytes)

VM state:not at safepoint (normal execution)

VM Mutex/Monitor currently owned by a thread: None

Heap address: 0x0000000080000000, size: 2048 MB, Compressed Oops mode: 32-bit
Narrow klass base: 0x0000000000000000, Narrow klass shift: 3
Compressed class space size: 528482304 Address: 0x0000000100000000

Heap:
 garbage-first heap   total 124928K, used 74622K [0x0000000080000000, 0x0000000100000000)
  region size 1024K, 6 young (6144K), 4 survivors (4096K)
 Metaspace       used 81068K, capacity 83476K, committed 83664K, reserved 589824K
  class space    used 10375K, capacity 11362K, committed 11392K, reserved 516096K
Heap Regions: E=young(eden), S=young(survivor), O=old, HS=humongous(starts), HC=humongous(continues), CS=collection set, F=free, A=archive, TAMS=top-at-mark-start (previous, next)
|   0|0x0000000080000000, 0x0000000080100000, 0x0000000080100000|100%| O|  |TAMS 0x0000000080100000, 0x0000000080000000| Untracked 
|   1|0x0000000080100000, 0x0000000080200000, 0x0000000080200000|100%| O|  |TAMS 0x0000000080200000, 0x0000000080100000| Untracked 
|   2|0x0000000080200000, 0x0000000080300000, 0x0000000080300000|100%| O|  |TAMS 0x0000000080300000, 0x0000000080200000| Untracked 
|   3|0x0000000080300000, 0x0000000080400000, 0x0000000080400000|100%|HS|  |TAMS 0x0000000080400000, 0x0000000080300000| Complete 
|   4|0x0000000080400000, 0x0000000080500000, 0x0000000080500000|100%|HC|  |TAMS 0x0000000080500000, 0x0000000080400000| Complete 
|   5|0x0000000080500000, 0x0000000080600000, 0x0000000080600000|100%|HC|  |TAMS 0x0000000080600000, 0x0000000080500000| Complete 
|   6|0x0000000080600000, 0x0000000080700000, 0x0000000080700000|100%|HC|  |TAMS 0x0000000080700000, 0x0000000080600000| Complete 
|   7|0x0000000080700000, 0x0000000080800000, 0x0000000080800000|100%| O|  |TAMS 0x0000000080800000, 0x0000000080700000| Untracked 
|   8|0x0000000080800000, 0x0000000080900000, 0x0000000080900000|100%| O|  |TAMS 0x0000000080900000, 0x0000000080800000| Untracked 
|   9|0x0000000080900000, 0x0000000080a00000, 0x0000000080a00000|100%| O|  |TAMS 0x0000000080a00000, 0x0000000080900000| Untracked 
|  10|0x0000000080a00000, 0x0000000080b00000, 0x0000000080b00000|100%| O|  |TAMS 0x0000000080b00000, 0x0000000080a00000| Untracked 
|  11|0x0000000080b00000, 0x0000000080c00000, 0x0000000080c00000|100%| O|  |TAMS 0x0000000080c00000, 0x0000000080b00000| Untracked 
|  12|0x0000000080c00000, 0x0000000080d00000, 0x0000000080d00000|100%| O|  |TAMS 0x0000000080d00000, 0x0000000080c00000| Untracked 
|  13|0x0000000080d00000, 0x0000000080e00000, 0x0000000080e00000|100%| O|  |TAMS 0x0000000080e00000, 0x0000000080d00000| Untracked 
|  14|0x0000000080e00000, 0x0000000080f00000, 0x0000000080f00000|100%| O|  |TAMS 0x0000000080f00000, 0x0000000080e00000| Untracked 
|  15|0x0000000080f00000, 0x0000000081000000, 0x0000000081000000|100%| O|  |TAMS 0x0000000081000000, 0x0000000080f00000| Untracked 
|  16|0x0000000081000000, 0x0000000081100000, 0x0000000081100000|100%| O|  |TAMS 0x0000000081100000, 0x0000000081000000| Untracked 
|  17|0x0000000081100000, 0x0000000081200000, 0x0000000081200000|100%| O|  |TAMS 0x0000000081200000, 0x0000000081100000| Untracked 
|  18|0x0000000081200000, 0x0000000081300000, 0x0000000081300000|100%| O|  |TAMS 0x0000000081300000, 0x0000000081200000| Untracked 
|  19|0x0000000081300000, 0x0000000081400000, 0x0000000081400000|100%| O|  |TAMS 0x0000000081400000, 0x0000000081300000| Untracked 
|  20|0x0000000081400000, 0x0000000081500000, 0x0000000081500000|100%| O|  |TAMS 0x0000000081500000, 0x0000000081400000| Untracked 
|  21|0x0000000081500000, 0x0000000081600000, 0x0000000081600000|100%| O|  |TAMS 0x0000000081600000, 0x0000000081500000| Untracked 
|  22|0x0000000081600000, 0x0000000081700000, 0x0000000081700000|100%| O|  |TAMS 0x0000000081700000, 0x0000000081600000| Untracked 
|  23|0x0000000081700000, 0x0000000081800000, 0x0000000081800000|100%| O|  |TAMS 0x0000000081800000, 0x0000000081700000| Untracked 
|  24|0x0000000081800000, 0x0000000081900000, 0x0000000081900000|100%| O|  |TAMS 0x0000000081900000, 0x0000000081800000| Untracked 
|  25|0x0000000081900000, 0x0000000081a00000, 0x0000000081a00000|100%| O|  |TAMS 0x0000000081a00000, 0x0000000081900000| Untracked 
|  26|0x0000000081a00000, 0x0000000081b00000, 0x0000000081b00000|100%| O|  |TAMS 0x0000000081b00000, 0x0000000081a00000| Untracked 
|  27|0x0000000081b00000, 0x0000000081c00000, 0x0000000081c00000|100%| O|  |TAMS 0x0000000081c00000, 0x0000000081b00000| Untracked 
|  28|0x0000000081c00000, 0x0000000081d00000, 0x0000000081d00000|100%| O|  |TAMS 0x0000000081d00000, 0x0000000081c00000| Untracked 
|  29|0x0000000081d00000, 0x0000000081e00000, 0x0000000081e00000|100%| O|  |TAMS 0x0000000081e00000, 0x0000000081d00000| Untracked 
|  30|0x0000000081e00000, 0x0000000081f00000, 0x0000000081f00000|100%| O|  |TAMS 0x0000000081f00000, 0x0000000081e00000| Untracked 
|  31|0x0000000081f00000, 0x0000000082000000, 0x0000000082000000|100%| O|  |TAMS 0x0000000082000000, 0x0000000081f00000| Untracked 
|  32|0x0000000082000000, 0x0000000082100000, 0x0000000082100000|100%| O|  |TAMS 0x0000000082100000, 0x0000000082000000| Untracked 
|  33|0x0000000082100000, 0x0000000082200000, 0x0000000082200000|100%| O|  |TAMS 0x0000000082200000, 0x0000000082100000| Untracked 
|  34|0x0000000082200000, 0x0000000082300000, 0x0000000082300000|100%| O|  |TAMS 0x0000000082300000, 0x0000000082200000| Untracked 
|  35|0x0000000082300000, 0x0000000082400000, 0x0000000082400000|100%|HS|  |TAMS 0x0000000082400000, 0x0000000082300000| Complete 
|  36|0x0000000082400000, 0x0000000082500000, 0x0000000082500000|100%|HC|  |TAMS 0x0000000082500000, 0x0000000082400000| Complete 
|  37|0x0000000082500000, 0x0000000082600000, 0x0000000082600000|100%| O|  |TAMS 0x0000000082600000, 0x0000000082500000| Untracked 
|  38|0x0000000082600000, 0x0000000082700000, 0x0000000082700000|100%|HS|  |TAMS 0x0000000082700000, 0x0000000082600000| Complete 
|  39|0x0000000082700000, 0x0000000082800000, 0x0000000082800000|100%|HC|  |TAMS 0x0000000082800000, 0x0000000082700000| Complete 
|  40|0x0000000082800000, 0x0000000082900000, 0x0000000082900000|100%|HC|  |TAMS 0x0000000082900000, 0x0000000082800000| Complete 
|  41|0x0000000082900000, 0x0000000082a00000, 0x0000000082a00000|100%|HC|  |TAMS 0x0000000082a00000, 0x0000000082900000| Complete 
|  42|0x0000000082a00000, 0x0000000082b00000, 0x0000000082b00000|100%| O|  |TAMS 0x0000000082b00000, 0x0000000082a00000| Untracked 
|  43|0x0000000082b00000, 0x0000000082c00000, 0x0000000082c00000|100%| O|  |TAMS 0x0000000082c00000, 0x0000000082b00000| Untracked 
|  44|0x0000000082c00000, 0x0000000082d00000, 0x0000000082d00000|100%| O|  |TAMS 0x0000000082d00000, 0x0000000082c00000| Untracked 
|  45|0x0000000082d00000, 0x0000000082e00000, 0x0000000082e00000|100%| O|  |TAMS 0x0000000082e00000, 0x0000000082d00000| Untracked 
|  46|0x0000000082e00000, 0x0000000082f00000, 0x0000000082f00000|100%| O|  |TAMS 0x0000000082f00000, 0x0000000082e00000| Untracked 
|  47|0x0000000082f00000, 0x0000000083000000, 0x0000000083000000|100%| O|  |TAMS 0x0000000083000000, 0x0000000082f00000| Untracked 
|  48|0x0000000083000000, 0x0000000083100000, 0x0000000083100000|100%| O|  |TAMS 0x0000000083100000, 0x0000000083000000| Untracked 
|  49|0x0000000083100000, 0x0000000083200000, 0x0000000083200000|100%| O|  |TAMS 0x0000000083200000, 0x0000000083100000| Untracked 
|  50|0x0000000083200000, 0x0000000083300000, 0x0000000083300000|100%| O|  |TAMS 0x0000000083300000, 0x0000000083200000| Untracked 
|  51|0x0000000083300000, 0x0000000083400000, 0x0000000083400000|100%| O|  |TAMS 0x0000000083400000, 0x0000000083300000| Untracked 
|  52|0x0000000083400000, 0x0000000083500000, 0x0000000083500000|100%| O|  |TAMS 0x0000000083500000, 0x0000000083400000| Untracked 
|  53|0x0000000083500000, 0x0000000083600000, 0x0000000083600000|100%| O|  |TAMS 0x0000000083600000, 0x0000000083500000| Untracked 
|  54|0x0000000083600000, 0x0000000083700000, 0x0000000083700000|100%| O|  |TAMS 0x0000000083700000, 0x0000000083600000| Untracked 
|  55|0x0000000083700000, 0x0000000083800000, 0x0000000083800000|100%| O|  |TAMS 0x0000000083800000, 0x0000000083700000| Untracked 
|  56|0x0000000083800000, 0x0000000083900000, 0x0000000083900000|100%| O|  |TAMS 0x0000000083900000, 0x0000000083800000| Untracked 
|  57|0x0000000083900000, 0x0000000083a00000, 0x0000000083a00000|100%| O|  |TAMS 0x0000000083a00000, 0x0000000083900000| Untracked 
|  58|0x0000000083a00000, 0x0000000083b00000, 0x0000000083b00000|100%| O|  |TAMS 0x0000000083b00000, 0x0000000083a00000| Untracked 
|  59|0x0000000083b00000, 0x0000000083c00000, 0x0000000083c00000|100%|HS|  |TAMS 0x0000000083c00000, 0x0000000083b00000| Complete 
|  60|0x0000000083c00000, 0x0000000083d00000, 0x0000000083d00000|100%|HS|  |TAMS 0x0000000083d00000, 0x0000000083c00000| Complete 
|  61|0x0000000083d00000, 0x0000000083e00000, 0x0000000083e00000|100%| O|  |TAMS 0x0000000083e00000, 0x0000000083d00000| Untracked 
|  62|0x0000000083e00000, 0x0000000083f00000, 0x0000000083f00000|100%| O|  |TAMS 0x0000000083ee3800, 0x0000000083e00000| Untracked 
|  63|0x0000000083f00000, 0x0000000083f00000, 0x0000000084000000|  0%| F|  |TAMS 0x0000000083f00000, 0x0000000083f00000| Untracked 
|  64|0x0000000084000000, 0x0000000084000000, 0x0000000084100000|  0%| F|  |TAMS 0x0000000084000000, 0x0000000084000000| Untracked 
|  65|0x0000000084100000, 0x0000000084100000, 0x0000000084200000|  0%| F|  |TAMS 0x0000000084100000, 0x0000000084100000| Untracked 
|  66|0x0000000084200000, 0x0000000084200000, 0x0000000084300000|  0%| F|  |TAMS 0x0000000084200000, 0x0000000084200000| Untracked 
|  67|0x0000000084300000, 0x0000000084300000, 0x0000000084400000|  0%| F|  |TAMS 0x0000000084300000, 0x0000000084300000| Untracked 
|  68|0x0000000084400000, 0x0000000084400000, 0x0000000084500000|  0%| F|  |TAMS 0x0000000084400000, 0x0000000084400000| Untracked 
|  69|0x0000000084500000, 0x0000000084500000, 0x0000000084600000|  0%| F|  |TAMS 0x0000000084500000, 0x0000000084500000| Untracked 
|  70|0x0000000084600000, 0x0000000084600000, 0x0000000084700000|  0%| F|  |TAMS 0x0000000084600000, 0x0000000084600000| Untracked 
|  71|0x0000000084700000, 0x0000000084800000, 0x0000000084800000|100%| O|  |TAMS 0x0000000084700000, 0x0000000084700000| Untracked 
|  72|0x0000000084800000, 0x0000000084900000, 0x0000000084900000|100%| O|  |TAMS 0x0000000084800000, 0x0000000084800000| Untracked 
|  73|0x0000000084900000, 0x0000000084a00000, 0x0000000084a00000|100%| O|  |TAMS 0x0000000084900000, 0x0000000084900000| Untracked 
|  74|0x0000000084a00000, 0x0000000084b00000, 0x0000000084b00000|100%| O|  |TAMS 0x0000000084a00000, 0x0000000084a00000| Untracked 
|  75|0x0000000084b00000, 0x0000000084be6c00, 0x0000000084c00000| 90%| O|  |TAMS 0x0000000084b00000, 0x0000000084b00000| Untracked 
|  76|0x0000000084c00000, 0x0000000084c00000, 0x0000000084d00000|  0%| F|  |TAMS 0x0000000084c00000, 0x0000000084c00000| Untracked 
|  77|0x0000000084d00000, 0x0000000084d00000, 0x0000000084e00000|  0%| F|  |TAMS 0x0000000084d00000, 0x0000000084d00000| Untracked 
|  78|0x0000000084e00000, 0x0000000084e00000, 0x0000000084f00000|  0%| F|  |TAMS 0x0000000084e00000, 0x0000000084e00000| Untracked 
|  79|0x0000000084f00000, 0x0000000084f00000, 0x0000000085000000|  0%| F|  |TAMS 0x0000000084f00000, 0x0000000084f00000| Untracked 
|  80|0x0000000085000000, 0x0000000085000000, 0x0000000085100000|  0%| F|  |TAMS 0x0000000085000000, 0x0000000085000000| Untracked 
|  81|0x0000000085100000, 0x0000000085100000, 0x0000000085200000|  0%| F|  |TAMS 0x0000000085100000, 0x0000000085100000| Untracked 
|  82|0x0000000085200000, 0x0000000085200000, 0x0000000085300000|  0%| F|  |TAMS 0x0000000085200000, 0x0000000085200000| Untracked 
|  83|0x0000000085300000, 0x0000000085300000, 0x0000000085400000|  0%| F|  |TAMS 0x0000000085300000, 0x0000000085300000| Untracked 
|  84|0x0000000085400000, 0x0000000085400000, 0x0000000085500000|  0%| F|  |TAMS 0x0000000085400000, 0x0000000085400000| Untracked 
|  85|0x0000000085500000, 0x0000000085500000, 0x0000000085600000|  0%| F|  |TAMS 0x0000000085500000, 0x0000000085500000| Untracked 
|  86|0x0000000085600000, 0x0000000085600000, 0x0000000085700000|  0%| F|  |TAMS 0x0000000085600000, 0x0000000085600000| Untracked 
|  87|0x0000000085700000, 0x0000000085700000, 0x0000000085800000|  0%| F|  |TAMS 0x0000000085700000, 0x0000000085700000| Untracked 
|  88|0x0000000085800000, 0x0000000085800000, 0x0000000085900000|  0%| F|  |TAMS 0x0000000085800000, 0x0000000085800000| Untracked 
|  89|0x0000000085900000, 0x00000000859f8ec8, 0x0000000085a00000| 97%| S|CS|TAMS 0x0000000085900000, 0x0000000085900000| Complete 
|  90|0x0000000085a00000, 0x0000000085b00000, 0x0000000085b00000|100%| S|CS|TAMS 0x0000000085a00000, 0x0000000085a00000| Complete 
|  91|0x0000000085b00000, 0x0000000085c00000, 0x0000000085c00000|100%| S|CS|TAMS 0x0000000085b00000, 0x0000000085b00000| Complete 
|  92|0x0000000085c00000, 0x0000000085d00000, 0x0000000085d00000|100%| S|CS|TAMS 0x0000000085c00000, 0x0000000085c00000| Complete 
|  93|0x0000000085d00000, 0x0000000085d00000, 0x0000000085e00000|  0%| F|  |TAMS 0x0000000085d00000, 0x0000000085d00000| Untracked 
|  94|0x0000000085e00000, 0x0000000085e00000, 0x0000000085f00000|  0%| F|  |TAMS 0x0000000085e00000, 0x0000000085e00000| Untracked 
|  95|0x0000000085f00000, 0x0000000085f00000, 0x0000000086000000|  0%| F|  |TAMS 0x0000000085f00000, 0x0000000085f00000| Untracked 
|  96|0x0000000086000000, 0x0000000086000000, 0x0000000086100000|  0%| F|  |TAMS 0x0000000086000000, 0x0000000086000000| Untracked 
|  97|0x0000000086100000, 0x0000000086100000, 0x0000000086200000|  0%| F|  |TAMS 0x0000000086100000, 0x0000000086100000| Untracked 
|  98|0x0000000086200000, 0x0000000086200000, 0x0000000086300000|  0%| F|  |TAMS 0x0000000086200000, 0x0000000086200000| Untracked 
|  99|0x0000000086300000, 0x0000000086300000, 0x0000000086400000|  0%| F|  |TAMS 0x0000000086300000, 0x0000000086300000| Untracked 
| 100|0x0000000086400000, 0x0000000086400000, 0x0000000086500000|  0%| F|  |TAMS 0x0000000086400000, 0x0000000086400000| Untracked 
| 101|0x0000000086500000, 0x0000000086500000, 0x0000000086600000|  0%| F|  |TAMS 0x0000000086500000, 0x0000000086500000| Untracked 
| 102|0x0000000086600000, 0x0000000086600000, 0x0000000086700000|  0%| F|  |TAMS 0x0000000086600000, 0x0000000086600000| Untracked 
| 103|0x0000000086700000, 0x0000000086700000, 0x0000000086800000|  0%| F|  |TAMS 0x0000000086700000, 0x0000000086700000| Untracked 
| 104|0x0000000086800000, 0x0000000086800000, 0x0000000086900000|  0%| F|  |TAMS 0x0000000086800000, 0x0000000086800000| Untracked 
| 105|0x0000000086900000, 0x0000000086900000, 0x0000000086a00000|  0%| F|  |TAMS 0x0000000086900000, 0x0000000086900000| Untracked 
| 106|0x0000000086a00000, 0x0000000086a00000, 0x0000000086b00000|  0%| F|  |TAMS 0x0000000086a00000, 0x0000000086a00000| Untracked 
| 107|0x0000000086b00000, 0x0000000086b00000, 0x0000000086c00000|  0%| F|  |TAMS 0x0000000086b00000, 0x0000000086b00000| Untracked 
| 108|0x0000000086c00000, 0x0000000086c00000, 0x0000000086d00000|  0%| F|  |TAMS 0x0000000086c00000, 0x0000000086c00000| Untracked 
| 109|0x0000000086d00000, 0x0000000086d00000, 0x0000000086e00000|  0%| F|  |TAMS 0x0000000086d00000, 0x0000000086d00000| Untracked 
| 110|0x0000000086e00000, 0x0000000086e00000, 0x0000000086f00000|  0%| F|  |TAMS 0x0000000086e00000, 0x0000000086e00000| Untracked 
| 111|0x0000000086f00000, 0x0000000086f00000, 0x0000000087000000|  0%| F|  |TAMS 0x0000000086f00000, 0x0000000086f00000| Untracked 
| 112|0x0000000087000000, 0x0000000087000000, 0x0000000087100000|  0%| F|  |TAMS 0x0000000087000000, 0x0000000087000000| Untracked 
| 113|0x0000000087100000, 0x0000000087100000, 0x0000000087200000|  0%| F|  |TAMS 0x0000000087100000, 0x0000000087100000| Untracked 
| 114|0x0000000087200000, 0x0000000087200000, 0x0000000087300000|  0%| F|  |TAMS 0x0000000087200000, 0x0000000087200000| Untracked 
| 115|0x0000000087300000, 0x0000000087300000, 0x0000000087400000|  0%| F|  |TAMS 0x0000000087300000, 0x0000000087300000| Untracked 
| 116|0x0000000087400000, 0x0000000087400000, 0x0000000087500000|  0%| F|  |TAMS 0x0000000087400000, 0x0000000087400000| Untracked 
| 117|0x0000000087500000, 0x0000000087500000, 0x0000000087600000|  0%| F|  |TAMS 0x0000000087500000, 0x0000000087500000| Untracked 
| 118|0x0000000087600000, 0x0000000087600000, 0x0000000087700000|  0%| F|  |TAMS 0x0000000087600000, 0x0000000087600000| Untracked 
| 119|0x0000000087700000, 0x0000000087700000, 0x0000000087800000|  0%| F|  |TAMS 0x0000000087700000, 0x0000000087700000| Untracked 
| 120|0x0000000087800000, 0x0000000087893dc8, 0x0000000087900000| 57%| E|  |TAMS 0x0000000087800000, 0x0000000087800000| Complete 
| 121|0x0000000087900000, 0x0000000087a00000, 0x0000000087a00000|100%| E|CS|TAMS 0x0000000087900000, 0x0000000087900000| Complete 

Card table byte_map: [0x000001f13c4d0000,0x000001f13c8d0000] _byte_map_base: 0x000001f13c0d0000

Marking Bits (Prev, Next): (CMBitMap*) 0x000001f122b71e68, (CMBitMap*) 0x000001f122b71ea0
 Prev Bits: [0x000001f13ccd0000, 0x000001f13ecd0000)
 Next Bits: [0x000001f13ecd0000, 0x000001f140cd0000)

Polling page: 0x000001f122c10000

Metaspace:

Usage:
  Non-class:     70.42 MB capacity,    69.04 MB ( 98%) used,     1.13 MB (  2%) free+waste,   261.56 KB ( <1%) overhead. 
      Class:     11.10 MB capacity,    10.13 MB ( 91%) used,   862.82 KB (  8%) free+waste,   124.06 KB (  1%) overhead. 
       Both:     81.52 MB capacity,    79.17 MB ( 97%) used,     1.97 MB (  2%) free+waste,   385.63 KB ( <1%) overhead. 

Virtual space:
  Non-class space:       72.00 MB reserved,      70.58 MB ( 98%) committed 
      Class space:      504.00 MB reserved,      11.13 MB (  2%) committed 
             Both:      576.00 MB reserved,      81.70 MB ( 14%) committed 

Chunk freelists:
   Non-Class:  30.00 KB
       Class:  30.00 KB
        Both:  60.00 KB

MaxMetaspaceSize: 512.00 MB
CompressedClassSpaceSize: 504.00 MB
Initial GC threshold: 20.80 MB
Current GC threshold: 134.30 MB
CDS: off

CodeHeap 'non-profiled nmethods': size=120064Kb used=5887Kb max_used=5887Kb free=114176Kb
 bounds [0x000001f134550000, 0x000001f134b10000, 0x000001f13ba90000]
CodeHeap 'profiled nmethods': size=120000Kb used=20859Kb max_used=20859Kb free=99140Kb
 bounds [0x000001f12d020000, 0x000001f12e480000, 0x000001f134550000]
CodeHeap 'non-nmethods': size=5696Kb used=2377Kb max_used=2418Kb free=3318Kb
 bounds [0x000001f12ca90000, 0x000001f12cd00000, 0x000001f12d020000]
 total_blobs=10354 nmethods=9450 adapters=816
 compilation: enabled
              stopped_count=0, restarted_count=0
 full_count=0

Compilation events (20 events):
Event: 712.288 Thread 0x000001f143b45000 nmethod 9490 0x000001f12e470a90 code [0x000001f12e470c40, 0x000001f12e470d98]
Event: 712.289 Thread 0x000001f143b45000 9491       3       org.objectweb.asm.SymbolTable::hash (10 bytes)
Event: 712.289 Thread 0x000001f143b45000 nmethod 9491 0x000001f12e470e90 code [0x000001f12e471040, 0x000001f12e471168]
Event: 712.290 Thread 0x000001f143b45000 9492       3       org.objectweb.asm.Type::equals (147 bytes)
Event: 712.292 Thread 0x000001f143b45000 nmethod 9492 0x000001f12e471290 code [0x000001f12e471540, 0x000001f12e472598]
Event: 712.292 Thread 0x000001f143b45000 9493       3       org.objectweb.asm.ByteVector::putUTF8 (144 bytes)
Event: 712.293 Thread 0x000001f143b45000 nmethod 9493 0x000001f12e472b90 code [0x000001f12e472e20, 0x000001f12e473948]
Event: 712.301 Thread 0x000001f143b45000 9494       3       org.objectweb.asm.ByteVector::putByte (39 bytes)
Event: 712.302 Thread 0x000001f143b45000 nmethod 9494 0x000001f12e473e90 code [0x000001f12e474060, 0x000001f12e474248]
Event: 712.302 Thread 0x000001f143b44000 9495       4       kotlin.jvm.internal.Intrinsics::areEqual (22 bytes)
Event: 712.302 Thread 0x000001f143b45000 9496       3       org.objectweb.asm.Frame::execute (2318 bytes)
Event: 712.303 Thread 0x000001f143b44000 nmethod 9495 0x000001f134b0fc90 code [0x000001f134b0fe20, 0x000001f134b0fe98]
Event: 712.332 Thread 0x000001f143b45000 nmethod 9496 0x000001f12e474390 code [0x000001f12e475100, 0x000001f12e47b838]
Event: 712.355 Thread 0x000001f143b45000 9497       3       org.objectweb.asm.SymbolTable::addConstantUtf8 (98 bytes)
Event: 712.356 Thread 0x000001f143b45000 nmethod 9497 0x000001f12e47d510 code [0x000001f12e47d760, 0x000001f12e47ddf8]
Event: 712.356 Thread 0x000001f143b45000 9498       3       org.objectweb.asm.ByteVector::putShort (52 bytes)
Event: 712.356 Thread 0x000001f143b45000 nmethod 9498 0x000001f12e47e190 code [0x000001f12e47e360, 0x000001f12e47e568]
Event: 713.123 Thread 0x000001f143b44000 9499       4       org.gradle.internal.instantiation.generator.AbstractClassGenerator::inspectType (560 bytes)
Event: 713.200 Thread 0x000001f143b45000 9501       3       org.gradle.cache.internal.DefaultCrossBuildInMemoryCacheFactory$DefaultCrossBuildInMemoryCache::maybeGetRetainedValue (25 bytes)
Event: 713.201 Thread 0x000001f143b45000 nmethod 9501 0x000001f12e47e690 code [0x000001f12e47e860, 0x000001f12e47ec18]

GC Heap History (20 events):
Event: 562.838 GC heap before
{Heap before GC invocations=87 (full 0):
 garbage-first heap   total 103424K, used 77173K [0x0000000080000000, 0x0000000100000000)
  region size 1024K, 23 young (23552K), 1 survivors (1024K)
 Metaspace       used 69494K, capacity 71603K, committed 71760K, reserved 579584K
  class space    used 8992K, capacity 9857K, committed 9984K, reserved 516096K
}
Event: 562.911 GC heap after
{Heap after GC invocations=88 (full 0):
 garbage-first heap   total 103424K, used 56212K [0x0000000080000000, 0x0000000100000000)
  region size 1024K, 3 young (3072K), 3 survivors (3072K)
 Metaspace       used 69494K, capacity 71603K, committed 71760K, reserved 579584K
  class space    used 8992K, capacity 9857K, committed 9984K, reserved 516096K
}
Event: 615.243 GC heap before
{Heap before GC invocations=89 (full 0):
 garbage-first heap   total 103424K, used 78740K [0x0000000080000000, 0x0000000100000000)
  region size 1024K, 25 young (25600K), 3 survivors (3072K)
 Metaspace       used 70007K, capacity 72154K, committed 72272K, reserved 579584K
  class space    used 9062K, capacity 9951K, committed 9984K, reserved 516096K
}
Event: 615.521 GC heap after
{Heap after GC invocations=90 (full 0):
 garbage-first heap   total 103424K, used 57079K [0x0000000080000000, 0x0000000100000000)
  region size 1024K, 3 young (3072K), 3 survivors (3072K)
 Metaspace       used 70007K, capacity 72154K, committed 72272K, reserved 579584K
  class space    used 9062K, capacity 9951K, committed 9984K, reserved 516096K
}
Event: 643.569 GC heap before
{Heap before GC invocations=90 (full 0):
 garbage-first heap   total 103424K, used 79607K [0x0000000080000000, 0x0000000100000000)
  region size 1024K, 26 young (26624K), 3 survivors (3072K)
 Metaspace       used 71287K, capacity 73527K, committed 73808K, reserved 581632K
  class space    used 9242K, capacity 10151K, committed 10240K, reserved 516096K
}
Event: 643.842 GC heap after
{Heap after GC invocations=91 (full 0):
 garbage-first heap   total 103424K, used 58598K [0x0000000080000000, 0x0000000100000000)
  region size 1024K, 3 young (3072K), 3 survivors (3072K)
 Metaspace       used 71287K, capacity 73527K, committed 73808K, reserved 581632K
  class space    used 9242K, capacity 10151K, committed 10240K, reserved 516096K
}
Event: 648.232 GC heap before
{Heap before GC invocations=92 (full 0):
 garbage-first heap   total 103424K, used 81126K [0x0000000080000000, 0x0000000100000000)
  region size 1024K, 26 young (26624K), 3 survivors (3072K)
 Metaspace       used 72936K, capacity 75154K, committed 75216K, reserved 581632K
  class space    used 9429K, capacity 10351K, committed 10368K, reserved 516096K
}
Event: 648.246 GC heap after
{Heap after GC invocations=93 (full 0):
 garbage-first heap   total 103424K, used 60224K [0x0000000080000000, 0x0000000100000000)
  region size 1024K, 4 young (4096K), 4 survivors (4096K)
 Metaspace       used 72936K, capacity 75154K, committed 75216K, reserved 581632K
  class space    used 9429K, capacity 10351K, committed 10368K, reserved 516096K
}
Event: 671.221 GC heap before
{Heap before GC invocations=93 (full 0):
 garbage-first heap   total 103424K, used 81728K [0x0000000080000000, 0x0000000100000000)
  region size 1024K, 26 young (26624K), 4 survivors (4096K)
 Metaspace       used 73553K, capacity 75838K, committed 76112K, reserved 583680K
  class space    used 9506K, capacity 10448K, committed 10496K, reserved 516096K
}
Event: 671.453 GC heap after
{Heap after GC invocations=94 (full 0):
 garbage-first heap   total 103424K, used 61194K [0x0000000080000000, 0x0000000100000000)
  region size 1024K, 3 young (3072K), 3 survivors (3072K)
 Metaspace       used 73553K, capacity 75838K, committed 76112K, reserved 583680K
  class space    used 9506K, capacity 10448K, committed 10496K, reserved 516096K
}
Event: 683.816 GC heap before
{Heap before GC invocations=95 (full 0):
 garbage-first heap   total 103424K, used 73482K [0x0000000080000000, 0x0000000100000000)
  region size 1024K, 16 young (16384K), 3 survivors (3072K)
 Metaspace       used 73620K, capacity 75923K, committed 76112K, reserved 583680K
  class space    used 9508K, capacity 10450K, committed 10496K, reserved 516096K
}
Event: 683.884 GC heap after
{Heap after GC invocations=96 (full 0):
 garbage-first heap   total 124928K, used 61696K [0x0000000080000000, 0x0000000100000000)
  region size 1024K, 2 young (2048K), 2 survivors (2048K)
 Metaspace       used 73620K, capacity 75923K, committed 76112K, reserved 583680K
  class space    used 9508K, capacity 10450K, committed 10496K, reserved 516096K
}
Event: 685.885 GC heap before
{Heap before GC invocations=97 (full 0):
 garbage-first heap   total 124928K, used 63744K [0x0000000080000000, 0x0000000100000000)
  region size 1024K, 5 young (5120K), 2 survivors (2048K)
 Metaspace       used 73698K, capacity 76035K, committed 76112K, reserved 583680K
  class space    used 9517K, capacity 10490K, committed 10496K, reserved 516096K
}
Event: 685.893 GC heap after
{Heap after GC invocations=98 (full 0):
 garbage-first heap   total 124928K, used 63579K [0x0000000080000000, 0x0000000100000000)
  region size 1024K, 3 young (3072K), 3 survivors (3072K)
 Metaspace       used 73698K, capacity 76035K, committed 76112K, reserved 583680K
  class space    used 9517K, capacity 10490K, committed 10496K, reserved 516096K
}
Event: 700.382 GC heap before
{Heap before GC invocations=99 (full 0):
 garbage-first heap   total 124928K, used 97371K [0x0000000080000000, 0x0000000100000000)
  region size 1024K, 36 young (36864K), 3 survivors (3072K)
 Metaspace       used 77939K, capacity 80276K, committed 80464K, reserved 585728K
  class space    used 9990K, capacity 10936K, committed 11008K, reserved 516096K
}
Event: 700.460 GC heap after
{Heap after GC invocations=100 (full 0):
 garbage-first heap   total 124928K, used 67121K [0x0000000080000000, 0x0000000100000000)
  region size 1024K, 5 young (5120K), 5 survivors (5120K)
 Metaspace       used 77939K, capacity 80276K, committed 80464K, reserved 585728K
  class space    used 9990K, capacity 10936K, committed 11008K, reserved 516096K
}
Event: 704.790 GC heap before
{Heap before GC invocations=100 (full 0):
 garbage-first heap   total 124928K, used 79409K [0x0000000080000000, 0x0000000100000000)
  region size 1024K, 18 young (18432K), 5 survivors (5120K)
 Metaspace       used 79937K, capacity 82326K, committed 82512K, reserved 587776K
  class space    used 10221K, capacity 11197K, committed 11264K, reserved 516096K
}
Event: 704.834 GC heap after
{Heap after GC invocations=101 (full 0):
 garbage-first heap   total 124928K, used 69518K [0x0000000080000000, 0x0000000100000000)
  region size 1024K, 5 young (5120K), 5 survivors (5120K)
 Metaspace       used 79937K, capacity 82326K, committed 82512K, reserved 587776K
  class space    used 10221K, capacity 11197K, committed 11264K, reserved 516096K
}
Event: 713.021 GC heap before
{Heap before GC invocations=102 (full 0):
 garbage-first heap   total 124928K, used 102286K [0x0000000080000000, 0x0000000100000000)
  region size 1024K, 29 young (29696K), 5 survivors (5120K)
 Metaspace       used 80958K, capacity 83348K, committed 83408K, reserved 589824K
  class space    used 10361K, capacity 11362K, committed 11392K, reserved 516096K
}
Event: 713.113 GC heap after
{Heap after GC invocations=103 (full 0):
 garbage-first heap   total 124928K, used 73598K [0x0000000080000000, 0x0000000100000000)
  region size 1024K, 4 young (4096K), 4 survivors (4096K)
 Metaspace       used 80958K, capacity 83348K, committed 83408K, reserved 589824K
  class space    used 10361K, capacity 11362K, committed 11392K, reserved 516096K
}

Deoptimization events (20 events):
Event: 706.322 Thread 0x000001f1450c8800 Uncommon trap: trap_request=0xffffffbe fr.pc=0x000001f134af38a0 relative=0x0000000000000ac0
Event: 706.322 Thread 0x000001f1450c8800 Uncommon trap: reason=profile_predicate action=maybe_recompile pc=0x000001f134af38a0 method=java.math.BigInteger.montReduce([I[III)[I @ 56 c2
Event: 706.322 Thread 0x000001f1450c8800 DEOPT PACKING pc=0x000001f134af38a0 sp=0x0000002ea84f2670
Event: 706.329 Thread 0x000001f1450c8800 DEOPT UNPACKING pc=0x000001f12cada1af sp=0x0000002ea84f2638 mode 2
Event: 710.300 Thread 0x000001f1450c8800 DEOPT PACKING pc=0x000001f12d2a3417 sp=0x0000002ea84f19f0
Event: 710.302 Thread 0x000001f1450c8800 DEOPT UNPACKING pc=0x000001f12cada95e sp=0x0000002ea84f0f78 mode 0
Event: 711.226 Thread 0x000001f1450c8800 Uncommon trap: trap_request=0xffffff4d fr.pc=0x000001f134823708 relative=0x0000000000003368
Event: 711.226 Thread 0x000001f1450c8800 Uncommon trap: reason=unstable_if action=reinterpret pc=0x000001f134823708 method=java.util.regex.Pattern.has(I)Z @ 6 c2
Event: 711.226 Thread 0x000001f1450c8800 DEOPT PACKING pc=0x000001f134823708 sp=0x0000002ea84f64f0
Event: 711.228 Thread 0x000001f1450c8800 DEOPT UNPACKING pc=0x000001f12cada1af sp=0x0000002ea84f6480 mode 2
Event: 712.895 Thread 0x000001f1450c8800 Uncommon trap: trap_request=0xffffffc6 fr.pc=0x000001f13493d098 relative=0x0000000000000058
Event: 712.895 Thread 0x000001f1450c8800 Uncommon trap: reason=bimorphic_or_optimized_type_check action=maybe_recompile pc=0x000001f13493d098 method=java.util.AbstractQueue.add(Ljava/lang/Object;)Z @ 2 c2
Event: 712.895 Thread 0x000001f1450c8800 DEOPT PACKING pc=0x000001f13493d098 sp=0x0000002ea84f74a0
Event: 712.895 Thread 0x000001f1450c8800 DEOPT UNPACKING pc=0x000001f12cada1af sp=0x0000002ea84f7468 mode 2
Event: 712.895 Thread 0x000001f1450c8800 Uncommon trap: trap_request=0xffffffc6 fr.pc=0x000001f13493d098 relative=0x0000000000000058
Event: 712.895 Thread 0x000001f1450c8800 Uncommon trap: reason=bimorphic_or_optimized_type_check action=maybe_recompile pc=0x000001f13493d098 method=java.util.AbstractQueue.add(Ljava/lang/Object;)Z @ 2 c2
Event: 712.895 Thread 0x000001f1450c8800 DEOPT PACKING pc=0x000001f13493d098 sp=0x0000002ea84f74a0
Event: 712.895 Thread 0x000001f1450c8800 DEOPT UNPACKING pc=0x000001f12cada1af sp=0x0000002ea84f7468 mode 2
Event: 713.123 Thread 0x000001f1450c8800 DEOPT PACKING pc=0x000001f12dc20e56 sp=0x0000002ea84f6f40
Event: 713.123 Thread 0x000001f1450c8800 DEOPT UNPACKING pc=0x000001f12cada95e sp=0x0000002ea84f64e0 mode 0

Classes redefined (0 events):
No events

Internal exceptions (20 events):
Event: 685.956 Thread 0x000001f1450c8800 Exception <a 'java/security/PrivilegedActionException'{0x0000000087966818}> (0x0000000087966818) thrown at [./src/hotspot/share/prims/jvm.cpp, line 1306]
Event: 688.323 Thread 0x000001f1450c8800 Exception <a 'java/security/PrivilegedActionException'{0x000000008708c268}> (0x000000008708c268) thrown at [./src/hotspot/share/prims/jvm.cpp, line 1306]
Event: 688.323 Thread 0x000001f1450c8800 Exception <a 'java/security/PrivilegedActionException'{0x000000008708d7d0}> (0x000000008708d7d0) thrown at [./src/hotspot/share/prims/jvm.cpp, line 1306]
Event: 688.323 Thread 0x000001f1450c8800 Exception <a 'java/security/PrivilegedActionException'{0x0000000087090948}> (0x0000000087090948) thrown at [./src/hotspot/share/prims/jvm.cpp, line 1306]
Event: 688.324 Thread 0x000001f1450c8800 Exception <a 'java/security/PrivilegedActionException'{0x0000000087091eb0}> (0x0000000087091eb0) thrown at [./src/hotspot/share/prims/jvm.cpp, line 1306]
Event: 688.324 Thread 0x000001f1450c8800 Exception <a 'java/security/PrivilegedActionException'{0x00000000870950e0}> (0x00000000870950e0) thrown at [./src/hotspot/share/prims/jvm.cpp, line 1306]
Event: 688.325 Thread 0x000001f1450c8800 Exception <a 'java/security/PrivilegedActionException'{0x0000000087096648}> (0x0000000087096648) thrown at [./src/hotspot/share/prims/jvm.cpp, line 1306]
Event: 688.325 Thread 0x000001f1450c8800 Exception <a 'java/security/PrivilegedActionException'{0x00000000870997d8}> (0x00000000870997d8) thrown at [./src/hotspot/share/prims/jvm.cpp, line 1306]
Event: 688.326 Thread 0x000001f1450c8800 Exception <a 'java/security/PrivilegedActionException'{0x000000008709ad40}> (0x000000008709ad40) thrown at [./src/hotspot/share/prims/jvm.cpp, line 1306]
Event: 688.326 Thread 0x000001f1450c8800 Exception <a 'java/security/PrivilegedActionException'{0x000000008709df10}> (0x000000008709df10) thrown at [./src/hotspot/share/prims/jvm.cpp, line 1306]
Event: 688.326 Thread 0x000001f1450c8800 Exception <a 'java/security/PrivilegedActionException'{0x000000008709f478}> (0x000000008709f478) thrown at [./src/hotspot/share/prims/jvm.cpp, line 1306]
Event: 688.327 Thread 0x000001f1450c8800 Exception <a 'java/security/PrivilegedActionException'{0x00000000870a26a8}> (0x00000000870a26a8) thrown at [./src/hotspot/share/prims/jvm.cpp, line 1306]
Event: 688.327 Thread 0x000001f1450c8800 Exception <a 'java/security/PrivilegedActionException'{0x00000000870a3c10}> (0x00000000870a3c10) thrown at [./src/hotspot/share/prims/jvm.cpp, line 1306]
Event: 692.961 Thread 0x000001f1450c8800 Exception <a 'java/lang/NoSuchMethodError'{0x000000008631b620}: 'java.lang.Object java.lang.invoke.DirectMethodHandle$Holder.invokeStatic(java.lang.Object, java.lang.Object, java.lang.Object, java.lang.Object, java.lang.Object, java.lang.Object, java.lang.Object, java.lang.Object, java.lang.Object, java.lang.Object, java.lang.Object, java.lang.Object, java.lang.Object, int)'> (0x000000008631b620) thrown at [./src/hotspot/share/interpreter/linkResolver.cpp, line 773]
Event: 692.968 Thread 0x000001f1450c8800 Exception <a 'java/lang/NoSuchMethodError'{0x0000000086329008}: 'java.lang.Object java.lang.invoke.DirectMethodHandle$Holder.invokeStatic(java.lang.Object, java.lang.Object, java.lang.Object, java.lang.Object, java.lang.Object, java.lang.Object, java.lang.Object, java.lang.Object, java.lang.Object, java.lang.Object, java.lang.Object, java.lang.Object, java.lang.Object, int, int)'> (0x0000000086329008) thrown at [./src/hotspot/share/interpreter/linkResolver.cpp, line 773]
Event: 701.318 Thread 0x000001f1450c8800 Exception <a 'java/lang/NoSuchMethodError'{0x0000000087739648}: 'java.lang.Object java.lang.invoke.DirectMethodHandle$Holder.invokeSpecial(java.lang.Object, java.lang.Object, int, int, int, java.lang.Object, java.lang.Object, java.lang.Object, java.lang.Object)'> (0x0000000087739648) thrown at [./src/hotspot/share/interpreter/linkResolver.cpp, line 773]
Event: 701.320 Thread 0x000001f1450c8800 Exception <a 'java/lang/NoSuchMethodError'{0x000000008773e098}: 'java.lang.Object java.lang.invoke.DelegatingMethodHandle$Holder.reinvoke_L(java.lang.Object, int, int, int, java.lang.Object, java.lang.Object, java.lang.Object, java.lang.Object)'> (0x000000008773e098) thrown at [./src/hotspot/share/interpreter/linkResolver.cpp, line 773]
Event: 702.579 Thread 0x000001f1450c8800 Implicit null exception at 0x000001f13464d60b to 0x000001f13464d6e8
Event: 703.557 Thread 0x000001f1450c8800 Implicit null exception at 0x000001f1346f752c to 0x000001f1346f764e
Event: 707.426 Thread 0x000001f1450c8800 Exception <a 'sun/nio/fs/WindowsException'{0x0000000086686e48}> (0x0000000086686e48) thrown at [./src/hotspot/share/prims/jni.cpp, line 617]

Events (20 events):
Event: 712.841 loading class com/google/common/util/concurrent/Uninterruptibles
Event: 712.841 loading class com/google/common/util/concurrent/Uninterruptibles done
Event: 712.876 loading class com/google/common/util/concurrent/AbstractFuture$SetFuture
Event: 712.876 loading class com/google/common/util/concurrent/AbstractFuture$SetFuture done
Event: 712.880 loading class com/google/common/util/concurrent/AbstractFuture$Cancellation
Event: 712.880 loading class com/google/common/util/concurrent/AbstractFuture$Cancellation done
Event: 712.881 loading class com/google/common/util/concurrent/AbstractFuture$Failure
Event: 712.881 loading class com/google/common/util/concurrent/AbstractFuture$Failure done
Event: 712.891 loading class com/google/common/cache/LocalCache$StrongValueReference
Event: 712.891 loading class com/google/common/cache/LocalCache$StrongValueReference done
Event: 712.900 loading class com/android/builder/core/AbstractProductFlavor$Companion
Event: 712.900 loading class com/android/builder/core/AbstractProductFlavor$Companion done
Event: 712.957 loading class com/android/builder/internal/BaseConfigImpl$Companion
Event: 712.957 loading class com/android/builder/internal/BaseConfigImpl$Companion done
Event: 712.965 Executing VM operation: G1CollectForAllocation
Event: 713.113 Executing VM operation: G1CollectForAllocation done
Event: 713.201 loading class com/android/utils/HelpfulEnumConverter
Event: 713.201 loading class com/android/utils/HelpfulEnumConverter done
Event: 713.210 loading class com/android/build/gradle/internal/dsl/NdkOptions$DebugSymbolLevel
Event: 713.210 loading class com/android/build/gradle/internal/dsl/NdkOptions$DebugSymbolLevel done


Dynamic libraries:
0x00007ff6d05c0000 - 0x00007ff6d05cd000 	C:\Program Files\Eclipse Adoptium\jdk-11.0.17.8-hotspot\bin\java.exe
0x00007ffe14f30000 - 0x00007ffe15128000 	C:\Windows\SYSTEM32\ntdll.dll
0x00007ffe14d50000 - 0x00007ffe14e0d000 	C:\Windows\System32\KERNEL32.DLL
0x00007ffe12830000 - 0x00007ffe12b26000 	C:\Windows\System32\KERNELBASE.dll
0x00007ffe12680000 - 0x00007ffe12780000 	C:\Windows\System32\ucrtbase.dll
0x00007ffe09210000 - 0x00007ffe09227000 	C:\Program Files\Eclipse Adoptium\jdk-11.0.17.8-hotspot\bin\jli.dll
0x00007ffe13dd0000 - 0x00007ffe13f6e000 	C:\Windows\System32\USER32.dll
0x00007ffe12ed0000 - 0x00007ffe12ef2000 	C:\Windows\System32\win32u.dll
0x00007ffe14260000 - 0x00007ffe1428c000 	C:\Windows\System32\GDI32.dll
0x00007ffe12b30000 - 0x00007ffe12c4a000 	C:\Windows\System32\gdi32full.dll
0x00007ffe12e30000 - 0x00007ffe12ecd000 	C:\Windows\System32\msvcp_win.dll
0x00007ffe09150000 - 0x00007ffe09165000 	C:\Program Files\Eclipse Adoptium\jdk-11.0.17.8-hotspot\bin\VCRUNTIME140.dll
0x00007ffdfd5e0000 - 0x00007ffdfd87a000 	C:\Windows\WinSxS\amd64_microsoft.windows.common-controls_6595b64144ccf1df_6.0.19041.3636_none_60b6a03d71f818d5\COMCTL32.dll
0x00007ffe142b0000 - 0x00007ffe1434e000 	C:\Windows\System32\msvcrt.dll
0x00007ffe13650000 - 0x00007ffe13680000 	C:\Windows\System32\IMM32.DLL
0x00007ffde63c0000 - 0x00007ffde645b000 	C:\Program Files\Eclipse Adoptium\jdk-11.0.17.8-hotspot\bin\msvcp140.dll
0x00007ffdc6960000 - 0x00007ffdc74e2000 	C:\Program Files\Eclipse Adoptium\jdk-11.0.17.8-hotspot\bin\server\jvm.dll
0x00007ffe14510000 - 0x00007ffe145bf000 	C:\Windows\System32\ADVAPI32.dll
0x00007ffe145c0000 - 0x00007ffe1465c000 	C:\Windows\System32\sechost.dll
0x00007ffe13040000 - 0x00007ffe13166000 	C:\Windows\System32\RPCRT4.dll
0x00007ffe14290000 - 0x00007ffe14298000 	C:\Windows\System32\PSAPI.DLL
0x00007ffdf2150000 - 0x00007ffdf2159000 	C:\Windows\SYSTEM32\WSOCK32.dll
0x00007ffe14440000 - 0x00007ffe144ab000 	C:\Windows\System32\WS2_32.dll
0x00007ffdf4d40000 - 0x00007ffdf4d67000 	C:\Windows\SYSTEM32\WINMM.dll
0x00007ffe06bd0000 - 0x00007ffe06bda000 	C:\Windows\SYSTEM32\VERSION.dll
0x00007ffe10e60000 - 0x00007ffe10e72000 	C:\Windows\SYSTEM32\kernel.appcore.dll
0x00007ffe0a760000 - 0x00007ffe0a770000 	C:\Program Files\Eclipse Adoptium\jdk-11.0.17.8-hotspot\bin\verify.dll
0x00007ffe0d380000 - 0x00007ffe0d564000 	C:\Windows\SYSTEM32\DBGHELP.DLL
0x00007ffdf4c40000 - 0x00007ffdf4c74000 	C:\Windows\SYSTEM32\dbgcore.DLL
0x00007ffe12f00000 - 0x00007ffe12f82000 	C:\Windows\System32\bcryptPrimitives.dll
0x00007ffdffe70000 - 0x00007ffdffe98000 	C:\Program Files\Eclipse Adoptium\jdk-11.0.17.8-hotspot\bin\java.dll
0x00007ffe0a650000 - 0x00007ffe0a65a000 	C:\Program Files\Eclipse Adoptium\jdk-11.0.17.8-hotspot\bin\jimage.dll
0x00007ffe09130000 - 0x00007ffe09148000 	C:\Program Files\Eclipse Adoptium\jdk-11.0.17.8-hotspot\bin\zip.dll
0x00007ffe13680000 - 0x00007ffe13dc4000 	C:\Windows\System32\SHELL32.dll
0x00007ffe0d570000 - 0x00007ffe0dd0b000 	C:\Windows\SYSTEM32\windows.storage.dll
0x00007ffe14660000 - 0x00007ffe149b4000 	C:\Windows\System32\combase.dll
0x00007ffe11fe0000 - 0x00007ffe1200d000 	C:\Windows\SYSTEM32\Wldp.dll
0x00007ffe13f70000 - 0x00007ffe1401d000 	C:\Windows\System32\SHCORE.dll
0x00007ffe14ae0000 - 0x00007ffe14b35000 	C:\Windows\System32\shlwapi.dll
0x00007ffe12540000 - 0x00007ffe12565000 	C:\Windows\SYSTEM32\profapi.dll
0x00007ffe08660000 - 0x00007ffe08679000 	C:\Program Files\Eclipse Adoptium\jdk-11.0.17.8-hotspot\bin\net.dll
0x00007ffdfda00000 - 0x00007ffdfdb0a000 	C:\Windows\SYSTEM32\WINHTTP.dll
0x00007ffe11d40000 - 0x00007ffe11daa000 	C:\Windows\system32\mswsock.dll
0x00007ffe08600000 - 0x00007ffe08613000 	C:\Program Files\Eclipse Adoptium\jdk-11.0.17.8-hotspot\bin\nio.dll
0x00007ffde6390000 - 0x00007ffde63b7000 	C:\Users\Ayesha\.gradle\native\68d5fa5c4cc2d200863cafc0d521ce42e7d3e7ee720ec0a83991735586a16f82\windows-amd64\native-platform.dll
0x00007ffde6530000 - 0x00007ffde6674000 	C:\Users\Ayesha\.gradle\native\e376f236ea51e6404a007f0833ffe2c6e607c4080706a723a18a27aeea778392\windows-amd64\native-platform-file-events.dll
0x00007ffe016a0000 - 0x00007ffe016a9000 	C:\Program Files\Eclipse Adoptium\jdk-11.0.17.8-hotspot\bin\management.dll
0x00007ffe00a70000 - 0x00007ffe00a7b000 	C:\Program Files\Eclipse Adoptium\jdk-11.0.17.8-hotspot\bin\management_ext.dll
0x00007ffe11f30000 - 0x00007ffe11f48000 	C:\Windows\SYSTEM32\CRYPTSP.dll
0x00007ffe11670000 - 0x00007ffe116a4000 	C:\Windows\system32\rsaenh.dll
0x00007ffe12e00000 - 0x00007ffe12e27000 	C:\Windows\System32\bcrypt.dll
0x00007ffe124c0000 - 0x00007ffe124ee000 	C:\Windows\SYSTEM32\USERENV.dll
0x00007ffe11f50000 - 0x00007ffe11f5c000 	C:\Windows\SYSTEM32\CRYPTBASE.dll
0x00007ffe11a30000 - 0x00007ffe11a6b000 	C:\Windows\SYSTEM32\IPHLPAPI.DLL
0x00007ffe13640000 - 0x00007ffe13648000 	C:\Windows\System32\NSI.dll
0x00007ffdfe2e0000 - 0x00007ffdfe2f7000 	C:\Windows\SYSTEM32\dhcpcsvc6.DLL
0x00007ffdfee20000 - 0x00007ffdfee3d000 	C:\Windows\SYSTEM32\dhcpcsvc.DLL
0x00007ffe11a70000 - 0x00007ffe11b3a000 	C:\Windows\SYSTEM32\DNSAPI.dll

dbghelp: loaded successfully - version: 4.0.5 - missing functions: none
symbol engine: initialized successfully - sym options: 0x614 - pdb path: .;C:\Program Files\Eclipse Adoptium\jdk-11.0.17.8-hotspot\bin;C:\Windows\SYSTEM32;C:\Windows\WinSxS\amd64_microsoft.windows.common-controls_6595b64144ccf1df_6.0.19041.3636_none_60b6a03d71f818d5;C:\Program Files\Eclipse Adoptium\jdk-11.0.17.8-hotspot\bin\server;C:\Users\Ayesha\.gradle\native\68d5fa5c4cc2d200863cafc0d521ce42e7d3e7ee720ec0a83991735586a16f82\windows-amd64;C:\Users\Ayesha\.gradle\native\e376f236ea51e6404a007f0833ffe2c6e607c4080706a723a18a27aeea778392\windows-amd64

VM Arguments:
jvm_args: -XX:MaxMetaspaceSize=512m --add-opens=java.base/java.util=ALL-UNNAMED --add-opens=java.base/java.lang=ALL-UNNAMED --add-opens=java.base/java.lang.invoke=ALL-UNNAMED --add-opens=java.prefs/java.util.prefs=ALL-UNNAMED --add-opens=java.base/java.nio.charset=ALL-UNNAMED --add-opens=java.base/java.net=ALL-UNNAMED --add-opens=java.base/java.util.concurrent.atomic=ALL-UNNAMED -Xmx2048m -Dfile.encoding=windows-1252 -Duser.country=US -Duser.language=en -Duser.variant 
java_command: org.gradle.launcher.daemon.bootstrap.GradleDaemon 8.0.1
java_class_path (initial): C:\Users\Ayesha\.gradle\wrapper\dists\gradle-8.0.1-all\aro4hu1c3oeioove7l0i4i14o\gradle-8.0.1\lib\gradle-launcher-8.0.1.jar
Launcher Type: SUN_STANDARD

[Global flags]
     intx CICompilerCount                          = 3                                         {product} {ergonomic}
   size_t CompressedClassSpaceSize                 = 528482304                                 {product} {ergonomic}
     uint ConcGCThreads                            = 1                                         {product} {ergonomic}
     uint G1ConcRefinementThreads                  = 4                                         {product} {ergonomic}
   size_t G1HeapRegionSize                         = 1048576                                   {product} {ergonomic}
    uintx GCDrainStackTargetSize                   = 64                                        {product} {ergonomic}
   size_t InitialHeapSize                          = 67108864                                  {product} {ergonomic}
   size_t MarkStackSize                            = 4194304                                   {product} {ergonomic}
   size_t MaxHeapSize                              = 2147483648                                {product} {command line}
   size_t MaxMetaspaceSize                         = 536870912                                 {product} {command line}
   size_t MaxNewSize                               = 1287651328                                {product} {ergonomic}
   size_t MinHeapDeltaBytes                        = 1048576                                   {product} {ergonomic}
    uintx NonNMethodCodeHeapSize                   = 5830732                                {pd product} {ergonomic}
    uintx NonProfiledCodeHeapSize                  = 122913754                              {pd product} {ergonomic}
    uintx ProfiledCodeHeapSize                     = 122913754                              {pd product} {ergonomic}
    uintx ReservedCodeCacheSize                    = 251658240                              {pd product} {ergonomic}
     bool SegmentedCodeCache                       = true                                      {product} {ergonomic}
     bool UseCompressedClassPointers               = true                                 {lp64_product} {ergonomic}
     bool UseCompressedOops                        = true                                 {lp64_product} {ergonomic}
     bool UseG1GC                                  = true                                      {product} {ergonomic}
     bool UseLargePagesIndividualAllocation        = false                                  {pd product} {ergonomic}

Logging:
Log output configuration:
 #0: stdout all=warning uptime,level,tags
 #1: stderr all=off uptime,level,tags

Environment Variables:
CLASSPATH=E:\Workspace\NewFolder\ForEachPartner\android\\gradle\wrapper\gradle-wrapper.jar
PATH=E:\Workspace\NewFolder\ForEachPartner\node_modules\.bin;E:\Workspace\NewFolder\ForEachPartner\node_modules\.bin;E:\Workspace\NewFolder\node_modules\.bin;E:\Workspace\node_modules\.bin;E:\node_modules\.bin;C:\Users\Ayesha\AppData\Roaming\npm\node_modules\npm\node_modules\@npmcli\run-script\lib\node-gyp-bin;E:\Workspace\NewFolder\ForEachPartner\node_modules\.bin;E:\Workspace\NewFolder\ForEachPartner\node_modules\.bin;E:\Workspace\NewFolder\node_modules\.bin;E:\Workspace\node_modules\.bin;E:\node_modules\.bin;C:\Users\Ayesha\AppData\Roaming\npm\node_modules\npm\node_modules\@npmcli\run-script\lib\node-gyp-bin;C:\Program Files\Eclipse Adoptium\jdk-11.0.17.8-hotspot\bin;C:\Windows\system32;C:\Windows;C:\Windows\System32\Wbem;C:\Windows\System32\WindowsPowerShell\v1.0\;C:\Windows\System32\OpenSSH\;C:\ProgramData\chocolatey\bin;C:\Program Files\nodejs\;C:\Program Files\Git\cmd;C:\Users\Ayesha\AppData\Local\Microsoft\WindowsApps;C:\Users\Ayesha\AppData\Roaming\npm;C:\Users\Ayesha\AppData\Local\Android\Sdk\platform-tools;C:\Users\Ayesha\AppData\Local\GitHubDesktop\bin;C:\Users\Ayesha\AppData\Local\Programs\Microsoft VS Code\bin
USERNAME=Ayesha
LANG=en_US.UTF-8
OS=Windows_NT
PROCESSOR_IDENTIFIER=Intel64 Family 6 Model 78 Stepping 3, GenuineIntel
TMP=C:\Users\Ayesha\AppData\Local\Temp
TEMP=C:\Users\Ayesha\AppData\Local\Temp



---------------  S Y S T E M  ---------------

OS: Windows 10 , 64 bit Build 19041 (10.0.19041.3636)
OS uptime: 6 days 7:46 hours

CPU:total 4 (initial active 4) (2 cores per cpu, 2 threads per core) family 6 model 78 stepping 3 microcode 0xf0, cmov, cx8, fxsr, mmx, sse, sse2, sse3, ssse3, sse4.1, sse4.2, popcnt, avx, avx2, aes, clmul, erms, 3dnowpref, lzcnt, ht, tsc, tscinvbit, bmi1, bmi2, adx, fma

Memory: 4k page, system-wide physical 3976M (51M free)
TotalPageFile size 16264M (AvailPageFile size 3M)
current process WorkingSet (physical memory assigned to process): 204M, peak: 208M
current process commit charge ("private bytes"): 367M, peak: 377M

vm_info: OpenJDK 64-Bit Server VM (11.0.17+8) for windows-amd64 JRE (11.0.17+8), built on Oct 19 2022 00:04:05 by "" with MS VC++ 15.9 (VS2017)

END.
