#
# There is insufficient memory for the Java Runtime Environment to continue.
# Native memory allocation (malloc) failed to allocate 1090256 bytes for Chunk::new
# Possible reasons:
#   The system is out of physical RAM or swap space
#   The process is running with CompressedOops enabled, and the Java Heap may be blocking the growth of the native heap
# Possible solutions:
#   Reduce memory load on the system
#   Increase physical memory or swap space
#   Check if swap backing store is full
#   Decrease Java heap size (-Xmx/-Xms)
#   Decrease number of Java threads
#   Decrease Java thread stack sizes (-Xss)
#   Set larger code cache with -XX:ReservedCodeCacheSize=
#   JVM is running with Unscaled Compressed Oops mode in which the Java heap is
#     placed in the first 4GB address space. The Java Heap base address is the
#     maximum limit for the native heap growth. Please use -XX:HeapBaseMinAddress
#     to set the Java Heap base and to place the Java Heap above 4GB virtual address.
# This output file may be truncated or incomplete.
#
#  Out of Memory Error (./src/hotspot/share/memory/arena.cpp:197), pid=19928, tid=752
#
# JRE version: OpenJDK Runtime Environment Temurin-11.0.17+8 (11.0.17+8) (build 11.0.17+8)
# Java VM: OpenJDK 64-Bit Server VM Temurin-11.0.17+8 (11.0.17+8, mixed mode, tiered, compressed oops, g1 gc, windows-amd64)
# No core dump will be written. Minidumps are not enabled by default on client versions of Windows
#

---------------  S U M M A R Y ------------

Command Line: -XX:MaxMetaspaceSize=512m --add-opens=java.base/java.util=ALL-UNNAMED --add-opens=java.base/java.lang=ALL-UNNAMED --add-opens=java.base/java.lang.invoke=ALL-UNNAMED --add-opens=java.prefs/java.util.prefs=ALL-UNNAMED --add-opens=java.base/java.nio.charset=ALL-UNNAMED --add-opens=java.base/java.net=ALL-UNNAMED --add-opens=java.base/java.util.concurrent.atomic=ALL-UNNAMED -Xmx2048m -Dfile.encoding=windows-1252 -Duser.country=US -Duser.language=en -Duser.variant org.gradle.launcher.daemon.bootstrap.GradleDaemon 8.0.1

Host: Intel(R) Core(TM) i5-6200U CPU @ 2.30GHz, 4 cores, 3G,  Windows 10 , 64 bit Build 19041 (10.0.19041.3636)
Time: Sat Dec  9 20:53:26 2023 Pacific Standard Time elapsed time: 725.682213 seconds (0d 0h 12m 5s)

---------------  T H R E A D  ---------------

Current thread (0x00000294fb264000):  JavaThread "C2 CompilerThread0" daemon [_thread_in_native, id=752, stack(0x000000df87800000,0x000000df87900000)]


Current CompileTask:
C2: 725682 9884       4       jdk.internal.loader.URLClassPath$JarLoader$2::getBytes (48 bytes)

Stack: [0x000000df87800000,0x000000df87900000]
Native frames: (J=compiled Java code, j=interpreted, Vv=VM code, C=native code)
V  [jvm.dll+0x61f5ba]
V  [jvm.dll+0x7abf79]
V  [jvm.dll+0x7ad668]
V  [jvm.dll+0x7add43]
V  [jvm.dll+0x24fd88]
V  [jvm.dll+0xc262c]
V  [jvm.dll+0xc2bec]
V  [jvm.dll+0x359f42]
V  [jvm.dll+0x326123]
V  [jvm.dll+0x32545a]
V  [jvm.dll+0x209053]
V  [jvm.dll+0x20815d]
V  [jvm.dll+0x18a3b1]
V  [jvm.dll+0x217a34]
V  [jvm.dll+0x215c7b]
V  [jvm.dll+0x76ea70]
V  [jvm.dll+0x7679a4]
V  [jvm.dll+0x61e425]
C  [ucrtbase.dll+0x21bb2]
C  [KERNEL32.DLL+0x17344]
C  [ntdll.dll+0x526b1]


---------------  P R O C E S S  ---------------

Threads class SMR info:
_java_thread_list=0x0000029490a8f7d0, length=85, elements={
0x00000294eb1f7000, 0x00000294fb20c800, 0x00000294fb20d800, 0x00000294fb25d000,
0x00000294fb25e000, 0x00000294fb25f000, 0x00000294fb264000, 0x00000294fb265800,
0x00000294fb3dc800, 0x00000294fb4d9000, 0x00000294fc5a7800, 0x00000294fc201800,
0x00000294fbee6800, 0x00000294fb77e000, 0x00000294fc1e5800, 0x00000294fb71e000,
0x00000294fc82c000, 0x00000294fb79d000, 0x00000294fc8de000, 0x00000294fdbde000,
0x00000294fdbe0000, 0x00000294fdbdd000, 0x00000294fdbde800, 0x00000294fdbdf800,
0x00000294fdbe1000, 0x00000294fdbdc000, 0x00000294fdbe2800, 0x00000294fd44b800,
0x00000294fd44a000, 0x00000294fd446800, 0x00000294fd448000, 0x00000294fd44a800,
0x00000294fd44d000, 0x00000294fd44c800, 0x00000294fd447800, 0x00000294fd44f000,
0x00000294fd44e000, 0x00000294fd449000, 0x00000294fd44f800, 0x00000294fd450800,
0x00000294fd451000, 0x00000294fd453000, 0x00000294fd452000, 0x00000294fd454800,
0x00000294fd453800, 0x00000294fdbe2000, 0x00000294fcb0a800, 0x00000294fcb0e000,
0x00000294fcb08000, 0x00000294fcb0f000, 0x00000294fcb0d000, 0x00000294fcb0b800,
0x00000294fcb09000, 0x00000294fcb0c800, 0x00000294fcb0f800, 0x00000294fcb0a000,
0x00000294fcb10800, 0x00000294fcb11000, 0x00000294fcb14800, 0x00000294fcb13000,
0x00000294fcb15800, 0x00000294fcb16000, 0x00000294fcb17000, 0x00000294fcb12000,
0x00000294fcb13800, 0x0000029490806800, 0x0000029490807800, 0x000002949080b800,
0x000002949080a800, 0x0000029490805800, 0x0000029490808000, 0x000002949080a000,
0x000002949080d000, 0x000002949080e800, 0x000002949080c000, 0x000002949080e000,
0x0000029490809000, 0x000002949080f800, 0x0000029490811000, 0x0000029490813000,
0x0000029490812000, 0x0000029490810800, 0x0000029490813800, 0x000002948f85c000,
0x000002948f85d000
}

Java Threads: ( => current thread )
  0x00000294eb1f7000 JavaThread "main" [_thread_blocked, id=672, stack(0x000000df86b00000,0x000000df86c00000)]
  0x00000294fb20c800 JavaThread "Reference Handler" daemon [_thread_blocked, id=324, stack(0x000000df87300000,0x000000df87400000)]
  0x00000294fb20d800 JavaThread "Finalizer" daemon [_thread_blocked, id=3712, stack(0x000000df87400000,0x000000df87500000)]
  0x00000294fb25d000 JavaThread "Signal Dispatcher" daemon [_thread_blocked, id=17624, stack(0x000000df87500000,0x000000df87600000)]
  0x00000294fb25e000 JavaThread "Attach Listener" daemon [_thread_blocked, id=11616, stack(0x000000df87600000,0x000000df87700000)]
  0x00000294fb25f000 JavaThread "Service Thread" daemon [_thread_blocked, id=15244, stack(0x000000df87700000,0x000000df87800000)]
=>0x00000294fb264000 JavaThread "C2 CompilerThread0" daemon [_thread_in_native, id=752, stack(0x000000df87800000,0x000000df87900000)]
  0x00000294fb265800 JavaThread "C1 CompilerThread0" daemon [_thread_blocked, id=21020, stack(0x000000df87900000,0x000000df87a00000)]
  0x00000294fb3dc800 JavaThread "Sweeper thread" daemon [_thread_blocked, id=11992, stack(0x000000df87a00000,0x000000df87b00000)]
  0x00000294fb4d9000 JavaThread "Common-Cleaner" daemon [_thread_blocked, id=10288, stack(0x000000df87b00000,0x000000df87c00000)]
  0x00000294fc5a7800 JavaThread "Daemon health stats" [_thread_blocked, id=5328, stack(0x000000df87e00000,0x000000df87f00000)]
  0x00000294fc201800 JavaThread "Incoming local TCP Connector on port 59188" [_thread_in_native, id=7548, stack(0x000000df88100000,0x000000df88200000)]
  0x00000294fbee6800 JavaThread "Daemon periodic checks" [_thread_blocked, id=17752, stack(0x000000df88200000,0x000000df88300000)]
  0x00000294fb77e000 JavaThread "Daemon" [_thread_blocked, id=11332, stack(0x000000df88300000,0x000000df88400000)]
  0x00000294fc1e5800 JavaThread "Handler for socket connection from /127.0.0.1:59188 to /127.0.0.1:59191" [_thread_in_native, id=17344, stack(0x000000df88400000,0x000000df88500000)]
  0x00000294fb71e000 JavaThread "Cancel handler" [_thread_blocked, id=20700, stack(0x000000df88500000,0x000000df88600000)]
  0x00000294fc82c000 JavaThread "Daemon worker" [_thread_in_native, id=884, stack(0x000000df88600000,0x000000df88700000)]
  0x00000294fb79d000 JavaThread "Asynchronous log dispatcher for DefaultDaemonConnection: socket connection from /127.0.0.1:59188 to /127.0.0.1:59191" [_thread_blocked, id=5824, stack(0x000000df88700000,0x000000df88800000)]
  0x00000294fc8de000 JavaThread "Daemon client event forwarder" [_thread_blocked, id=10280, stack(0x000000df88900000,0x000000df88a00000)]
  0x00000294fdbde000 JavaThread "Cache worker for journal cache (C:\Users\Ayesha\.gradle\caches\journal-1)" [_thread_blocked, id=5412, stack(0x000000df88a00000,0x000000df88b00000)]
  0x00000294fdbe0000 JavaThread "File lock request listener" [_thread_in_native, id=6644, stack(0x000000df88b00000,0x000000df88c00000)]
  0x00000294fdbdd000 JavaThread "Cache worker for file hash cache (C:\Users\Ayesha\.gradle\caches\8.0.1\fileHashes)" [_thread_blocked, id=9812, stack(0x000000df88c00000,0x000000df88d00000)]
  0x00000294fdbde800 JavaThread "File watcher server" daemon [_thread_in_native, id=15048, stack(0x000000df89000000,0x000000df89100000)]
  0x00000294fdbdf800 JavaThread "File watcher consumer" daemon [_thread_blocked, id=15448, stack(0x000000df89100000,0x000000df89200000)]
  0x00000294fdbe1000 JavaThread "Cache worker for checksums cache (E:\Workspace\NewFolder\ForEachPartner\android\.gradle\8.0.1\checksums)" [_thread_blocked, id=5420, stack(0x000000df89200000,0x000000df89300000)]
  0x00000294fdbdc000 JavaThread "Cache worker for cache directory md-rule (C:\Users\Ayesha\.gradle\caches\8.0.1\md-rule)" [_thread_blocked, id=13852, stack(0x000000df89300000,0x000000df89400000)]
  0x00000294fdbe2800 JavaThread "Cache worker for file content cache (C:\Users\Ayesha\.gradle\caches\8.0.1\fileContent)" [_thread_blocked, id=6492, stack(0x000000df89400000,0x000000df89500000)]
  0x00000294fd44b800 JavaThread "Cache worker for file hash cache (E:\Workspace\NewFolder\ForEachPartner\android\.gradle\8.0.1\fileHashes)" [_thread_blocked, id=16880, stack(0x000000df89500000,0x000000df89600000)]
  0x00000294fd44a000 JavaThread "Cache worker for cache directory md-supplier (C:\Users\Ayesha\.gradle\caches\8.0.1\md-supplier)" [_thread_blocked, id=2592, stack(0x000000df89600000,0x000000df89700000)]
  0x00000294fd446800 JavaThread "Cache worker for execution history cache (C:\Users\Ayesha\.gradle\caches\8.0.1\executionHistory)" [_thread_blocked, id=21080, stack(0x000000df86a00000,0x000000df86b00000)]
  0x00000294fd448000 JavaThread "jar transforms" [_thread_blocked, id=2400, stack(0x000000df86c00000,0x000000df86d00000)]
  0x00000294fd44a800 JavaThread "jar transforms Thread 2" [_thread_blocked, id=12640, stack(0x000000df89700000,0x000000df89800000)]
  0x00000294fd44d000 JavaThread "jar transforms Thread 3" [_thread_blocked, id=7072, stack(0x000000df89900000,0x000000df89a00000)]
  0x00000294fd44c800 JavaThread "jar transforms Thread 4" [_thread_blocked, id=20156, stack(0x000000df89a00000,0x000000df89b00000)]
  0x00000294fd447800 JavaThread "Cache worker for kotlin-dsl (C:\Users\Ayesha\.gradle\caches\8.0.1\kotlin-dsl)" [_thread_blocked, id=20552, stack(0x000000df88d00000,0x000000df88e00000)]
  0x00000294fd44f000 JavaThread "File lock release action executor Thread 3" [_thread_blocked, id=20232, stack(0x000000df88e00000,0x000000df88f00000)]
  0x00000294fd44e000 JavaThread "Cache worker for dependencies-accessors (E:\Workspace\NewFolder\ForEachPartner\android\.gradle\8.0.1\dependencies-accessors)" [_thread_blocked, id=16792, stack(0x000000df88f00000,0x000000df89000000)]
  0x00000294fd449000 JavaThread "Cache worker for Build Output Cleanup Cache (E:\Workspace\NewFolder\ForEachPartner\node_modules\@react-native\gradle-plugin\.gradle\buildOutputCleanup)" [_thread_blocked, id=9800, stack(0x000000df89800000,0x000000df89900000)]
  0x00000294fd44f800 JavaThread "Unconstrained build operations" [_thread_blocked, id=7692, stack(0x000000df89e00000,0x000000df89f00000)]
  0x00000294fd450800 JavaThread "Unconstrained build operations Thread 2" [_thread_blocked, id=12216, stack(0x000000df89f00000,0x000000df8a000000)]
  0x00000294fd451000 JavaThread "Unconstrained build operations Thread 3" [_thread_blocked, id=19684, stack(0x000000df8a000000,0x000000df8a100000)]
  0x00000294fd453000 JavaThread "Unconstrained build operations Thread 4" [_thread_blocked, id=20464, stack(0x000000df8a100000,0x000000df8a200000)]
  0x00000294fd452000 JavaThread "Unconstrained build operations Thread 5" [_thread_blocked, id=21060, stack(0x000000df8a200000,0x000000df8a300000)]
  0x00000294fd454800 JavaThread "Unconstrained build operations Thread 6" [_thread_blocked, id=8092, stack(0x000000df8a300000,0x000000df8a400000)]
  0x00000294fd453800 JavaThread "Unconstrained build operations Thread 7" [_thread_blocked, id=16940, stack(0x000000df8a400000,0x000000df8a500000)]
  0x00000294fdbe2000 JavaThread "Unconstrained build operations Thread 8" [_thread_blocked, id=5484, stack(0x000000df8a500000,0x000000df8a600000)]
  0x00000294fcb0a800 JavaThread "Unconstrained build operations Thread 9" [_thread_blocked, id=16440, stack(0x000000df8a600000,0x000000df8a700000)]
  0x00000294fcb0e000 JavaThread "Unconstrained build operations Thread 10" [_thread_blocked, id=21108, stack(0x000000df8a700000,0x000000df8a800000)]
  0x00000294fcb08000 JavaThread "Unconstrained build operations Thread 11" [_thread_blocked, id=6456, stack(0x000000df8a800000,0x000000df8a900000)]
  0x00000294fcb0f000 JavaThread "Unconstrained build operations Thread 12" [_thread_blocked, id=15200, stack(0x000000df8a900000,0x000000df8aa00000)]
  0x00000294fcb0d000 JavaThread "Unconstrained build operations Thread 13" [_thread_blocked, id=12688, stack(0x000000df8aa00000,0x000000df8ab00000)]
  0x00000294fcb0b800 JavaThread "Unconstrained build operations Thread 14" [_thread_blocked, id=528, stack(0x000000df8ab00000,0x000000df8ac00000)]
  0x00000294fcb09000 JavaThread "Unconstrained build operations Thread 15" [_thread_blocked, id=8404, stack(0x000000df8ac00000,0x000000df8ad00000)]
  0x00000294fcb0c800 JavaThread "Unconstrained build operations Thread 16" [_thread_blocked, id=13492, stack(0x000000df8ad00000,0x000000df8ae00000)]
  0x00000294fcb0f800 JavaThread "Unconstrained build operations Thread 17" [_thread_blocked, id=1456, stack(0x000000df8ae00000,0x000000df8af00000)]
  0x00000294fcb0a000 JavaThread "Unconstrained build operations Thread 18" [_thread_blocked, id=19744, stack(0x000000df8af00000,0x000000df8b000000)]
  0x00000294fcb10800 JavaThread "Unconstrained build operations Thread 19" [_thread_blocked, id=6344, stack(0x000000df8b000000,0x000000df8b100000)]
  0x00000294fcb11000 JavaThread "Unconstrained build operations Thread 20" [_thread_blocked, id=9508, stack(0x000000df8b100000,0x000000df8b200000)]
  0x00000294fcb14800 JavaThread "Unconstrained build operations Thread 21" [_thread_blocked, id=14432, stack(0x000000df8b200000,0x000000df8b300000)]
  0x00000294fcb13000 JavaThread "Unconstrained build operations Thread 22" [_thread_blocked, id=11628, stack(0x000000df8b300000,0x000000df8b400000)]
  0x00000294fcb15800 JavaThread "Unconstrained build operations Thread 23" [_thread_blocked, id=20744, stack(0x000000df8b400000,0x000000df8b500000)]
  0x00000294fcb16000 JavaThread "Unconstrained build operations Thread 24" [_thread_blocked, id=496, stack(0x000000df8b500000,0x000000df8b600000)]
  0x00000294fcb17000 JavaThread "Unconstrained build operations Thread 25" [_thread_blocked, id=6856, stack(0x000000df8b600000,0x000000df8b700000)]
  0x00000294fcb12000 JavaThread "Unconstrained build operations Thread 26" [_thread_blocked, id=12880, stack(0x000000df8b700000,0x000000df8b800000)]
  0x00000294fcb13800 JavaThread "Memory manager" [_thread_blocked, id=11036, stack(0x000000df8b800000,0x000000df8b900000)]
  0x0000029490806800 JavaThread "Cache worker for Build Output Cleanup Cache (E:\Workspace\NewFolder\ForEachPartner\android\.gradle\buildOutputCleanup)" [_thread_blocked, id=19708, stack(0x000000df89b00000,0x000000df89c00000)]
  0x0000029490807800 JavaThread "Execution worker" [_thread_blocked, id=1712, stack(0x000000df89c00000,0x000000df89d00000)]
  0x000002949080b800 JavaThread "Execution worker Thread 2" [_thread_blocked, id=964, stack(0x000000df8b900000,0x000000df8ba00000)]
  0x000002949080a800 JavaThread "Execution worker Thread 3" [_thread_blocked, id=21644, stack(0x000000df8ba00000,0x000000df8bb00000)]
  0x0000029490805800 JavaThread "Cache worker for execution history cache (E:\Workspace\NewFolder\ForEachPartner\node_modules\@react-native\gradle-plugin\.gradle\8.0.1\executionHistory)" [_thread_blocked, id=15732, stack(0x000000df8bb00000,0x000000df8bc00000)]
  0x0000029490808000 JavaThread "Unconstrained build operations Thread 27" [_thread_blocked, id=2208, stack(0x000000df8bc00000,0x000000df8bd00000)]
  0x000002949080a000 JavaThread "Unconstrained build operations Thread 28" [_thread_blocked, id=12528, stack(0x000000df8bd00000,0x000000df8be00000)]
  0x000002949080d000 JavaThread "Unconstrained build operations Thread 29" [_thread_blocked, id=10896, stack(0x000000df8be00000,0x000000df8bf00000)]
  0x000002949080e800 JavaThread "Unconstrained build operations Thread 30" [_thread_blocked, id=21456, stack(0x000000df8bf00000,0x000000df8c000000)]
  0x000002949080c000 JavaThread "Unconstrained build operations Thread 31" [_thread_blocked, id=22200, stack(0x000000df8c100000,0x000000df8c200000)]
  0x000002949080e000 JavaThread "Unconstrained build operations Thread 32" [_thread_blocked, id=8684, stack(0x000000df8c200000,0x000000df8c300000)]
  0x0000029490809000 JavaThread "Unconstrained build operations Thread 33" [_thread_blocked, id=15176, stack(0x000000df8c300000,0x000000df8c400000)]
  0x000002949080f800 JavaThread "Unconstrained build operations Thread 34" [_thread_blocked, id=12300, stack(0x000000df8c400000,0x000000df8c500000)]
  0x0000029490811000 JavaThread "Unconstrained build operations Thread 35" [_thread_blocked, id=22092, stack(0x000000df8c500000,0x000000df8c600000)]
  0x0000029490813000 JavaThread "Unconstrained build operations Thread 36" [_thread_blocked, id=11396, stack(0x000000df8c600000,0x000000df8c700000)]
  0x0000029490812000 JavaThread "Unconstrained build operations Thread 37" [_thread_blocked, id=22216, stack(0x000000df8c700000,0x000000df8c800000)]
  0x0000029490810800 JavaThread "Unconstrained build operations Thread 38" [_thread_blocked, id=10648, stack(0x000000df8c800000,0x000000df8c900000)]
  0x0000029490813800 JavaThread "Unconstrained build operations Thread 39" [_thread_blocked, id=14120, stack(0x000000df8c900000,0x000000df8ca00000)]
  0x000002948f85c000 JavaThread "Unconstrained build operations Thread 40" [_thread_blocked, id=15012, stack(0x000000df8ca00000,0x000000df8cb00000)]
  0x000002948f85d000 JavaThread "File lock release action executor Thread 4" [_thread_blocked, id=12200, stack(0x000000df8cb00000,0x000000df8cc00000)]

Other Threads:
  0x00000294fb1fa000 VMThread "VM Thread" [stack: 0x000000df87200000,0x000000df87300000] [id=2312]
  0x00000294fb533000 WatcherThread [stack: 0x000000df87c00000,0x000000df87d00000] [id=10608]
  0x00000294eb209800 GCTaskThread "GC Thread#0" [stack: 0x000000df86d00000,0x000000df86e00000] [id=20004]
  0x00000294fbc69000 GCTaskThread "GC Thread#1" [stack: 0x000000df87d00000,0x000000df87e00000] [id=19736]
  0x00000294fbc66800 GCTaskThread "GC Thread#2" [stack: 0x000000df87f00000,0x000000df88000000] [id=8000]
  0x00000294fbc67800 GCTaskThread "GC Thread#3" [stack: 0x000000df88000000,0x000000df88100000] [id=18088]
  0x00000294eb23a800 ConcurrentGCThread "G1 Main Marker" [stack: 0x000000df86e00000,0x000000df86f00000] [id=9208]
  0x00000294eb240000 ConcurrentGCThread "G1 Conc#0" [stack: 0x000000df86f00000,0x000000df87000000] [id=19492]
  0x00000294eb297000 ConcurrentGCThread "G1 Refine#0" [stack: 0x000000df87000000,0x000000df87100000] [id=9428]
  0x00000294eb299000 ConcurrentGCThread "G1 Young RemSet Sampling" [stack: 0x000000df87100000,0x000000df87200000] [id=2528]

Threads with active compile tasks:
C2 CompilerThread0   725750 9884       4       jdk.internal.loader.URLClassPath$JarLoader$2::getBytes (48 bytes)

VM state:not at safepoint (normal execution)

VM Mutex/Monitor currently owned by a thread: None

Heap address: 0x0000000080000000, size: 2048 MB, Compressed Oops mode: 32-bit
Narrow klass base: 0x0000000000000000, Narrow klass shift: 3
Compressed class space size: 528482304 Address: 0x0000000100000000

Heap:
 garbage-first heap   total 114688K, used 84576K [0x0000000080000000, 0x0000000100000000)
  region size 1024K, 6 young (6144K), 1 survivors (1024K)
 Metaspace       used 85695K, capacity 88064K, committed 88144K, reserved 593920K
  class space    used 10970K, capacity 11988K, committed 12032K, reserved 516096K
Heap Regions: E=young(eden), S=young(survivor), O=old, HS=humongous(starts), HC=humongous(continues), CS=collection set, F=free, A=archive, TAMS=top-at-mark-start (previous, next)
|   0|0x0000000080000000, 0x0000000080100000, 0x0000000080100000|100%| O|  |TAMS 0x0000000080100000, 0x0000000080000000| Untracked 
|   1|0x0000000080100000, 0x0000000080200000, 0x0000000080200000|100%| O|  |TAMS 0x0000000080200000, 0x0000000080100000| Untracked 
|   2|0x0000000080200000, 0x0000000080300000, 0x0000000080300000|100%| O|  |TAMS 0x0000000080300000, 0x0000000080200000| Untracked 
|   3|0x0000000080300000, 0x0000000080400000, 0x0000000080400000|100%|HS|  |TAMS 0x0000000080400000, 0x0000000080300000| Complete 
|   4|0x0000000080400000, 0x0000000080500000, 0x0000000080500000|100%|HC|  |TAMS 0x0000000080500000, 0x0000000080400000| Complete 
|   5|0x0000000080500000, 0x0000000080600000, 0x0000000080600000|100%|HC|  |TAMS 0x0000000080600000, 0x0000000080500000| Complete 
|   6|0x0000000080600000, 0x0000000080700000, 0x0000000080700000|100%|HC|  |TAMS 0x0000000080700000, 0x0000000080600000| Complete 
|   7|0x0000000080700000, 0x0000000080800000, 0x0000000080800000|100%| O|  |TAMS 0x0000000080800000, 0x0000000080700000| Untracked 
|   8|0x0000000080800000, 0x0000000080900000, 0x0000000080900000|100%| O|  |TAMS 0x0000000080900000, 0x0000000080800000| Untracked 
|   9|0x0000000080900000, 0x0000000080a00000, 0x0000000080a00000|100%| O|  |TAMS 0x0000000080a00000, 0x0000000080900000| Untracked 
|  10|0x0000000080a00000, 0x0000000080b00000, 0x0000000080b00000|100%| O|  |TAMS 0x0000000080b00000, 0x0000000080a00000| Untracked 
|  11|0x0000000080b00000, 0x0000000080c00000, 0x0000000080c00000|100%| O|  |TAMS 0x0000000080c00000, 0x0000000080b00000| Untracked 
|  12|0x0000000080c00000, 0x0000000080d00000, 0x0000000080d00000|100%| O|  |TAMS 0x0000000080d00000, 0x0000000080c00000| Untracked 
|  13|0x0000000080d00000, 0x0000000080e00000, 0x0000000080e00000|100%| O|  |TAMS 0x0000000080e00000, 0x0000000080d00000| Untracked 
|  14|0x0000000080e00000, 0x0000000080f00000, 0x0000000080f00000|100%| O|  |TAMS 0x0000000080f00000, 0x0000000080e00000| Untracked 
|  15|0x0000000080f00000, 0x0000000081000000, 0x0000000081000000|100%| O|  |TAMS 0x0000000081000000, 0x0000000080f00000| Untracked 
|  16|0x0000000081000000, 0x0000000081100000, 0x0000000081100000|100%| O|  |TAMS 0x0000000081100000, 0x0000000081000000| Untracked 
|  17|0x0000000081100000, 0x0000000081200000, 0x0000000081200000|100%| O|  |TAMS 0x0000000081200000, 0x0000000081100000| Untracked 
|  18|0x0000000081200000, 0x0000000081300000, 0x0000000081300000|100%| O|  |TAMS 0x0000000081300000, 0x0000000081200000| Untracked 
|  19|0x0000000081300000, 0x0000000081400000, 0x0000000081400000|100%| O|  |TAMS 0x0000000081400000, 0x0000000081300000| Untracked 
|  20|0x0000000081400000, 0x0000000081500000, 0x0000000081500000|100%| O|  |TAMS 0x0000000081500000, 0x0000000081400000| Untracked 
|  21|0x0000000081500000, 0x0000000081600000, 0x0000000081600000|100%| O|  |TAMS 0x0000000081600000, 0x0000000081500000| Untracked 
|  22|0x0000000081600000, 0x0000000081700000, 0x0000000081700000|100%| O|  |TAMS 0x0000000081700000, 0x0000000081600000| Untracked 
|  23|0x0000000081700000, 0x0000000081800000, 0x0000000081800000|100%| O|  |TAMS 0x0000000081800000, 0x0000000081700000| Untracked 
|  24|0x0000000081800000, 0x0000000081900000, 0x0000000081900000|100%| O|  |TAMS 0x0000000081900000, 0x0000000081800000| Untracked 
|  25|0x0000000081900000, 0x0000000081a00000, 0x0000000081a00000|100%| O|  |TAMS 0x0000000081a00000, 0x0000000081900000| Untracked 
|  26|0x0000000081a00000, 0x0000000081b00000, 0x0000000081b00000|100%| O|  |TAMS 0x0000000081b00000, 0x0000000081a00000| Untracked 
|  27|0x0000000081b00000, 0x0000000081c00000, 0x0000000081c00000|100%| O|  |TAMS 0x0000000081c00000, 0x0000000081b00000| Untracked 
|  28|0x0000000081c00000, 0x0000000081d00000, 0x0000000081d00000|100%| O|  |TAMS 0x0000000081d00000, 0x0000000081c00000| Untracked 
|  29|0x0000000081d00000, 0x0000000081e00000, 0x0000000081e00000|100%| O|  |TAMS 0x0000000081e00000, 0x0000000081d00000| Untracked 
|  30|0x0000000081e00000, 0x0000000081f00000, 0x0000000081f00000|100%| O|  |TAMS 0x0000000081f00000, 0x0000000081e00000| Untracked 
|  31|0x0000000081f00000, 0x0000000082000000, 0x0000000082000000|100%| O|  |TAMS 0x0000000082000000, 0x0000000081f00000| Untracked 
|  32|0x0000000082000000, 0x0000000082100000, 0x0000000082100000|100%| O|  |TAMS 0x0000000082100000, 0x0000000082000000| Untracked 
|  33|0x0000000082100000, 0x0000000082200000, 0x0000000082200000|100%| O|  |TAMS 0x0000000082200000, 0x0000000082100000| Untracked 
|  34|0x0000000082200000, 0x0000000082300000, 0x0000000082300000|100%| O|  |TAMS 0x0000000082300000, 0x0000000082200000| Untracked 
|  35|0x0000000082300000, 0x0000000082400000, 0x0000000082400000|100%| O|  |TAMS 0x0000000082400000, 0x0000000082300000| Untracked 
|  36|0x0000000082400000, 0x0000000082500000, 0x0000000082500000|100%| O|  |TAMS 0x0000000082500000, 0x0000000082400000| Untracked 
|  37|0x0000000082500000, 0x0000000082600000, 0x0000000082600000|100%|HS|  |TAMS 0x0000000082600000, 0x0000000082500000| Complete 
|  38|0x0000000082600000, 0x0000000082700000, 0x0000000082700000|100%|HC|  |TAMS 0x0000000082700000, 0x0000000082600000| Complete 
|  39|0x0000000082700000, 0x0000000082800000, 0x0000000082800000|100%| O|  |TAMS 0x0000000082800000, 0x0000000082700000| Untracked 
|  40|0x0000000082800000, 0x0000000082900000, 0x0000000082900000|100%| O|  |TAMS 0x0000000082900000, 0x0000000082800000| Untracked 
|  41|0x0000000082900000, 0x0000000082a00000, 0x0000000082a00000|100%|HS|  |TAMS 0x0000000082a00000, 0x0000000082900000| Complete 
|  42|0x0000000082a00000, 0x0000000082b00000, 0x0000000082b00000|100%|HC|  |TAMS 0x0000000082b00000, 0x0000000082a00000| Complete 
|  43|0x0000000082b00000, 0x0000000082c00000, 0x0000000082c00000|100%|HC|  |TAMS 0x0000000082c00000, 0x0000000082b00000| Complete 
|  44|0x0000000082c00000, 0x0000000082d00000, 0x0000000082d00000|100%|HC|  |TAMS 0x0000000082d00000, 0x0000000082c00000| Complete 
|  45|0x0000000082d00000, 0x0000000082e00000, 0x0000000082e00000|100%| O|  |TAMS 0x0000000082e00000, 0x0000000082d00000| Untracked 
|  46|0x0000000082e00000, 0x0000000082f00000, 0x0000000082f00000|100%| O|  |TAMS 0x0000000082f00000, 0x0000000082e00000| Untracked 
|  47|0x0000000082f00000, 0x0000000083000000, 0x0000000083000000|100%| O|  |TAMS 0x0000000083000000, 0x0000000082f00000| Untracked 
|  48|0x0000000083000000, 0x0000000083100000, 0x0000000083100000|100%| O|  |TAMS 0x0000000083100000, 0x0000000083000000| Untracked 
|  49|0x0000000083100000, 0x0000000083200000, 0x0000000083200000|100%| O|  |TAMS 0x0000000083200000, 0x0000000083100000| Untracked 
|  50|0x0000000083200000, 0x0000000083300000, 0x0000000083300000|100%| O|  |TAMS 0x0000000083300000, 0x0000000083200000| Untracked 
|  51|0x0000000083300000, 0x0000000083400000, 0x0000000083400000|100%| O|  |TAMS 0x0000000083400000, 0x0000000083300000| Untracked 
|  52|0x0000000083400000, 0x0000000083500000, 0x0000000083500000|100%| O|  |TAMS 0x0000000083500000, 0x0000000083400000| Untracked 
|  53|0x0000000083500000, 0x0000000083600000, 0x0000000083600000|100%| O|  |TAMS 0x0000000083600000, 0x0000000083500000| Untracked 
|  54|0x0000000083600000, 0x0000000083700000, 0x0000000083700000|100%| O|  |TAMS 0x0000000083700000, 0x0000000083600000| Untracked 
|  55|0x0000000083700000, 0x0000000083800000, 0x0000000083800000|100%| O|  |TAMS 0x0000000083800000, 0x0000000083700000| Untracked 
|  56|0x0000000083800000, 0x0000000083900000, 0x0000000083900000|100%| O|  |TAMS 0x0000000083900000, 0x0000000083800000| Untracked 
|  57|0x0000000083900000, 0x0000000083a00000, 0x0000000083a00000|100%|HS|  |TAMS 0x0000000083a00000, 0x0000000083900000| Complete 
|  58|0x0000000083a00000, 0x0000000083b00000, 0x0000000083b00000|100%| O|  |TAMS 0x0000000083b00000, 0x0000000083a00000| Untracked 
|  59|0x0000000083b00000, 0x0000000083c00000, 0x0000000083c00000|100%| O|  |TAMS 0x0000000083c00000, 0x0000000083b00000| Untracked 
|  60|0x0000000083c00000, 0x0000000083d00000, 0x0000000083d00000|100%| O|  |TAMS 0x0000000083d00000, 0x0000000083c00000| Untracked 
|  61|0x0000000083d00000, 0x0000000083e00000, 0x0000000083e00000|100%| O|  |TAMS 0x0000000083e00000, 0x0000000083d00000| Untracked 
|  62|0x0000000083e00000, 0x0000000083f00000, 0x0000000083f00000|100%| O|  |TAMS 0x0000000083f00000, 0x0000000083e00000| Untracked 
|  63|0x0000000083f00000, 0x0000000084000000, 0x0000000084000000|100%| O|  |TAMS 0x0000000084000000, 0x0000000083f00000| Untracked 
|  64|0x0000000084000000, 0x0000000084100000, 0x0000000084100000|100%| O|  |TAMS 0x0000000084100000, 0x0000000084000000| Untracked 
|  65|0x0000000084100000, 0x0000000084200000, 0x0000000084200000|100%| O|  |TAMS 0x0000000084200000, 0x0000000084100000| Untracked 
|  66|0x0000000084200000, 0x0000000084300000, 0x0000000084300000|100%|HS|  |TAMS 0x0000000084300000, 0x0000000084200000| Complete 
|  67|0x0000000084300000, 0x0000000084400000, 0x0000000084400000|100%| O|  |TAMS 0x0000000084400000, 0x0000000084300000| Untracked 
|  68|0x0000000084400000, 0x0000000084500000, 0x0000000084500000|100%| O|  |TAMS 0x0000000084500000, 0x0000000084400000| Untracked 
|  69|0x0000000084500000, 0x0000000084600000, 0x0000000084600000|100%| O|  |TAMS 0x0000000084600000, 0x0000000084500000| Untracked 
|  70|0x0000000084600000, 0x0000000084600000, 0x0000000084700000|  0%| F|  |TAMS 0x0000000084600000, 0x0000000084600000| Untracked 
|  71|0x0000000084700000, 0x0000000084800000, 0x0000000084800000|100%|HS|  |TAMS 0x0000000084800000, 0x0000000084700000| Untracked 
|  72|0x0000000084800000, 0x0000000084900000, 0x0000000084900000|100%|HS|  |TAMS 0x0000000084800000, 0x0000000084800000| Complete 
|  73|0x0000000084900000, 0x0000000084a00000, 0x0000000084a00000|100%| O|  |TAMS 0x0000000084a00000, 0x0000000084900000| Untracked 
|  74|0x0000000084a00000, 0x0000000084b00000, 0x0000000084b00000|100%| O|  |TAMS 0x0000000084b00000, 0x0000000084a00000| Untracked 
|  75|0x0000000084b00000, 0x0000000084c00000, 0x0000000084c00000|100%| O|  |TAMS 0x0000000084b0aa00, 0x0000000084b00000| Untracked 
|  76|0x0000000084c00000, 0x0000000084d00000, 0x0000000084d00000|100%|HS|  |TAMS 0x0000000084c00000, 0x0000000084c00000| Complete 
|  77|0x0000000084d00000, 0x0000000084de4200, 0x0000000084e00000| 89%| O|  |TAMS 0x0000000084d00000, 0x0000000084d00000| Untracked 
|  78|0x0000000084e00000, 0x0000000084f00000, 0x0000000084f00000|100%|HS|  |TAMS 0x0000000084e00000, 0x0000000084e00000| Complete 
|  79|0x0000000084f00000, 0x0000000084f00000, 0x0000000085000000|  0%| F|  |TAMS 0x0000000084f00000, 0x0000000084f00000| Untracked 
|  80|0x0000000085000000, 0x0000000085000000, 0x0000000085100000|  0%| F|  |TAMS 0x0000000085000000, 0x0000000085000000| Untracked 
|  81|0x0000000085100000, 0x0000000085100000, 0x0000000085200000|  0%| F|  |TAMS 0x0000000085100000, 0x0000000085100000| Untracked 
|  82|0x0000000085200000, 0x0000000085200000, 0x0000000085300000|  0%| F|  |TAMS 0x0000000085200000, 0x0000000085200000| Untracked 
|  83|0x0000000085300000, 0x0000000085300000, 0x0000000085400000|  0%| F|  |TAMS 0x0000000085300000, 0x0000000085300000| Untracked 
|  84|0x0000000085400000, 0x0000000085400000, 0x0000000085500000|  0%| F|  |TAMS 0x0000000085400000, 0x0000000085400000| Untracked 
|  85|0x0000000085500000, 0x0000000085500000, 0x0000000085600000|  0%| F|  |TAMS 0x0000000085500000, 0x0000000085500000| Untracked 
|  86|0x0000000085600000, 0x0000000085600000, 0x0000000085700000|  0%| F|  |TAMS 0x0000000085600000, 0x0000000085600000| Untracked 
|  87|0x0000000085700000, 0x0000000085700000, 0x0000000085800000|  0%| F|  |TAMS 0x0000000085700000, 0x0000000085700000| Untracked 
|  88|0x0000000085800000, 0x0000000085800000, 0x0000000085900000|  0%| F|  |TAMS 0x0000000085800000, 0x0000000085800000| Untracked 
|  89|0x0000000085900000, 0x0000000085900000, 0x0000000085a00000|  0%| F|  |TAMS 0x0000000085900000, 0x0000000085900000| Untracked 
|  90|0x0000000085a00000, 0x0000000085a00000, 0x0000000085b00000|  0%| F|  |TAMS 0x0000000085a00000, 0x0000000085a00000| Untracked 
|  91|0x0000000085b00000, 0x0000000085b00000, 0x0000000085c00000|  0%| F|  |TAMS 0x0000000085b00000, 0x0000000085b00000| Untracked 
|  92|0x0000000085c00000, 0x0000000085c00000, 0x0000000085d00000|  0%| F|  |TAMS 0x0000000085c00000, 0x0000000085c00000| Untracked 
|  93|0x0000000085d00000, 0x0000000085d00000, 0x0000000085e00000|  0%| F|  |TAMS 0x0000000085d00000, 0x0000000085d00000| Untracked 
|  94|0x0000000085e00000, 0x0000000085e00000, 0x0000000085f00000|  0%| F|  |TAMS 0x0000000085e00000, 0x0000000085e00000| Untracked 
|  95|0x0000000085f00000, 0x0000000085f00000, 0x0000000086000000|  0%| F|  |TAMS 0x0000000085f00000, 0x0000000085f00000| Untracked 
|  96|0x0000000086000000, 0x0000000086000000, 0x0000000086100000|  0%| F|  |TAMS 0x0000000086000000, 0x0000000086000000| Untracked 
|  97|0x0000000086100000, 0x0000000086100000, 0x0000000086200000|  0%| F|  |TAMS 0x0000000086100000, 0x0000000086100000| Untracked 
|  98|0x0000000086200000, 0x0000000086200000, 0x0000000086300000|  0%| F|  |TAMS 0x0000000086200000, 0x0000000086200000| Untracked 
|  99|0x0000000086300000, 0x0000000086300000, 0x0000000086400000|  0%| F|  |TAMS 0x0000000086300000, 0x0000000086300000| Untracked 
| 100|0x0000000086400000, 0x0000000086400000, 0x0000000086500000|  0%| F|  |TAMS 0x0000000086400000, 0x0000000086400000| Untracked 
| 101|0x0000000086500000, 0x0000000086500000, 0x0000000086600000|  0%| F|  |TAMS 0x0000000086500000, 0x0000000086500000| Untracked 
| 102|0x0000000086600000, 0x0000000086600000, 0x0000000086700000|  0%| F|  |TAMS 0x0000000086600000, 0x0000000086600000| Untracked 
| 103|0x0000000086700000, 0x0000000086700000, 0x0000000086800000|  0%| F|  |TAMS 0x0000000086700000, 0x0000000086700000| Untracked 
| 104|0x0000000086800000, 0x0000000086800000, 0x0000000086900000|  0%| F|  |TAMS 0x0000000086800000, 0x0000000086800000| Untracked 
| 105|0x0000000086900000, 0x0000000086900000, 0x0000000086a00000|  0%| F|  |TAMS 0x0000000086900000, 0x0000000086900000| Untracked 
| 106|0x0000000086a00000, 0x0000000086aa8f40, 0x0000000086b00000| 65%| E|  |TAMS 0x0000000086a00000, 0x0000000086a00000| Complete 
| 107|0x0000000086b00000, 0x0000000086bb3e28, 0x0000000086c00000| 70%| S|CS|TAMS 0x0000000086b00000, 0x0000000086b00000| Complete 
| 108|0x0000000086c00000, 0x0000000086d00000, 0x0000000086d00000|100%| E|CS|TAMS 0x0000000086c00000, 0x0000000086c00000| Complete 
| 109|0x0000000086d00000, 0x0000000086e00000, 0x0000000086e00000|100%| E|CS|TAMS 0x0000000086d00000, 0x0000000086d00000| Complete 
| 110|0x0000000086e00000, 0x0000000086f00000, 0x0000000086f00000|100%| E|CS|TAMS 0x0000000086e00000, 0x0000000086e00000| Complete 
| 111|0x0000000086f00000, 0x0000000087000000, 0x0000000087000000|100%| E|CS|TAMS 0x0000000086f00000, 0x0000000086f00000| Complete 

Card table byte_map: [0x00000294f3d70000,0x00000294f4170000] _byte_map_base: 0x00000294f3970000

Marking Bits (Prev, Next): (CMBitMap*) 0x00000294eb231ea0, (CMBitMap*) 0x00000294eb231e68
 Prev Bits: [0x00000294f6570000, 0x00000294f8570000)
 Next Bits: [0x00000294f4570000, 0x00000294f6570000)

Polling page: 0x00000294e9050000

Metaspace:

Usage:
  Non-class:     74.29 MB capacity,    72.97 MB ( 98%) used,     1.06 MB (  1%) free+waste,   268.06 KB ( <1%) overhead. 
      Class:     11.71 MB capacity,    10.71 MB ( 92%) used,   890.83 KB (  7%) free+waste,   126.38 KB (  1%) overhead. 
       Both:     86.00 MB capacity,    83.69 MB ( 97%) used,     1.93 MB (  2%) free+waste,   394.44 KB ( <1%) overhead. 

Virtual space:
  Non-class space:       76.00 MB reserved,      74.33 MB ( 98%) committed 
      Class space:      504.00 MB reserved,      11.75 MB (  2%) committed 
             Both:      580.00 MB reserved,      86.08 MB ( 15%) committed 

Chunk freelists:
   Non-Class:  36.00 KB
       Class:  12.00 KB
        Both:  48.00 KB

MaxMetaspaceSize: 512.00 MB
CompressedClassSpaceSize: 504.00 MB
Initial GC threshold: 20.80 MB
Current GC threshold: 143.05 MB
CDS: off

CodeHeap 'non-profiled nmethods': size=120064Kb used=6459Kb max_used=6459Kb free=113604Kb
 bounds [0x0000029487ac0000, 0x0000029488110000, 0x000002948f000000]
CodeHeap 'profiled nmethods': size=120000Kb used=21574Kb max_used=21574Kb free=98425Kb
 bounds [0x0000029480590000, 0x0000029481ab0000, 0x0000029487ac0000]
CodeHeap 'non-nmethods': size=5696Kb used=2404Kb max_used=2433Kb free=3291Kb
 bounds [0x0000029480000000, 0x0000029480270000, 0x0000029480590000]
 total_blobs=10736 nmethods=9802 adapters=846
 compilation: enabled
              stopped_count=0, restarted_count=0
 full_count=0

Compilation events (20 events):
Event: 725.305 Thread 0x00000294fb265800 9885       3       java.security.CodeSource::<init> (52 bytes)
Event: 725.306 Thread 0x00000294fb265800 nmethod 9885 0x0000029481a94810 code [0x0000029481a94a00, 0x0000029481a94f78]
Event: 725.307 Thread 0x00000294fb265800 9886       3       jdk.internal.loader.URLClassPath$JarLoader$2::getInputStream (15 bytes)
Event: 725.307 Thread 0x00000294fb265800 nmethod 9886 0x0000029481a95090 code [0x0000029481a95240, 0x0000029481a95408]
Event: 725.310 Thread 0x00000294fb265800 9887       3       jdk.internal.loader.URLClassPath$JarLoader$2::getCodeSigners (8 bytes)
Event: 725.311 Thread 0x00000294fb265800 nmethod 9887 0x0000029481a95510 code [0x0000029481a956c0, 0x0000029481a95888]
Event: 725.311 Thread 0x00000294fb265800 9888   !   3       java.util.concurrent.ConcurrentHashMap::computeIfAbsent (576 bytes)
Event: 725.316 Thread 0x00000294fb265800 nmethod 9888 0x0000029481a95990 code [0x0000029481a95de0, 0x0000029481a98908]
Event: 725.325 Thread 0x00000294fb265800 9889   !   3       java.util.jar.JarFile$JarFileEntry::getCodeSigners (81 bytes)
Event: 725.326 Thread 0x00000294fb265800 nmethod 9889 0x0000029481a99a10 code [0x0000029481a99c20, 0x0000029481a9a1a8]
Event: 725.338 Thread 0x00000294fb265800 9890  s!   3       sun.net.www.protocol.file.Handler::openConnection (273 bytes)
Event: 725.345 Thread 0x00000294fb265800 nmethod 9890 0x0000029481a9a390 code [0x0000029481a9a940, 0x0000029481a9d328]
Event: 725.345 Thread 0x00000294fb265800 9891       3       sun.net.www.MessageHeader::grow (92 bytes)
Event: 725.346 Thread 0x00000294fb265800 nmethod 9891 0x0000029481a9e410 code [0x0000029481a9e600, 0x0000029481a9eb98]
Event: 725.368 Thread 0x00000294fb265800 9892   !   3       java.lang.ClassLoader::checkCerts (195 bytes)
Event: 725.372 Thread 0x00000294fb265800 nmethod 9892 0x0000029481a9ed10 code [0x0000029481a9f080, 0x0000029481aa06a8]
Event: 725.372 Thread 0x00000294fb265800 9893  s    3       java.util.jar.JarFile::getInputStream (72 bytes)
Event: 725.372 Thread 0x00000294fb265800 nmethod 9893 0x0000029481aa0e90 code [0x0000029481aa10c0, 0x0000029481aa16d8]
Event: 725.581 Thread 0x00000294fb265800 9894       1       net.rubygrapefruit.platform.internal.jni.NativeLogger$LogLevel::getLevel (5 bytes)
Event: 725.582 Thread 0x00000294fb265800 nmethod 9894 0x000002948810e790 code [0x000002948810e940, 0x000002948810e9f8]

GC Heap History (20 events):
Event: 707.327 GC heap before
{Heap before GC invocations=91 (full 0):
 garbage-first heap   total 95232K, used 72993K [0x0000000080000000, 0x0000000100000000)
  region size 1024K, 4 young (4096K), 2 survivors (2048K)
 Metaspace       used 81459K, capacity 83859K, committed 84048K, reserved 589824K
  class space    used 10459K, capacity 11469K, committed 11520K, reserved 516096K
}
Event: 707.343 GC heap after
{Heap after GC invocations=92 (full 0):
 garbage-first heap   total 95232K, used 69739K [0x0000000080000000, 0x0000000100000000)
  region size 1024K, 1 young (1024K), 1 survivors (1024K)
 Metaspace       used 81459K, capacity 83859K, committed 84048K, reserved 589824K
  class space    used 10459K, capacity 11469K, committed 11520K, reserved 516096K
}
Event: 713.673 GC heap before
{Heap before GC invocations=92 (full 0):
 garbage-first heap   total 95232K, used 78955K [0x0000000080000000, 0x0000000100000000)
  region size 1024K, 10 young (10240K), 1 survivors (1024K)
 Metaspace       used 82535K, capacity 84880K, committed 84944K, reserved 589824K
  class space    used 10591K, capacity 11590K, committed 11648K, reserved 516096K
}
Event: 713.678 GC heap after
{Heap after GC invocations=93 (full 0):
 garbage-first heap   total 95232K, used 70172K [0x0000000080000000, 0x0000000100000000)
  region size 1024K, 1 young (1024K), 1 survivors (1024K)
 Metaspace       used 82535K, capacity 84880K, committed 84944K, reserved 589824K
  class space    used 10591K, capacity 11590K, committed 11648K, reserved 516096K
}
Event: 715.702 GC heap before
{Heap before GC invocations=94 (full 0):
 garbage-first heap   total 95232K, used 80412K [0x0000000080000000, 0x0000000100000000)
  region size 1024K, 11 young (11264K), 1 survivors (1024K)
 Metaspace       used 84164K, capacity 86521K, committed 86608K, reserved 591872K
  class space    used 10747K, capacity 11753K, committed 11776K, reserved 516096K
}
Event: 715.710 GC heap after
{Heap after GC invocations=95 (full 0):
 garbage-first heap   total 95232K, used 70366K [0x0000000080000000, 0x0000000100000000)
  region size 1024K, 1 young (1024K), 1 survivors (1024K)
 Metaspace       used 84164K, capacity 86521K, committed 86608K, reserved 591872K
  class space    used 10747K, capacity 11753K, committed 11776K, reserved 516096K
}
Event: 716.167 GC heap before
{Heap before GC invocations=95 (full 0):
 garbage-first heap   total 95232K, used 73438K [0x0000000080000000, 0x0000000100000000)
  region size 1024K, 4 young (4096K), 1 survivors (1024K)
 Metaspace       used 84349K, capacity 86693K, committed 86992K, reserved 591872K
  class space    used 10769K, capacity 11787K, committed 11904K, reserved 516096K
}
Event: 716.193 GC heap after
{Heap after GC invocations=96 (full 0):
 garbage-first heap   total 95232K, used 70065K [0x0000000080000000, 0x0000000100000000)
  region size 1024K, 1 young (1024K), 1 survivors (1024K)
 Metaspace       used 84349K, capacity 86693K, committed 86992K, reserved 591872K
  class space    used 10769K, capacity 11787K, committed 11904K, reserved 516096K
}
Event: 720.672 GC heap before
{Heap before GC invocations=96 (full 0):
 garbage-first heap   total 95232K, used 78257K [0x0000000080000000, 0x0000000100000000)
  region size 1024K, 10 young (10240K), 1 survivors (1024K)
 Metaspace       used 85113K, capacity 87533K, committed 87888K, reserved 593920K
  class space    used 10874K, capacity 11921K, committed 12032K, reserved 516096K
}
Event: 720.683 GC heap after
{Heap after GC invocations=97 (full 0):
 garbage-first heap   total 95232K, used 71306K [0x0000000080000000, 0x0000000100000000)
  region size 1024K, 2 young (2048K), 2 survivors (2048K)
 Metaspace       used 85113K, capacity 87533K, committed 87888K, reserved 593920K
  class space    used 10874K, capacity 11921K, committed 12032K, reserved 516096K
}
Event: 721.943 GC heap before
{Heap before GC invocations=98 (full 0):
 garbage-first heap   total 95232K, used 72330K [0x0000000080000000, 0x0000000100000000)
  region size 1024K, 4 young (4096K), 2 survivors (2048K)
 Metaspace       used 85113K, capacity 87533K, committed 87888K, reserved 593920K
  class space    used 10874K, capacity 11921K, committed 12032K, reserved 516096K
}
Event: 721.952 GC heap after
{Heap after GC invocations=99 (full 0):
 garbage-first heap   total 95232K, used 72654K [0x0000000080000000, 0x0000000100000000)
  region size 1024K, 2 young (2048K), 2 survivors (2048K)
 Metaspace       used 85113K, capacity 87533K, committed 87888K, reserved 593920K
  class space    used 10874K, capacity 11921K, committed 12032K, reserved 516096K
}
Event: 722.572 GC heap before
{Heap before GC invocations=100 (full 0):
 garbage-first heap   total 95232K, used 79822K [0x0000000080000000, 0x0000000100000000)
  region size 1024K, 7 young (7168K), 2 survivors (2048K)
 Metaspace       used 85113K, capacity 87533K, committed 87888K, reserved 593920K
  class space    used 10874K, capacity 11921K, committed 12032K, reserved 516096K
}
Event: 722.704 GC heap after
{Heap after GC invocations=101 (full 0):
 garbage-first heap   total 95232K, used 75818K [0x0000000080000000, 0x0000000100000000)
  region size 1024K, 1 young (1024K), 1 survivors (1024K)
 Metaspace       used 85113K, capacity 87533K, committed 87888K, reserved 593920K
  class space    used 10874K, capacity 11921K, committed 12032K, reserved 516096K
}
Event: 722.801 GC heap before
{Heap before GC invocations=101 (full 0):
 garbage-first heap   total 95232K, used 81962K [0x0000000080000000, 0x0000000100000000)
  region size 1024K, 4 young (4096K), 1 survivors (1024K)
 Metaspace       used 85113K, capacity 87533K, committed 87888K, reserved 593920K
  class space    used 10874K, capacity 11921K, committed 12032K, reserved 516096K
}
Event: 722.810 GC heap after
{Heap after GC invocations=102 (full 0):
 garbage-first heap   total 95232K, used 79103K [0x0000000080000000, 0x0000000100000000)
  region size 1024K, 1 young (1024K), 1 survivors (1024K)
 Metaspace       used 85113K, capacity 87533K, committed 87888K, reserved 593920K
  class space    used 10874K, capacity 11921K, committed 12032K, reserved 516096K
}
Event: 723.069 GC heap before
{Heap before GC invocations=103 (full 0):
 garbage-first heap   total 95232K, used 83199K [0x0000000080000000, 0x0000000100000000)
  region size 1024K, 4 young (4096K), 1 survivors (1024K)
 Metaspace       used 85120K, capacity 87539K, committed 87888K, reserved 593920K
  class space    used 10875K, capacity 11922K, committed 12032K, reserved 516096K
}
Event: 723.075 GC heap after
{Heap after GC invocations=104 (full 0):
 garbage-first heap   total 114688K, used 80094K [0x0000000080000000, 0x0000000100000000)
  region size 1024K, 1 young (1024K), 1 survivors (1024K)
 Metaspace       used 85120K, capacity 87539K, committed 87888K, reserved 593920K
  class space    used 10875K, capacity 11922K, committed 12032K, reserved 516096K
}
Event: 723.974 GC heap before
{Heap before GC invocations=104 (full 0):
 garbage-first heap   total 114688K, used 84190K [0x0000000080000000, 0x0000000100000000)
  region size 1024K, 5 young (5120K), 1 survivors (1024K)
 Metaspace       used 85264K, capacity 87616K, committed 87888K, reserved 593920K
  class space    used 10898K, capacity 11924K, committed 12032K, reserved 516096K
}
Event: 723.982 GC heap after
{Heap after GC invocations=105 (full 0):
 garbage-first heap   total 114688K, used 80480K [0x0000000080000000, 0x0000000100000000)
  region size 1024K, 1 young (1024K), 1 survivors (1024K)
 Metaspace       used 85264K, capacity 87616K, committed 87888K, reserved 593920K
  class space    used 10898K, capacity 11924K, committed 12032K, reserved 516096K
}

Deoptimization events (20 events):
Event: 722.919 Thread 0x00000294fc82c000 DEOPT PACKING pc=0x00000294808d6a49 sp=0x000000df886f2d40
Event: 722.919 Thread 0x00000294fc82c000 DEOPT UNPACKING pc=0x000002948004a95e sp=0x000000df886f21b8 mode 0
Event: 722.920 Thread 0x00000294fc82c000 DEOPT PACKING pc=0x00000294808d6b91 sp=0x000000df886f2d40
Event: 722.920 Thread 0x00000294fc82c000 DEOPT UNPACKING pc=0x000002948004a95e sp=0x000000df886f21b8 mode 0
Event: 722.920 Thread 0x00000294fc82c000 DEOPT PACKING pc=0x00000294808d6a49 sp=0x000000df886f2d40
Event: 722.920 Thread 0x00000294fc82c000 DEOPT UNPACKING pc=0x000002948004a95e sp=0x000000df886f21b8 mode 0
Event: 722.921 Thread 0x00000294fc82c000 DEOPT PACKING pc=0x00000294808d6a49 sp=0x000000df886f2d40
Event: 722.921 Thread 0x00000294fc82c000 DEOPT UNPACKING pc=0x000002948004a95e sp=0x000000df886f21b8 mode 0
Event: 722.921 Thread 0x00000294fc82c000 DEOPT PACKING pc=0x00000294808d6a49 sp=0x000000df886f2d40
Event: 722.921 Thread 0x00000294fc82c000 DEOPT UNPACKING pc=0x000002948004a95e sp=0x000000df886f21b8 mode 0
Event: 723.055 Thread 0x00000294fc82c000 Uncommon trap: trap_request=0xffffffbe fr.pc=0x00000294880fa288 relative=0x00000000000007a8
Event: 723.055 Thread 0x00000294fc82c000 Uncommon trap: reason=profile_predicate action=maybe_recompile pc=0x00000294880fa288 method=java.math.BigInteger.montReduce([I[III)[I @ 9 c2
Event: 723.055 Thread 0x00000294fc82c000 DEOPT PACKING pc=0x00000294880fa288 sp=0x000000df886f2ac0
Event: 723.055 Thread 0x00000294fc82c000 DEOPT UNPACKING pc=0x000002948004a1af sp=0x000000df886f2ab0 mode 2
Event: 723.055 Thread 0x00000294fc82c000 Uncommon trap: trap_request=0xffffffbe fr.pc=0x00000294880fa288 relative=0x00000000000007a8
Event: 723.055 Thread 0x00000294fc82c000 Uncommon trap: reason=profile_predicate action=maybe_recompile pc=0x00000294880fa288 method=java.math.BigInteger.montReduce([I[III)[I @ 9 c2
Event: 723.055 Thread 0x00000294fc82c000 DEOPT PACKING pc=0x00000294880fa288 sp=0x000000df886f2ad0
Event: 723.055 Thread 0x00000294fc82c000 DEOPT UNPACKING pc=0x000002948004a1af sp=0x000000df886f2ac0 mode 2
Event: 723.418 Thread 0x00000294fc82c000 DEOPT PACKING pc=0x0000029481a66db4 sp=0x000000df886f2ac0
Event: 723.418 Thread 0x00000294fc82c000 DEOPT UNPACKING pc=0x000002948004a95e sp=0x000000df886f1f80 mode 0

Classes redefined (0 events):
No events

Internal exceptions (20 events):
Event: 703.484 Thread 0x00000294fc82c000 Exception <a 'java/security/PrivilegedActionException'{0x0000000085a4d9a0}> (0x0000000085a4d9a0) thrown at [./src/hotspot/share/prims/jvm.cpp, line 1306]
Event: 704.090 Thread 0x00000294fc82c000 Exception <a 'java/security/PrivilegedActionException'{0x000000008545cfb0}> (0x000000008545cfb0) thrown at [./src/hotspot/share/prims/jvm.cpp, line 1306]
Event: 704.091 Thread 0x00000294fc82c000 Exception <a 'java/security/PrivilegedActionException'{0x000000008545e518}> (0x000000008545e518) thrown at [./src/hotspot/share/prims/jvm.cpp, line 1306]
Event: 704.091 Thread 0x00000294fc82c000 Exception <a 'java/security/PrivilegedActionException'{0x0000000085461690}> (0x0000000085461690) thrown at [./src/hotspot/share/prims/jvm.cpp, line 1306]
Event: 704.092 Thread 0x00000294fc82c000 Exception <a 'java/security/PrivilegedActionException'{0x0000000085462bf8}> (0x0000000085462bf8) thrown at [./src/hotspot/share/prims/jvm.cpp, line 1306]
Event: 704.092 Thread 0x00000294fc82c000 Exception <a 'java/security/PrivilegedActionException'{0x0000000085465e28}> (0x0000000085465e28) thrown at [./src/hotspot/share/prims/jvm.cpp, line 1306]
Event: 704.092 Thread 0x00000294fc82c000 Exception <a 'java/security/PrivilegedActionException'{0x00000000854675e0}> (0x00000000854675e0) thrown at [./src/hotspot/share/prims/jvm.cpp, line 1306]
Event: 704.092 Thread 0x00000294fc82c000 Exception <a 'java/security/PrivilegedActionException'{0x000000008546a770}> (0x000000008546a770) thrown at [./src/hotspot/share/prims/jvm.cpp, line 1306]
Event: 704.092 Thread 0x00000294fc82c000 Exception <a 'java/security/PrivilegedActionException'{0x000000008546bcd8}> (0x000000008546bcd8) thrown at [./src/hotspot/share/prims/jvm.cpp, line 1306]
Event: 704.093 Thread 0x00000294fc82c000 Exception <a 'java/security/PrivilegedActionException'{0x000000008546eea8}> (0x000000008546eea8) thrown at [./src/hotspot/share/prims/jvm.cpp, line 1306]
Event: 704.093 Thread 0x00000294fc82c000 Exception <a 'java/security/PrivilegedActionException'{0x0000000085470410}> (0x0000000085470410) thrown at [./src/hotspot/share/prims/jvm.cpp, line 1306]
Event: 704.093 Thread 0x00000294fc82c000 Exception <a 'java/security/PrivilegedActionException'{0x0000000085473640}> (0x0000000085473640) thrown at [./src/hotspot/share/prims/jvm.cpp, line 1306]
Event: 704.093 Thread 0x00000294fc82c000 Exception <a 'java/security/PrivilegedActionException'{0x0000000085474e40}> (0x0000000085474e40) thrown at [./src/hotspot/share/prims/jvm.cpp, line 1306]
Event: 711.430 Thread 0x00000294fc82c000 Exception <a 'java/lang/NoSuchMethodError'{0x00000000855fe008}: 'java.lang.Object java.lang.invoke.DirectMethodHandle$Holder.invokeStatic(java.lang.Object, java.lang.Object, java.lang.Object, java.lang.Object, java.lang.Object, java.lang.Object, java.lang.Object, java.lang.Object, java.lang.Object, java.lang.Object, java.lang.Object, java.lang.Object, java.lang.Object, int)'> (0x00000000855fe008) thrown at [./src/hotspot/share/interpreter/linkResolver.cpp, line 773]
Event: 711.434 Thread 0x00000294fc82c000 Exception <a 'java/lang/NoSuchMethodError'{0x000000008540c1a8}: 'java.lang.Object java.lang.invoke.DirectMethodHandle$Holder.invokeStatic(java.lang.Object, java.lang.Object, java.lang.Object, java.lang.Object, java.lang.Object, java.lang.Object, java.lang.Object, java.lang.Object, java.lang.Object, java.lang.Object, java.lang.Object, java.lang.Object, java.lang.Object, int, int)'> (0x000000008540c1a8) thrown at [./src/hotspot/share/interpreter/linkResolver.cpp, line 773]
Event: 716.461 Thread 0x00000294fc82c000 Exception <a 'java/lang/NoSuchMethodError'{0x0000000085b151c8}: 'java.lang.Object java.lang.invoke.DirectMethodHandle$Holder.invokeSpecial(java.lang.Object, java.lang.Object, int, int, int, java.lang.Object, java.lang.Object, java.lang.Object, java.lang.Object)'> (0x0000000085b151c8) thrown at [./src/hotspot/share/interpreter/linkResolver.cpp, line 773]
Event: 716.461 Thread 0x00000294fc82c000 Exception <a 'java/lang/NoSuchMethodError'{0x0000000085b19c18}: 'java.lang.Object java.lang.invoke.DelegatingMethodHandle$Holder.reinvoke_L(java.lang.Object, int, int, int, java.lang.Object, java.lang.Object, java.lang.Object, java.lang.Object)'> (0x0000000085b19c18) thrown at [./src/hotspot/share/interpreter/linkResolver.cpp, line 773]
Event: 717.771 Thread 0x00000294fc82c000 Implicit null exception at 0x0000029487bb5a0b to 0x0000029487bb5ae8
Event: 719.042 Thread 0x00000294fc82c000 Implicit null exception at 0x0000029487c853ac to 0x0000029487c854da
Event: 723.943 Thread 0x00000294fc82c000 Exception <a 'sun/nio/fs/WindowsException'{0x0000000086cb17a8}> (0x0000000086cb17a8) thrown at [./src/hotspot/share/prims/jni.cpp, line 617]

Events (20 events):
Event: 725.591 loading class com/google/common/util/concurrent/AbstractFuture$UnsafeAtomicHelper
Event: 725.591 loading class com/google/common/util/concurrent/AbstractFuture$UnsafeAtomicHelper done
Event: 725.594 loading class com/google/common/util/concurrent/AbstractFuture$SafeAtomicHelper
Event: 725.594 loading class com/google/common/util/concurrent/AbstractFuture$SafeAtomicHelper done
Event: 725.594 loading class com/google/common/util/concurrent/AbstractFuture$SynchronizedHelper
Event: 725.594 loading class com/google/common/util/concurrent/AbstractFuture$SynchronizedHelper done
Event: 725.600 loading class com/google/common/util/concurrent/AbstractFuture$UnsafeAtomicHelper$1
Event: 725.600 loading class com/google/common/util/concurrent/AbstractFuture$UnsafeAtomicHelper$1 done
Event: 725.604 loading class com/google/common/util/concurrent/AbstractFuture$Listener
Event: 725.604 loading class com/google/common/util/concurrent/AbstractFuture$Listener done
Event: 725.605 loading class com/google/common/util/concurrent/AbstractFuture$Waiter
Event: 725.605 loading class com/google/common/util/concurrent/AbstractFuture$Waiter done
Event: 725.607 loading class com/google/common/base/Stopwatch
Event: 725.607 loading class com/google/common/base/Stopwatch done
Event: 725.610 loading class com/google/common/cache/LocalCache$StrongEntry
Event: 725.610 loading class com/google/common/cache/LocalCache$StrongEntry done
Event: 725.611 loading class com/google/common/cache/LocalCache$AbstractReferenceEntry
Event: 725.611 loading class com/google/common/cache/LocalCache$AbstractReferenceEntry done
Event: 725.625 loading class com/android/build/gradle/internal/dsl/DefaultConfig$AgpDecorated
Event: 725.625 loading class com/android/build/gradle/internal/dsl/DefaultConfig$AgpDecorated done


Dynamic libraries:
0x00007ff6d05c0000 - 0x00007ff6d05cd000 	C:\Program Files\Eclipse Adoptium\jdk-11.0.17.8-hotspot\bin\java.exe
0x00007ffe14f30000 - 0x00007ffe15128000 	C:\Windows\SYSTEM32\ntdll.dll
0x00007ffe14d50000 - 0x00007ffe14e0d000 	C:\Windows\System32\KERNEL32.DLL
0x00007ffe12830000 - 0x00007ffe12b26000 	C:\Windows\System32\KERNELBASE.dll
0x00007ffe12680000 - 0x00007ffe12780000 	C:\Windows\System32\ucrtbase.dll
0x00007ffe09210000 - 0x00007ffe09227000 	C:\Program Files\Eclipse Adoptium\jdk-11.0.17.8-hotspot\bin\jli.dll
0x00007ffe13dd0000 - 0x00007ffe13f6e000 	C:\Windows\System32\USER32.dll
0x00007ffe12ed0000 - 0x00007ffe12ef2000 	C:\Windows\System32\win32u.dll
0x00007ffe14260000 - 0x00007ffe1428c000 	C:\Windows\System32\GDI32.dll
0x00007ffe12b30000 - 0x00007ffe12c4a000 	C:\Windows\System32\gdi32full.dll
0x00007ffe12e30000 - 0x00007ffe12ecd000 	C:\Windows\System32\msvcp_win.dll
0x00007ffe09150000 - 0x00007ffe09165000 	C:\Program Files\Eclipse Adoptium\jdk-11.0.17.8-hotspot\bin\VCRUNTIME140.dll
0x00007ffdfd5e0000 - 0x00007ffdfd87a000 	C:\Windows\WinSxS\amd64_microsoft.windows.common-controls_6595b64144ccf1df_6.0.19041.3636_none_60b6a03d71f818d5\COMCTL32.dll
0x00007ffe142b0000 - 0x00007ffe1434e000 	C:\Windows\System32\msvcrt.dll
0x00007ffe13650000 - 0x00007ffe13680000 	C:\Windows\System32\IMM32.DLL
0x00007ffde63c0000 - 0x00007ffde645b000 	C:\Program Files\Eclipse Adoptium\jdk-11.0.17.8-hotspot\bin\msvcp140.dll
0x00007ffdc6960000 - 0x00007ffdc74e2000 	C:\Program Files\Eclipse Adoptium\jdk-11.0.17.8-hotspot\bin\server\jvm.dll
0x00007ffe14510000 - 0x00007ffe145bf000 	C:\Windows\System32\ADVAPI32.dll
0x00007ffe145c0000 - 0x00007ffe1465c000 	C:\Windows\System32\sechost.dll
0x00007ffe13040000 - 0x00007ffe13166000 	C:\Windows\System32\RPCRT4.dll
0x00007ffe14290000 - 0x00007ffe14298000 	C:\Windows\System32\PSAPI.DLL
0x00007ffdf2150000 - 0x00007ffdf2159000 	C:\Windows\SYSTEM32\WSOCK32.dll
0x00007ffe14440000 - 0x00007ffe144ab000 	C:\Windows\System32\WS2_32.dll
0x00007ffdf4d40000 - 0x00007ffdf4d67000 	C:\Windows\SYSTEM32\WINMM.dll
0x00007ffe06bd0000 - 0x00007ffe06bda000 	C:\Windows\SYSTEM32\VERSION.dll
0x00007ffe10e60000 - 0x00007ffe10e72000 	C:\Windows\SYSTEM32\kernel.appcore.dll
0x00007ffe0a760000 - 0x00007ffe0a770000 	C:\Program Files\Eclipse Adoptium\jdk-11.0.17.8-hotspot\bin\verify.dll
0x00007ffe0d380000 - 0x00007ffe0d564000 	C:\Windows\SYSTEM32\DBGHELP.DLL
0x00007ffdf4c40000 - 0x00007ffdf4c74000 	C:\Windows\SYSTEM32\dbgcore.DLL
0x00007ffe12f00000 - 0x00007ffe12f82000 	C:\Windows\System32\bcryptPrimitives.dll
0x00007ffdffe70000 - 0x00007ffdffe98000 	C:\Program Files\Eclipse Adoptium\jdk-11.0.17.8-hotspot\bin\java.dll
0x00007ffe0a650000 - 0x00007ffe0a65a000 	C:\Program Files\Eclipse Adoptium\jdk-11.0.17.8-hotspot\bin\jimage.dll
0x00007ffe09130000 - 0x00007ffe09148000 	C:\Program Files\Eclipse Adoptium\jdk-11.0.17.8-hotspot\bin\zip.dll
0x00007ffe13680000 - 0x00007ffe13dc4000 	C:\Windows\System32\SHELL32.dll
0x00007ffe0d570000 - 0x00007ffe0dd0b000 	C:\Windows\SYSTEM32\windows.storage.dll
0x00007ffe14660000 - 0x00007ffe149b4000 	C:\Windows\System32\combase.dll
0x00007ffe11fe0000 - 0x00007ffe1200d000 	C:\Windows\SYSTEM32\Wldp.dll
0x00007ffe13f70000 - 0x00007ffe1401d000 	C:\Windows\System32\SHCORE.dll
0x00007ffe14ae0000 - 0x00007ffe14b35000 	C:\Windows\System32\shlwapi.dll
0x00007ffe12540000 - 0x00007ffe12565000 	C:\Windows\SYSTEM32\profapi.dll
0x00007ffe08660000 - 0x00007ffe08679000 	C:\Program Files\Eclipse Adoptium\jdk-11.0.17.8-hotspot\bin\net.dll
0x00007ffdfda00000 - 0x00007ffdfdb0a000 	C:\Windows\SYSTEM32\WINHTTP.dll
0x00007ffe11d40000 - 0x00007ffe11daa000 	C:\Windows\system32\mswsock.dll
0x00007ffe08600000 - 0x00007ffe08613000 	C:\Program Files\Eclipse Adoptium\jdk-11.0.17.8-hotspot\bin\nio.dll
0x00007ffde6390000 - 0x00007ffde63b7000 	C:\Users\Ayesha\.gradle\native\68d5fa5c4cc2d200863cafc0d521ce42e7d3e7ee720ec0a83991735586a16f82\windows-amd64\native-platform.dll
0x00007ffde6530000 - 0x00007ffde6674000 	C:\Users\Ayesha\.gradle\native\e376f236ea51e6404a007f0833ffe2c6e607c4080706a723a18a27aeea778392\windows-amd64\native-platform-file-events.dll
0x00007ffe016a0000 - 0x00007ffe016a9000 	C:\Program Files\Eclipse Adoptium\jdk-11.0.17.8-hotspot\bin\management.dll
0x00007ffe00a70000 - 0x00007ffe00a7b000 	C:\Program Files\Eclipse Adoptium\jdk-11.0.17.8-hotspot\bin\management_ext.dll
0x00007ffe11f30000 - 0x00007ffe11f48000 	C:\Windows\SYSTEM32\CRYPTSP.dll
0x00007ffe11670000 - 0x00007ffe116a4000 	C:\Windows\system32\rsaenh.dll
0x00007ffe12e00000 - 0x00007ffe12e27000 	C:\Windows\System32\bcrypt.dll
0x00007ffe124c0000 - 0x00007ffe124ee000 	C:\Windows\SYSTEM32\USERENV.dll
0x00007ffe11f50000 - 0x00007ffe11f5c000 	C:\Windows\SYSTEM32\CRYPTBASE.dll
0x00007ffe11a30000 - 0x00007ffe11a6b000 	C:\Windows\SYSTEM32\IPHLPAPI.DLL
0x00007ffe13640000 - 0x00007ffe13648000 	C:\Windows\System32\NSI.dll
0x00007ffdfe2e0000 - 0x00007ffdfe2f7000 	C:\Windows\SYSTEM32\dhcpcsvc6.DLL
0x00007ffdfee20000 - 0x00007ffdfee3d000 	C:\Windows\SYSTEM32\dhcpcsvc.DLL
0x00007ffe11a70000 - 0x00007ffe11b3a000 	C:\Windows\SYSTEM32\DNSAPI.dll
0x00007ffe0c620000 - 0x00007ffe0c62e000 	C:\Program Files\Eclipse Adoptium\jdk-11.0.17.8-hotspot\bin\sunmscapi.dll
0x00007ffe12ca0000 - 0x00007ffe12dfd000 	C:\Windows\System32\CRYPT32.dll
0x00007ffe12050000 - 0x00007ffe12077000 	C:\Windows\SYSTEM32\ncrypt.dll
0x00007ffe12010000 - 0x00007ffe1204b000 	C:\Windows\SYSTEM32\NTASN1.dll
0x00007ffe08eb0000 - 0x00007ffe08ed5000 	C:\Program Files\Eclipse Adoptium\jdk-11.0.17.8-hotspot\bin\sunec.dll
0x000000005c8a0000 - 0x000000005c8c6000 	C:\Program Files\Bonjour\mdnsNSP.dll
0x00007ffdfb740000 - 0x00007ffdfb74a000 	C:\Windows\System32\rasadhlp.dll
0x00007ffdfc4a0000 - 0x00007ffdfc520000 	C:\Windows\System32\fwpuclnt.dll

dbghelp: loaded successfully - version: 4.0.5 - missing functions: none
symbol engine: initialized successfully - sym options: 0x614 - pdb path: .;C:\Program Files\Eclipse Adoptium\jdk-11.0.17.8-hotspot\bin;C:\Windows\SYSTEM32;C:\Windows\WinSxS\amd64_microsoft.windows.common-controls_6595b64144ccf1df_6.0.19041.3636_none_60b6a03d71f818d5;C:\Program Files\Eclipse Adoptium\jdk-11.0.17.8-hotspot\bin\server;C:\Users\Ayesha\.gradle\native\68d5fa5c4cc2d200863cafc0d521ce42e7d3e7ee720ec0a83991735586a16f82\windows-amd64;C:\Users\Ayesha\.gradle\native\e376f236ea51e6404a007f0833ffe2c6e607c4080706a723a18a27aeea778392\windows-amd64;C:\Program Files\Bonjour

VM Arguments:
jvm_args: -XX:MaxMetaspaceSize=512m --add-opens=java.base/java.util=ALL-UNNAMED --add-opens=java.base/java.lang=ALL-UNNAMED --add-opens=java.base/java.lang.invoke=ALL-UNNAMED --add-opens=java.prefs/java.util.prefs=ALL-UNNAMED --add-opens=java.base/java.nio.charset=ALL-UNNAMED --add-opens=java.base/java.net=ALL-UNNAMED --add-opens=java.base/java.util.concurrent.atomic=ALL-UNNAMED -Xmx2048m -Dfile.encoding=windows-1252 -Duser.country=US -Duser.language=en -Duser.variant 
java_command: org.gradle.launcher.daemon.bootstrap.GradleDaemon 8.0.1
java_class_path (initial): C:\Users\Ayesha\.gradle\wrapper\dists\gradle-8.0.1-all\aro4hu1c3oeioove7l0i4i14o\gradle-8.0.1\lib\gradle-launcher-8.0.1.jar
Launcher Type: SUN_STANDARD

[Global flags]
     intx CICompilerCount                          = 3                                         {product} {ergonomic}
   size_t CompressedClassSpaceSize                 = 528482304                                 {product} {ergonomic}
     uint ConcGCThreads                            = 1                                         {product} {ergonomic}
     uint G1ConcRefinementThreads                  = 4                                         {product} {ergonomic}
   size_t G1HeapRegionSize                         = 1048576                                   {product} {ergonomic}
    uintx GCDrainStackTargetSize                   = 64                                        {product} {ergonomic}
   size_t InitialHeapSize                          = 67108864                                  {product} {ergonomic}
   size_t MarkStackSize                            = 4194304                                   {product} {ergonomic}
   size_t MaxHeapSize                              = 2147483648                                {product} {command line}
   size_t MaxMetaspaceSize                         = 536870912                                 {product} {command line}
   size_t MaxNewSize                               = 1287651328                                {product} {ergonomic}
   size_t MinHeapDeltaBytes                        = 1048576                                   {product} {ergonomic}
    uintx NonNMethodCodeHeapSize                   = 5830732                                {pd product} {ergonomic}
    uintx NonProfiledCodeHeapSize                  = 122913754                              {pd product} {ergonomic}
    uintx ProfiledCodeHeapSize                     = 122913754                              {pd product} {ergonomic}
    uintx ReservedCodeCacheSize                    = 251658240                              {pd product} {ergonomic}
     bool SegmentedCodeCache                       = true                                      {product} {ergonomic}
     bool UseCompressedClassPointers               = true                                 {lp64_product} {ergonomic}
     bool UseCompressedOops                        = true                                 {lp64_product} {ergonomic}
     bool UseG1GC                                  = true                                      {product} {ergonomic}
     bool UseLargePagesIndividualAllocation        = false                                  {pd product} {ergonomic}

Logging:
Log output configuration:
 #0: stdout all=warning uptime,level,tags
 #1: stderr all=off uptime,level,tags

Environment Variables:
CLASSPATH=E:\Workspace\NewFolder\ForEachPartner\android\\gradle\wrapper\gradle-wrapper.jar
PATH=E:\Workspace\NewFolder\ForEachPartner\node_modules\.bin;E:\Workspace\NewFolder\ForEachPartner\node_modules\.bin;E:\Workspace\NewFolder\node_modules\.bin;E:\Workspace\node_modules\.bin;E:\node_modules\.bin;C:\Users\Ayesha\AppData\Roaming\npm\node_modules\npm\node_modules\@npmcli\run-script\lib\node-gyp-bin;E:\Workspace\NewFolder\ForEachPartner\node_modules\.bin;E:\Workspace\NewFolder\ForEachPartner\node_modules\.bin;E:\Workspace\NewFolder\node_modules\.bin;E:\Workspace\node_modules\.bin;E:\node_modules\.bin;C:\Users\Ayesha\AppData\Roaming\npm\node_modules\npm\node_modules\@npmcli\run-script\lib\node-gyp-bin;C:\Program Files\Eclipse Adoptium\jdk-11.0.17.8-hotspot\bin;C:\Windows\system32;C:\Windows;C:\Windows\System32\Wbem;C:\Windows\System32\WindowsPowerShell\v1.0\;C:\Windows\System32\OpenSSH\;C:\ProgramData\chocolatey\bin;C:\Program Files\nodejs\;C:\Program Files\Git\cmd;C:\Users\Ayesha\AppData\Local\Microsoft\WindowsApps;C:\Users\Ayesha\AppData\Roaming\npm;C:\Users\Ayesha\AppData\Local\Android\Sdk\platform-tools;C:\Users\Ayesha\AppData\Local\GitHubDesktop\bin;C:\Users\Ayesha\AppData\Local\Programs\Microsoft VS Code\bin
USERNAME=Ayesha
LANG=en_US.UTF-8
OS=Windows_NT
PROCESSOR_IDENTIFIER=Intel64 Family 6 Model 78 Stepping 3, GenuineIntel
TMP=C:\Users\Ayesha\AppData\Local\Temp
TEMP=C:\Users\Ayesha\AppData\Local\Temp



---------------  S Y S T E M  ---------------

OS: Windows 10 , 64 bit Build 19041 (10.0.19041.3636)
OS uptime: 6 days 7:46 hours

CPU:total 4 (initial active 4) (2 cores per cpu, 2 threads per core) family 6 model 78 stepping 3 microcode 0xf0, cmov, cx8, fxsr, mmx, sse, sse2, sse3, ssse3, sse4.1, sse4.2, popcnt, avx, avx2, aes, clmul, erms, 3dnowpref, lzcnt, ht, tsc, tscinvbit, bmi1, bmi2, adx, fma

Memory: 4k page, system-wide physical 3976M (44M free)
TotalPageFile size 16264M (AvailPageFile size 5M)
current process WorkingSet (physical memory assigned to process): 197M, peak: 206M
current process commit charge ("private bytes"): 362M, peak: 364M

vm_info: OpenJDK 64-Bit Server VM (11.0.17+8) for windows-amd64 JRE (11.0.17+8), built on Oct 19 2022 00:04:05 by "" with MS VC++ 15.9 (VS2017)

END.
